9280: 16:29:07.434 - ---
9280: 16:29:07.434 - Service: "Photon Socket Server" starting
9280: 16:29:07.434 - Config File: E:\GithubRepositories\OESTS\projects-master\Photon-OnPremise-Server-SDK_v4-0-29-11263\deploy\bin_Win64\PhotonServer.config
9280: 16:29:07.523 - Will produce at most: 10 crash dumps
9280: 16:29:07.523 - Action: run as exe
9280: 16:29:07.523 - Server Starting...
9280: 16:29:07.524 -    Tick count: 13830955 (wraps in: 49.5502 days)
9280: 16:29:07.524 - Tick count 64: 13830955
9280: 16:29:07.524 - Photon Version: 4.0.28.2962
9280: 16:29:07.524 - PID: 8440
9280: 16:29:07.524 - Config File: E:\GithubRepositories\OESTS\projects-master\Photon-OnPremise-Server-SDK_v4-0-29-11263\deploy\bin_Win64\PhotonServer.config
9280: 16:29:07.524 - Will NOT log unimportant exceptions
9280: 16:29:07.526 - Not using performance counters as they are not currently installed. Run the service with /InstallCounters to install them.
9280: 16:29:07.526 - Shutdown timeout enabled: 30000ms
9280: 16:29:07.526 - Starting I/O thread pool with 2 threads
9280: 16:29:07.527 - Using Standard allocator
9280: 16:29:07.527 - Max message size: 512000
9280: 16:29:07.527 - Starting business logic thread pool with the following settings
9280: 16:29:07.527 - InitialThreads: 4 threads
9280: 16:29:07.527 - MinThreads: 4 threads
9280: 16:29:07.527 - Thread pool is fixed size
9280: 16:29:07.527 - Starting ENet thread pool with the following settings
9280: 16:29:07.527 - InitialThreads: 2 threads
9280: 16:29:07.527 - MinThreads: 2 threads
9280: 16:29:07.527 - Thread pool is fixed size
9280: 16:29:07.527 - OnlyDispatchTimers: False
9280: 16:29:07.527 - S2S: flow control: Max pending writes: 50
9280: 16:29:07.527 - S2S: flow control: Max queued buffers: 200
9280: 16:29:07.527 - S2S: flow control: Max pending writes MUX: 500
9280: 16:29:07.527 - S2S: flow control: Max queued buffers MUX: 2000
9280: 16:29:07.527 - S2S: MaxInboundMessageSize: 512000
9280: 16:29:07.527 - S2S: MaxOutboundMessageSize: 512000
9280: 16:29:07.527 - S2S: No inactivity timeout
9280: 16:29:07.549 - WebSocket S2S: MaxInboundMessageSize: 512000
9280: 16:29:07.550 - WebSocket S2S: MaxOutboundMessageSize: 512000
9280: 16:29:07.550 - WebSocket S2S: No inactivity timeout
9280: 16:29:07.550 - Max Reliable Data In Transit (awaiting ACKs) per peer : 51200 bytes
9280: 16:29:07.550 - Per peer bandwidth limit
9280: 16:29:07.550 - Transmit Rate Limit: 256 KB/Sec
9280: 16:29:07.550 - Limit period: 200ms
9280: 16:29:07.550 - Limit per period: 52428 bytes
9280: 16:29:07.550 - Max queued data for transmission per peer: 512000 bytes
9280: 16:29:07.550 - Minimum retransmit timeout: 200
9280: 16:29:07.550 - No Maximum retransmit timeout
9280: 16:29:07.550 - Minimum ENet timeout: 5000ms
9280: 16:29:07.550 - Maximum ENet timeout: 30000ms
9280: 16:29:07.550 - Max Inbound Reliable Data Queued (awaiting resends of earlier sequence numbers) per peer : 163840 bytes
9280: 16:29:07.550 - No RTT ACK adjustment timeout
9280: 16:29:07.550 - Outbound ENet: MaxInboundMessageSize: 512000
9280: 16:29:07.550 - Outbound ENet: MaxOutboundMessageSize: 512000
9280: 16:29:07.758 - GetRuntime - About to load CLR - versions available:
9280: 16:29:07.758 - v2.0.50727
9280: 16:29:07.758 - v4.0.30319
9280: 16:29:07.758 - Configuration requests: "v2.0.50727"
9280: 16:29:07.758 - About to load version: "v2.0.50727"
9280: 16:29:08.626 - About to load runtime: PhotonHostRuntime.PhotonDomainManager from PhotonHostRuntime, Culture=neutral, PublicKeyToken=02C301B61B060C4D
9280: 16:29:08.627 - CLRBaseDirectory set to "E:\GithubRepositories\OESTS\projects-master\Photon-OnPremise-Server-SDK_v4-0-29-11263\deploy"
9280: 16:29:08.627 - Optimising event broadcast for 20 or more peers
9280: 16:29:08.627 - Start: About to load CLR - versions available:
9280: 16:29:08.627 - v2.0.50727
9280: 16:29:08.627 - v4.0.30319
9280: 16:29:08.627 - No preference in configuration file, will load latest.
9280: 16:29:08.627 - About to load version: "v4.0.30319"
9280: 16:29:08.628 - Loaded version: "v4.0.30319"
9280: 16:29:10.031 - Photon host runtime loaded
9280: 16:29:15.223 - License is valid.
9280: 16:29:15.223 - Licensed for 100 concurrent connections.
9280: 16:29:15.224 - ENet: Max Reliable Data In Transit (awaiting ACKs) per peer : 51200 bytes
9280: 16:29:15.224 - ENet: Per peer bandwidth limit
9280: 16:29:15.224 - ENet: Transmit Rate Limit: 256 KB/Sec
9280: 16:29:15.224 - ENet: Limit period: 200ms
9280: 16:29:15.224 - ENet: Limit per period: 52428 bytes
9280: 16:29:15.224 - ENet: Max queued data for transmission per peer: 512000 bytes
9280: 16:29:15.224 - ENet: Minimum retransmit timeout: 200
9280: 16:29:15.224 - No Maximum retransmit timeout
9280: 16:29:15.224 - ENet: Minimum timeout: 5000ms
9280: 16:29:15.224 - ENet: Maximum timeout: 30000ms
9280: 16:29:15.224 - ENet: Max Inbound Reliable Data Queued (awaiting resends of earlier sequence numbers) per peer : 163840 bytes
9280: 16:29:15.224 - No RTT ACK adjustment timeout
9280: 16:29:15.224 - About to load application: MyServer from MyServer
9280: 16:29:15.224 - Auto restart is enabled for application, existing connections will be terminated during restart
9280: 16:29:15.224 - Application will restart 1000ms after the last change detected
9280: 16:29:15.224 - Application will restart if files matching the following are changed: "dll;config"
9280: 16:29:15.224 - Application will NOT restart if files matching the following are changed: "log4net.config"
9280: 16:29:16.201 - Taking reference on default app domain
9280: 16:29:16.699 - Application: "MyServer" started in app domain: 2
9280: 16:29:16.699 - About to load application: Master from Photon.LoadBalancing
9280: 16:29:16.699 - Auto restart is enabled for application, existing connections will be terminated during restart
9280: 16:29:16.699 - Application will restart 1000ms after the last change detected
9280: 16:29:16.699 - Application will restart if files matching the following are changed: "dll;config"
9280: 16:29:16.699 - Application will NOT restart if files matching the following are changed: "log4net.config"
9280: 16:29:16.940 - Taking reference on default app domain
9280: 16:29:17.210 - Application: "Master" started in app domain: 3
9280: 16:29:17.210 - About to load application: Game from Photon.LoadBalancing
9280: 16:29:17.210 - Auto restart is enabled for application, existing connections will be terminated during restart
9280: 16:29:17.210 - Application will restart 1000ms after the last change detected
9280: 16:29:17.210 - Application will restart if files matching the following are changed: "dll;config"
9280: 16:29:17.210 - Application will NOT restart if files matching the following are changed: "log4net.config"
9280: 16:29:17.417 - Taking reference on default app domain
9280: 16:29:17.880 - Application: "Game" started in app domain: 4
9280: 16:29:17.880 - About to load application: CounterPublisher from CounterPublisher
9280: 16:29:17.880 - Auto restart is enabled for application, existing connections will be terminated during restart
9280: 16:29:17.880 - Application will restart 1000ms after the last change detected
9280: 16:29:17.880 - Application will restart if files matching the following are changed: "dll;config"
9280: 16:29:17.880 - Application will NOT restart if files matching the following are changed: "log4net.config"
9280: 16:29:18.056 - Taking reference on default app domain
9280: 16:29:18.236 - Application: "CounterPublisher" started in app domain: 5
9280: 16:29:18.236 - Adding TCP listener on: 0.0.0.0: 4530 with a listen backlog of: 150
9280: 16:29:18.236 - TCP inactivity timeout: 10000ms
9280: 16:29:18.236 - TCP disconnect timeout: 120000ms
9280: 16:29:18.236 - MaxInboundMessageSize: 512000
9280: 16:29:18.236 - MaxOutboundMessageSize: 512000
9280: 16:29:18.236 - Forcing all applications ids to: "Master"
9280: 16:29:18.236 - Serving policy file requests from: "E:\GithubRepositories\OESTS\projects-master\Photon-OnPremise-Server-SDK_v4-0-29-11263\deploy\Policy\assets\socket-policy.xml"
9280: 16:29:18.236 - Adding TCP listener on: 0.0.0.0: 4531 with a listen backlog of: 150
9280: 16:29:18.236 - TCP inactivity timeout: 10000ms
9280: 16:29:18.236 - TCP disconnect timeout: 120000ms
9280: 16:29:18.236 - MaxInboundMessageSize: 512000
9280: 16:29:18.236 - MaxOutboundMessageSize: 512000
9280: 16:29:18.236 - Forcing all applications ids to: "Game"
9280: 16:29:18.237 - Serving policy file requests from: "E:\GithubRepositories\OESTS\projects-master\Photon-OnPremise-Server-SDK_v4-0-29-11263\deploy\Policy\assets\socket-policy.xml"
9280: 16:29:18.237 - Adding TCP listener on: 0.0.0.0: 4520 with a listen backlog of: 150
9280: 16:29:18.237 - TCP inactivity timeout: 5000ms
9280: 16:29:18.237 - TCP disconnect timeout: 120000ms
9280: 16:29:18.237 - MaxInboundMessageSize: 512000
9280: 16:29:18.237 - MaxOutboundMessageSize: 512000
9280: 16:29:18.237 - Forcing all applications ids to: "Master"
9280: 16:29:18.237 - MaxInboundMessageSize: 512000
9280: 16:29:18.237 - MaxOutboundMessageSize: 512000
9280: 16:29:18.237 - UDP address specified as: "0.0.0.0" adding listener to each available IPv4 address
9280: 16:29:18.238 - Adding UDP listener on: 192.168.1.100: 5055 with a listen backlog of: 500
9280: 16:29:18.238 - Adding UDP listener on: 127.0.0.1: 5055 with a listen backlog of: 500
9280: 16:29:18.238 - Forcing all applications ids to: "Game"
9280: 16:29:18.238 - MaxInboundMessageSize: 512000
9280: 16:29:18.238 - MaxOutboundMessageSize: 512000
9280: 16:29:18.238 - UDP address specified as: "0.0.0.0" adding listener to each available IPv4 address
9280: 16:29:18.239 - Adding UDP listener on: 192.168.1.100: 5056 with a listen backlog of: 500
9280: 16:29:18.239 - Adding UDP listener on: 127.0.0.1: 5056 with a listen backlog of: 500
9280: 16:29:18.239 - Adding WebSocket TCP listener on: 0.0.0.0: 9090 with a listen backlog of: 150
9280: 16:29:18.239 - Nagle disabled
9280: 16:29:18.239 - TCP inactivity timeout: 10000ms
9280: 16:29:18.239 - MaxInboundMessageSize: 512000
9280: 16:29:18.239 - MaxOutboundMessageSize: 512000
9280: 16:29:18.239 - Forcing all applications ids to: "Master"
9280: 16:29:18.239 - Will accept ANY sub-protocols from the client
9280: 16:29:18.239 - No automatic WebSocket ping
9280: 16:29:18.239 - Adding WebSocket TCP listener on: 0.0.0.0: 9091 with a listen backlog of: 150
9280: 16:29:18.239 - Nagle disabled
9280: 16:29:18.239 - TCP inactivity timeout: 10000ms
9280: 16:29:18.239 - MaxInboundMessageSize: 512000
9280: 16:29:18.239 - MaxOutboundMessageSize: 512000
9280: 16:29:18.239 - Forcing all applications ids to: "Game"
9280: 16:29:18.239 - Will accept ANY sub-protocols from the client
9280: 16:29:18.239 - No automatic WebSocket ping
9280: 16:29:18.239 - Adding Policy File listener on: 0.0.0.0: 843 with a listen backlog of: 150 and serving Policy File: "E:\GithubRepositories\OESTS\projects-master\Photon-OnPremise-Server-SDK_v4-0-29-11263\deploy\Policy\assets\socket-policy.xml"
9280: 16:29:18.239 - TCP inactivity timeout: 1000ms
9280: 16:29:18.240 - Adding Policy File listener on: 0.0.0.0: 943 with a listen backlog of: 150 and serving Policy File: "E:\GithubRepositories\OESTS\projects-master\Photon-OnPremise-Server-SDK_v4-0-29-11263\deploy\Policy\assets\socket-policy-silverlight.xml"
9280: 16:29:18.240 - TCP inactivity timeout: 1000ms
9280: 16:29:18.280 - Service is running...
9280: 17:57:39.086 - Service is stopped...
9280: 17:57:39.086 - Server shutting down...
9280: 17:57:39.086 - Shutdown monitoring enabled, 30000ms before process abort
9280: 17:57:39.086 - Notifying CLR applications of shutdown...
9280: 17:57:39.108 - RequestApplicationStop: 5
9280: 17:57:39.736 - RequestApplicationStop: 4
9280: 17:57:40.401 - RequestApplicationStop: 3
9280: 17:57:40.459 - RequestApplicationStop: 2
9280: 17:57:40.732 - RequestStop: defalt app domain
9280: 17:57:40.794 - Shutting down WebSocket Outbound Connection Manager...
9280: 17:57:40.794 - Shutting down TCP Outbound Connection Manager...
9280: 17:57:40.795 - Shutting down ENet Outbound Connection Manager...
9280: 17:57:40.795 - Disconnecting all outbound peers...
9280: 17:57:40.795 - Shutting down ENet host...
9280: 17:57:40.795 - Disconnecting all peers...
9280: 17:57:40.795 - Shutting down socket servers...
9280: 17:57:40.795 - Shutting down ENet thread pool...
9280: 17:57:40.843 - Shutting down TCP inactivity timers...
9280: 17:57:40.906 - WaitingForShutdownToComplete: NativePolicy:0.0.0.0:843
9280: 17:57:40.906 - OnShutdownCompleted: NativePolicy:0.0.0.0:843
9280: 17:57:40.906 - WaitingForShutdownToComplete: NativePolicy:0.0.0.0:943
9280: 17:57:40.906 - OnShutdownCompleted: NativePolicy:0.0.0.0:943
9280: 17:57:40.906 - WaitingForShutdownToComplete: TCP:0.0.0.0:4520
9280: 17:57:40.906 - OnShutdownCompleted: TCP:0.0.0.0:4520
9280: 17:57:40.906 - WaitingForShutdownToComplete: TCP:0.0.0.0:4530
9280: 17:57:40.906 - OnShutdownCompleted: TCP:0.0.0.0:4530
9280: 17:57:40.906 - WaitingForShutdownToComplete: TCP:0.0.0.0:4531
9280: 17:57:40.906 - OnShutdownCompleted: TCP:0.0.0.0:4531
9280: 17:57:40.906 - WaitingForShutdownToComplete: UDP:127.0.0.1:5055
9280: 17:57:40.906 - OnShutdownCompleted: UDP:127.0.0.1:5055
9280: 17:57:40.924 - WaitingForShutdownToComplete: UDP:127.0.0.1:5056
9280: 17:57:40.924 - OnShutdownCompleted: UDP:127.0.0.1:5056
9280: 17:57:40.924 - WaitingForShutdownToComplete: UDP:192.168.1.100:5055
9280: 17:57:40.924 - OnShutdownCompleted: UDP:192.168.1.100:5055
9280: 17:57:40.924 - WaitingForShutdownToComplete: UDP:192.168.1.100:5056
9280: 17:57:40.924 - OnShutdownCompleted: UDP:192.168.1.100:5056
9280: 17:57:40.924 - WaitingForShutdownToComplete: WebSocket:0.0.0.0:9090
9280: 17:57:40.924 - OnShutdownCompleted: WebSocket:0.0.0.0:9090
9280: 17:57:40.924 - WaitingForShutdownToComplete: WebSocket:0.0.0.0:9091
9280: 17:57:40.924 - OnShutdownCompleted: WebSocket:0.0.0.0:9091
9280: 17:57:40.924 - Shutting down CLR applications...
10452: 17:57:41.039 - CManagedHost::OnDefaultAction() - OPR_AppDomainUnload - eUnloadAppDomain
9280: 17:57:41.208 - Shutting down business logic thread pool...
9280: 17:57:41.241 - Shutting down I/O thread pool...
7432: 17:57:41.253 - Unloading Domain: ApplicationName = 'CounterPublisher', DomainId='5'
9280: 17:57:41.256 - Destroying servers
10452: 17:57:41.274 - CManagedHost::OnDomainUnload() - 5
9280: 17:57:41.284 - Destroying WebSocket Outbound Connection Manager
9280: 17:57:41.284 - Destroying TCP Outbound Connection Manager
9280: 17:57:41.284 - Destroying TCP inactivity timer
9280: 17:57:41.284 - Destroying ENet timer wheel
9280: 17:57:41.284 - Destroying ENet host
9280: 17:57:41.284 - Destroying ENet outbound host
9280: 17:57:41.284 - Destroying HTTP inactivity timer
9280: 17:57:41.284 - Destroying HTTP host
9280: 17:57:41.284 - Destroying HTTP Chunk host
9280: 17:57:41.284 - Flushing ENET buffer allocator...
9280: 17:57:41.365 - Flushing TCP buffer handle allocator...
9280: 17:57:41.365 - Flushing stream socket allocator...
9280: 17:57:41.366 - Flushing inbound datagram socket allocator...
9280: 17:57:41.428 - Flushing outbound datagram socket allocator...
9280: 17:57:41.428 - Destroying CLR dispatcher
9280: 17:57:41.428 - Destroying CLR applications
9280: 17:57:41.454 - ~CCLRApplicationCollection() - Waiting up to 10 seconds for the CLR to release all of our objects
10452: 17:57:41.575 - CManagedHost::OnDefaultAction() - OPR_AppDomainUnload - eUnloadAppDomain
7432: 17:57:41.751 - Unloading Domain: ApplicationName = 'MyServer', DomainId='2'
10452: 17:57:41.751 - CManagedHost::OnDomainUnload() - 2
10452: 17:57:41.780 - CManagedHost::OnDefaultAction() - OPR_AppDomainUnload - eUnloadAppDomain
7432: 17:57:41.986 - Unloading Domain: ApplicationName = 'Master', DomainId='3'
10452: 17:57:41.986 - CManagedHost::OnDomainUnload() - 3
10452: 17:57:42.197 - CManagedHost::OnDefaultAction() - OPR_AppDomainUnload - eUnloadAppDomain
7432: 17:57:42.351 - Unloading Domain: ApplicationName = 'Game', DomainId='4'
10452: 17:57:42.351 - CManagedHost::OnDomainUnload() - 4
9280: 17:57:42.371 - ~CCLRApplicationCollection() - Done. All objects released
9280: 17:57:42.390 - ~CManagedHost() - Release default app domain
9280: 17:57:42.390 - CManagedHost::OnDomainUnload() - 1
9280: 17:57:42.390 - ~CManagedHost() - Waiting up to 10 seconds for CLR shutdown...
9280: 17:57:42.390 - ~CManagedHost
9280: 17:57:42.390 - Destroying ENet thread pool
9280: 17:57:42.390 - Destroying Business logic thread pool
9280: 17:57:42.390 - Destroying I/O thread pool
9280: 17:57:42.390 - Destroying ENet buffer allocator
9280: 17:57:42.390 - Destroying TCP buffer allocator
9280: 17:57:42.390 - Destroying TCP socket allocator
9280: 17:57:42.390 - Destroying ENet inbound socket allocator
9280: 17:57:42.390 - Destroying ENet outbound socket allocator
9280: 17:57:42.390 - Destroying shared datagram flow control data
9280: 17:57:42.390 - Shutdown complete...
9280: 17:57:42.390 - Service shutting down
9280: 17:57:42.483 - Service shut down complete
2704: 17:57:56.946 - ---
2704: 17:57:56.946 - Service: "Photon Socket Server" starting
2704: 17:57:56.946 - Config File: E:\GithubRepositories\OESTS\projects-master\Photon-OnPremise-Server-SDK_v4-0-29-11263\deploy\bin_Win64\PhotonServer.config
2704: 17:57:56.947 - Will produce at most: 10 crash dumps
2704: 17:57:56.948 - Action: run as exe
2704: 17:57:56.948 - Server Starting...
2704: 17:57:56.948 -    Tick count: 19160370 (wraps in: 49.4885 days)
2704: 17:57:56.948 - Tick count 64: 19160370
2704: 17:57:56.948 - Photon Version: 4.0.28.2962
2704: 17:57:56.948 - PID: 4404
2704: 17:57:56.948 - Config File: E:\GithubRepositories\OESTS\projects-master\Photon-OnPremise-Server-SDK_v4-0-29-11263\deploy\bin_Win64\PhotonServer.config
2704: 17:57:56.949 - Will NOT log unimportant exceptions
2704: 17:57:56.952 - Not using performance counters as they are not currently installed. Run the service with /InstallCounters to install them.
2704: 17:57:56.952 - Shutdown timeout enabled: 30000ms
2704: 17:57:56.952 - Starting I/O thread pool with 2 threads
2704: 17:57:56.952 - Using Standard allocator
2704: 17:57:56.952 - Max message size: 512000
2704: 17:57:56.952 - Starting business logic thread pool with the following settings
2704: 17:57:56.952 - InitialThreads: 4 threads
2704: 17:57:56.952 - MinThreads: 4 threads
2704: 17:57:56.952 - Thread pool is fixed size
2704: 17:57:56.952 - Starting ENet thread pool with the following settings
2704: 17:57:56.952 - InitialThreads: 2 threads
2704: 17:57:56.952 - MinThreads: 2 threads
2704: 17:57:56.952 - Thread pool is fixed size
2704: 17:57:56.952 - OnlyDispatchTimers: False
2704: 17:57:56.952 - S2S: flow control: Max pending writes: 50
2704: 17:57:56.952 - S2S: flow control: Max queued buffers: 200
2704: 17:57:56.952 - S2S: flow control: Max pending writes MUX: 500
2704: 17:57:56.952 - S2S: flow control: Max queued buffers MUX: 2000
2704: 17:57:56.952 - S2S: MaxInboundMessageSize: 512000
2704: 17:57:56.952 - S2S: MaxOutboundMessageSize: 512000
2704: 17:57:56.952 - S2S: No inactivity timeout
2704: 17:57:56.956 - WebSocket S2S: MaxInboundMessageSize: 512000
2704: 17:57:56.956 - WebSocket S2S: MaxOutboundMessageSize: 512000
2704: 17:57:56.956 - WebSocket S2S: No inactivity timeout
2704: 17:57:56.957 - Max Reliable Data In Transit (awaiting ACKs) per peer : 51200 bytes
2704: 17:57:56.957 - Per peer bandwidth limit
2704: 17:57:56.957 - Transmit Rate Limit: 256 KB/Sec
2704: 17:57:56.957 - Limit period: 200ms
2704: 17:57:56.957 - Limit per period: 52428 bytes
2704: 17:57:56.957 - Max queued data for transmission per peer: 512000 bytes
2704: 17:57:56.957 - Minimum retransmit timeout: 200
2704: 17:57:56.957 - No Maximum retransmit timeout
2704: 17:57:56.957 - Minimum ENet timeout: 5000ms
2704: 17:57:56.957 - Maximum ENet timeout: 30000ms
2704: 17:57:56.957 - Max Inbound Reliable Data Queued (awaiting resends of earlier sequence numbers) per peer : 163840 bytes
2704: 17:57:56.957 - No RTT ACK adjustment timeout
2704: 17:57:56.957 - Outbound ENet: MaxInboundMessageSize: 512000
2704: 17:57:56.957 - Outbound ENet: MaxOutboundMessageSize: 512000
2704: 17:57:56.958 - GetRuntime - About to load CLR - versions available:
2704: 17:57:56.958 - v2.0.50727
2704: 17:57:56.958 - v4.0.30319
2704: 17:57:56.958 - Configuration requests: "v2.0.50727"
2704: 17:57:56.958 - About to load version: "v2.0.50727"
2704: 17:57:56.964 - About to load runtime: PhotonHostRuntime.PhotonDomainManager from PhotonHostRuntime, Culture=neutral, PublicKeyToken=02C301B61B060C4D
2704: 17:57:56.964 - CLRBaseDirectory set to "E:\GithubRepositories\OESTS\projects-master\Photon-OnPremise-Server-SDK_v4-0-29-11263\deploy"
2704: 17:57:56.964 - Optimising event broadcast for 20 or more peers
2704: 17:57:56.965 - Start: About to load CLR - versions available:
2704: 17:57:56.965 - v2.0.50727
2704: 17:57:56.965 - v4.0.30319
2704: 17:57:56.965 - No preference in configuration file, will load latest.
2704: 17:57:56.965 - About to load version: "v4.0.30319"
2704: 17:57:56.967 - Loaded version: "v4.0.30319"
2704: 17:57:57.119 - Photon host runtime loaded
2704: 17:58:01.163 - License is valid.
2704: 17:58:01.163 - Licensed for 100 concurrent connections.
2704: 17:58:01.163 - ENet: Max Reliable Data In Transit (awaiting ACKs) per peer : 51200 bytes
2704: 17:58:01.163 - ENet: Per peer bandwidth limit
2704: 17:58:01.163 - ENet: Transmit Rate Limit: 256 KB/Sec
2704: 17:58:01.163 - ENet: Limit period: 200ms
2704: 17:58:01.163 - ENet: Limit per period: 52428 bytes
2704: 17:58:01.163 - ENet: Max queued data for transmission per peer: 512000 bytes
2704: 17:58:01.163 - ENet: Minimum retransmit timeout: 200
2704: 17:58:01.163 - No Maximum retransmit timeout
2704: 17:58:01.163 - ENet: Minimum timeout: 5000ms
2704: 17:58:01.163 - ENet: Maximum timeout: 30000ms
2704: 17:58:01.163 - ENet: Max Inbound Reliable Data Queued (awaiting resends of earlier sequence numbers) per peer : 163840 bytes
2704: 17:58:01.163 - No RTT ACK adjustment timeout
2704: 17:58:01.163 - About to load application: OestsServer from OestsServer
2704: 17:58:01.163 - Auto restart is enabled for application, existing connections will be terminated during restart
2704: 17:58:01.163 - Application will restart 1000ms after the last change detected
2704: 17:58:01.163 - Application will restart if files matching the following are changed: "dll;config"
2704: 17:58:01.163 - Application will NOT restart if files matching the following are changed: "log4net.config"
2704: 17:58:01.610 - Taking reference on default app domain
2704: 17:58:01.906 - Application: "OestsServer" started in app domain: 2
2704: 17:58:01.906 - About to load application: Master from Photon.LoadBalancing
2704: 17:58:01.906 - Auto restart is enabled for application, existing connections will be terminated during restart
2704: 17:58:01.906 - Application will restart 1000ms after the last change detected
2704: 17:58:01.906 - Application will restart if files matching the following are changed: "dll;config"
2704: 17:58:01.906 - Application will NOT restart if files matching the following are changed: "log4net.config"
2704: 17:58:02.122 - Taking reference on default app domain
2704: 17:58:02.386 - Application: "Master" started in app domain: 3
2704: 17:58:02.386 - About to load application: Game from Photon.LoadBalancing
2704: 17:58:02.386 - Auto restart is enabled for application, existing connections will be terminated during restart
2704: 17:58:02.386 - Application will restart 1000ms after the last change detected
2704: 17:58:02.386 - Application will restart if files matching the following are changed: "dll;config"
2704: 17:58:02.386 - Application will NOT restart if files matching the following are changed: "log4net.config"
2704: 17:58:02.729 - Taking reference on default app domain
2704: 17:58:03.457 - Application: "Game" started in app domain: 4
2704: 17:58:03.457 - About to load application: CounterPublisher from CounterPublisher
2704: 17:58:03.457 - Auto restart is enabled for application, existing connections will be terminated during restart
2704: 17:58:03.457 - Application will restart 1000ms after the last change detected
2704: 17:58:03.457 - Application will restart if files matching the following are changed: "dll;config"
2704: 17:58:03.457 - Application will NOT restart if files matching the following are changed: "log4net.config"
2704: 17:58:03.696 - Taking reference on default app domain
2704: 17:58:03.888 - Application: "CounterPublisher" started in app domain: 5
2704: 17:58:03.889 - Adding TCP listener on: 0.0.0.0: 4530 with a listen backlog of: 150
2704: 17:58:03.889 - TCP inactivity timeout: 10000ms
2704: 17:58:03.889 - TCP disconnect timeout: 120000ms
2704: 17:58:03.889 - MaxInboundMessageSize: 512000
2704: 17:58:03.889 - MaxOutboundMessageSize: 512000
2704: 17:58:03.889 - Forcing all applications ids to: "Master"
2704: 17:58:03.889 - Serving policy file requests from: "E:\GithubRepositories\OESTS\projects-master\Photon-OnPremise-Server-SDK_v4-0-29-11263\deploy\Policy\assets\socket-policy.xml"
2704: 17:58:03.889 - Adding TCP listener on: 0.0.0.0: 4531 with a listen backlog of: 150
2704: 17:58:03.889 - TCP inactivity timeout: 10000ms
2704: 17:58:03.889 - TCP disconnect timeout: 120000ms
2704: 17:58:03.889 - MaxInboundMessageSize: 512000
2704: 17:58:03.889 - MaxOutboundMessageSize: 512000
2704: 17:58:03.889 - Forcing all applications ids to: "Game"
2704: 17:58:03.889 - Serving policy file requests from: "E:\GithubRepositories\OESTS\projects-master\Photon-OnPremise-Server-SDK_v4-0-29-11263\deploy\Policy\assets\socket-policy.xml"
2704: 17:58:03.889 - Adding TCP listener on: 0.0.0.0: 4520 with a listen backlog of: 150
2704: 17:58:03.889 - TCP inactivity timeout: 5000ms
2704: 17:58:03.889 - TCP disconnect timeout: 120000ms
2704: 17:58:03.889 - MaxInboundMessageSize: 512000
2704: 17:58:03.889 - MaxOutboundMessageSize: 512000
2704: 17:58:03.889 - Forcing all applications ids to: "Master"
2704: 17:58:03.889 - MaxInboundMessageSize: 512000
2704: 17:58:03.889 - MaxOutboundMessageSize: 512000
2704: 17:58:03.889 - UDP address specified as: "0.0.0.0" adding listener to each available IPv4 address
2704: 17:58:03.891 - Adding UDP listener on: 192.168.1.100: 5055 with a listen backlog of: 500
2704: 17:58:03.891 - Adding UDP listener on: 127.0.0.1: 5055 with a listen backlog of: 500
2704: 17:58:03.891 - Forcing all applications ids to: "Game"
2704: 17:58:03.891 - MaxInboundMessageSize: 512000
2704: 17:58:03.891 - MaxOutboundMessageSize: 512000
2704: 17:58:03.891 - UDP address specified as: "0.0.0.0" adding listener to each available IPv4 address
2704: 17:58:03.891 - Adding UDP listener on: 192.168.1.100: 5056 with a listen backlog of: 500
2704: 17:58:03.891 - Adding UDP listener on: 127.0.0.1: 5056 with a listen backlog of: 500
2704: 17:58:03.891 - Adding WebSocket TCP listener on: 0.0.0.0: 9090 with a listen backlog of: 150
2704: 17:58:03.891 - Nagle disabled
2704: 17:58:03.891 - TCP inactivity timeout: 10000ms
2704: 17:58:03.891 - MaxInboundMessageSize: 512000
2704: 17:58:03.891 - MaxOutboundMessageSize: 512000
2704: 17:58:03.891 - Forcing all applications ids to: "Master"
2704: 17:58:03.891 - Will accept ANY sub-protocols from the client
2704: 17:58:03.891 - No automatic WebSocket ping
2704: 17:58:03.891 - Adding WebSocket TCP listener on: 0.0.0.0: 9091 with a listen backlog of: 150
2704: 17:58:03.891 - Nagle disabled
2704: 17:58:03.891 - TCP inactivity timeout: 10000ms
2704: 17:58:03.891 - MaxInboundMessageSize: 512000
2704: 17:58:03.891 - MaxOutboundMessageSize: 512000
2704: 17:58:03.891 - Forcing all applications ids to: "Game"
2704: 17:58:03.891 - Will accept ANY sub-protocols from the client
2704: 17:58:03.891 - No automatic WebSocket ping
2704: 17:58:03.892 - Adding Policy File listener on: 0.0.0.0: 843 with a listen backlog of: 150 and serving Policy File: "E:\GithubRepositories\OESTS\projects-master\Photon-OnPremise-Server-SDK_v4-0-29-11263\deploy\Policy\assets\socket-policy.xml"
2704: 17:58:03.892 - TCP inactivity timeout: 1000ms
2704: 17:58:03.892 - Adding Policy File listener on: 0.0.0.0: 943 with a listen backlog of: 150 and serving Policy File: "E:\GithubRepositories\OESTS\projects-master\Photon-OnPremise-Server-SDK_v4-0-29-11263\deploy\Policy\assets\socket-policy-silverlight.xml"
2704: 17:58:03.892 - TCP inactivity timeout: 1000ms
2704: 17:58:03.935 - Service is running...
5532: 18:00:39.141 - Restarting application: "OestsServer" due to file changes
5532: 18:00:39.141 - Application: "OestsServer" restart request (abort existing connections)
5532: 18:00:39.268 - Taking reference on default app domain
5532: 18:00:39.381 - Application: "OestsServer" started in app domain: 6
5532: 18:00:39.519 - RequestApplicationStop: 2
5532: 18:00:39.537 - Application: "OestsServer" stopped in app domain: 2 (abort existing connections)
5532: 18:00:39.537 - Application: "OestsServer" restart complete.
12140: 18:00:39.538 - CManagedHost::OnDefaultAction() - OPR_AppDomainUnload - eUnloadAppDomain
1568: 18:00:39.548 - Unloading Domain: ApplicationName = 'OestsServer', DomainId='2'
12140: 18:00:39.548 - CManagedHost::OnDomainUnload() - 2
2704: 18:05:22.477 - Service is stopped...
2704: 18:05:22.477 - Server shutting down...
2704: 18:05:22.477 - Shutdown monitoring enabled, 30000ms before process abort
2704: 18:05:22.477 - Notifying CLR applications of shutdown...
2704: 18:05:22.477 - RequestApplicationStop: 5
2704: 18:05:22.480 - RequestApplicationStop: 4
2704: 18:05:22.496 - RequestApplicationStop: 3
2704: 18:05:22.500 - RequestApplicationStop: 6
2704: 18:05:22.502 - RequestStop: defalt app domain
2704: 18:05:22.503 - Shutting down WebSocket Outbound Connection Manager...
2704: 18:05:22.503 - Shutting down TCP Outbound Connection Manager...
2704: 18:05:22.505 - Shutting down ENet Outbound Connection Manager...
2704: 18:05:22.505 - Disconnecting all outbound peers...
2704: 18:05:22.505 - Shutting down ENet host...
2704: 18:05:22.505 - Disconnecting all peers...
2704: 18:05:22.505 - Shutting down socket servers...
2704: 18:05:22.505 - Shutting down ENet thread pool...
2704: 18:05:22.540 - Shutting down TCP inactivity timers...
2704: 18:05:22.546 - WaitingForShutdownToComplete: NativePolicy:0.0.0.0:843
2704: 18:05:22.546 - OnShutdownCompleted: NativePolicy:0.0.0.0:843
2704: 18:05:22.546 - WaitingForShutdownToComplete: NativePolicy:0.0.0.0:943
2704: 18:05:22.546 - OnShutdownCompleted: NativePolicy:0.0.0.0:943
2704: 18:05:22.546 - WaitingForShutdownToComplete: TCP:0.0.0.0:4520
2704: 18:05:22.546 - OnShutdownCompleted: TCP:0.0.0.0:4520
2704: 18:05:22.546 - WaitingForShutdownToComplete: TCP:0.0.0.0:4530
2704: 18:05:22.546 - OnShutdownCompleted: TCP:0.0.0.0:4530
2704: 18:05:22.546 - WaitingForShutdownToComplete: TCP:0.0.0.0:4531
2704: 18:05:22.546 - OnShutdownCompleted: TCP:0.0.0.0:4531
2704: 18:05:22.546 - WaitingForShutdownToComplete: UDP:127.0.0.1:5055
2704: 18:05:22.546 - OnShutdownCompleted: UDP:127.0.0.1:5055
2704: 18:05:22.546 - WaitingForShutdownToComplete: UDP:127.0.0.1:5056
2704: 18:05:22.546 - OnShutdownCompleted: UDP:127.0.0.1:5056
2704: 18:05:22.546 - WaitingForShutdownToComplete: UDP:192.168.1.100:5055
2704: 18:05:22.546 - OnShutdownCompleted: UDP:192.168.1.100:5055
2704: 18:05:22.546 - WaitingForShutdownToComplete: UDP:192.168.1.100:5056
2704: 18:05:22.546 - OnShutdownCompleted: UDP:192.168.1.100:5056
2704: 18:05:22.546 - WaitingForShutdownToComplete: WebSocket:0.0.0.0:9090
2704: 18:05:22.546 - OnShutdownCompleted: WebSocket:0.0.0.0:9090
2704: 18:05:22.546 - WaitingForShutdownToComplete: WebSocket:0.0.0.0:9091
2704: 18:05:22.546 - OnShutdownCompleted: WebSocket:0.0.0.0:9091
2704: 18:05:22.546 - Shutting down CLR applications...
2704: 18:05:22.556 - Shutting down business logic thread pool...
12140: 18:05:22.559 - CManagedHost::OnDefaultAction() - OPR_AppDomainUnload - eUnloadAppDomain
1568: 18:05:22.573 - Unloading Domain: ApplicationName = 'Master', DomainId='3'
12140: 18:05:22.574 - CManagedHost::OnDomainUnload() - 3
12140: 18:05:22.581 - CManagedHost::OnDefaultAction() - OPR_AppDomainUnload - eUnloadAppDomain
1568: 18:05:22.593 - Unloading Domain: ApplicationName = 'Game', DomainId='4'
12140: 18:05:22.594 - CManagedHost::OnDomainUnload() - 4
12140: 18:05:22.597 - CManagedHost::OnDefaultAction() - OPR_AppDomainUnload - eUnloadAppDomain
1568: 18:05:22.609 - Unloading Domain: ApplicationName = 'CounterPublisher', DomainId='5'
12140: 18:05:22.609 - CManagedHost::OnDomainUnload() - 5
12140: 18:05:22.613 - CManagedHost::OnDefaultAction() - OPR_AppDomainUnload - eUnloadAppDomain
2704: 18:05:22.613 - Shutting down I/O thread pool...
1568: 18:05:22.625 - Unloading Domain: ApplicationName = 'OestsServer', DomainId='6'
12140: 18:05:22.625 - CManagedHost::OnDomainUnload() - 6
2704: 18:05:22.643 - Destroying servers
2704: 18:05:22.644 - Destroying WebSocket Outbound Connection Manager
2704: 18:05:22.644 - Destroying TCP Outbound Connection Manager
2704: 18:05:22.644 - Destroying TCP inactivity timer
2704: 18:05:22.644 - Destroying ENet timer wheel
2704: 18:05:22.644 - Destroying ENet host
2704: 18:05:22.644 - Destroying ENet outbound host
2704: 18:05:22.644 - Destroying HTTP inactivity timer
2704: 18:05:22.644 - Destroying HTTP host
2704: 18:05:22.644 - Destroying HTTP Chunk host
2704: 18:05:22.644 - Flushing ENET buffer allocator...
2704: 18:05:22.645 - Flushing TCP buffer handle allocator...
2704: 18:05:22.645 - Flushing stream socket allocator...
2704: 18:05:22.645 - Flushing inbound datagram socket allocator...
2704: 18:05:22.647 - Flushing outbound datagram socket allocator...
2704: 18:05:22.647 - Destroying CLR dispatcher
2704: 18:05:22.647 - Destroying CLR applications
2704: 18:05:22.650 - ~CCLRApplicationCollection() - Waiting up to 10 seconds for the CLR to release all of our objects
2704: 18:05:22.650 - ~CCLRApplicationCollection() - Done. All objects released
2704: 18:05:22.650 - ~CManagedHost() - Release default app domain
2704: 18:05:22.650 - CManagedHost::OnDomainUnload() - 1
2704: 18:05:22.650 - ~CManagedHost() - Waiting up to 10 seconds for CLR shutdown...
2704: 18:05:22.651 - ~CManagedHost
2704: 18:05:22.651 - Destroying ENet thread pool
2704: 18:05:22.651 - Destroying Business logic thread pool
2704: 18:05:22.651 - Destroying I/O thread pool
2704: 18:05:22.651 - Destroying ENet buffer allocator
2704: 18:05:22.651 - Destroying TCP buffer allocator
2704: 18:05:22.651 - Destroying TCP socket allocator
2704: 18:05:22.651 - Destroying ENet inbound socket allocator
2704: 18:05:22.651 - Destroying ENet outbound socket allocator
2704: 18:05:22.651 - Destroying shared datagram flow control data
2704: 18:05:22.651 - Shutdown complete...
2704: 18:05:22.651 - Service shutting down
2704: 18:05:22.652 - Service shut down complete
1476: 18:05:32.471 - ---
1476: 18:05:32.471 - Service: "Photon Socket Server" starting
1476: 18:05:32.471 - Config File: E:\GithubRepositories\OESTS\projects-master\Photon-OnPremise-Server-SDK_v4-0-29-11263\deploy\bin_Win64\PhotonServer.config
1476: 18:05:32.472 - Will produce at most: 10 crash dumps
1476: 18:05:32.472 - Action: run as exe
1476: 18:05:32.473 - Server Starting...
1476: 18:05:32.473 -    Tick count: 19615908 (wraps in: 49.4832 days)
1476: 18:05:32.473 - Tick count 64: 19615908
1476: 18:05:32.473 - Photon Version: 4.0.28.2962
1476: 18:05:32.473 - PID: 9704
1476: 18:05:32.473 - Config File: E:\GithubRepositories\OESTS\projects-master\Photon-OnPremise-Server-SDK_v4-0-29-11263\deploy\bin_Win64\PhotonServer.config
1476: 18:05:32.473 - Will NOT log unimportant exceptions
1476: 18:05:32.477 - Not using performance counters as they are not currently installed. Run the service with /InstallCounters to install them.
1476: 18:05:32.477 - Shutdown timeout enabled: 30000ms
1476: 18:05:32.477 - Starting I/O thread pool with 2 threads
1476: 18:05:32.477 - Using Standard allocator
1476: 18:05:32.477 - Max message size: 512000
1476: 18:05:32.477 - Starting business logic thread pool with the following settings
1476: 18:05:32.477 - InitialThreads: 4 threads
1476: 18:05:32.477 - MinThreads: 4 threads
1476: 18:05:32.477 - Thread pool is fixed size
1476: 18:05:32.477 - Starting ENet thread pool with the following settings
1476: 18:05:32.477 - InitialThreads: 2 threads
1476: 18:05:32.477 - MinThreads: 2 threads
1476: 18:05:32.477 - Thread pool is fixed size
1476: 18:05:32.477 - OnlyDispatchTimers: False
1476: 18:05:32.478 - S2S: flow control: Max pending writes: 50
1476: 18:05:32.478 - S2S: flow control: Max queued buffers: 200
1476: 18:05:32.478 - S2S: flow control: Max pending writes MUX: 500
1476: 18:05:32.478 - S2S: flow control: Max queued buffers MUX: 2000
1476: 18:05:32.478 - S2S: MaxInboundMessageSize: 512000
1476: 18:05:32.478 - S2S: MaxOutboundMessageSize: 512000
1476: 18:05:32.478 - S2S: No inactivity timeout
1476: 18:05:32.482 - WebSocket S2S: MaxInboundMessageSize: 512000
1476: 18:05:32.482 - WebSocket S2S: MaxOutboundMessageSize: 512000
1476: 18:05:32.482 - WebSocket S2S: No inactivity timeout
1476: 18:05:32.482 - Max Reliable Data In Transit (awaiting ACKs) per peer : 51200 bytes
1476: 18:05:32.482 - Per peer bandwidth limit
1476: 18:05:32.482 - Transmit Rate Limit: 256 KB/Sec
1476: 18:05:32.482 - Limit period: 200ms
1476: 18:05:32.482 - Limit per period: 52428 bytes
1476: 18:05:32.482 - Max queued data for transmission per peer: 512000 bytes
1476: 18:05:32.482 - Minimum retransmit timeout: 200
1476: 18:05:32.482 - No Maximum retransmit timeout
1476: 18:05:32.482 - Minimum ENet timeout: 5000ms
1476: 18:05:32.482 - Maximum ENet timeout: 30000ms
1476: 18:05:32.482 - Max Inbound Reliable Data Queued (awaiting resends of earlier sequence numbers) per peer : 163840 bytes
1476: 18:05:32.482 - No RTT ACK adjustment timeout
1476: 18:05:32.482 - Outbound ENet: MaxInboundMessageSize: 512000
1476: 18:05:32.482 - Outbound ENet: MaxOutboundMessageSize: 512000
1476: 18:05:32.484 - GetRuntime - About to load CLR - versions available:
1476: 18:05:32.484 - v2.0.50727
1476: 18:05:32.484 - v4.0.30319
1476: 18:05:32.484 - Configuration requests: "v2.0.50727"
1476: 18:05:32.484 - About to load version: "v2.0.50727"
1476: 18:05:32.492 - About to load runtime: PhotonHostRuntime.PhotonDomainManager from PhotonHostRuntime, Culture=neutral, PublicKeyToken=02C301B61B060C4D
1476: 18:05:32.492 - CLRBaseDirectory set to "E:\GithubRepositories\OESTS\projects-master\Photon-OnPremise-Server-SDK_v4-0-29-11263\deploy"
1476: 18:05:32.492 - Optimising event broadcast for 20 or more peers
1476: 18:05:32.492 - Start: About to load CLR - versions available:
1476: 18:05:32.492 - v2.0.50727
1476: 18:05:32.492 - v4.0.30319
1476: 18:05:32.492 - No preference in configuration file, will load latest.
1476: 18:05:32.492 - About to load version: "v4.0.30319"
1476: 18:05:32.493 - Loaded version: "v4.0.30319"
1476: 18:05:32.731 - Photon host runtime loaded
1476: 18:05:35.105 - License is valid.
1476: 18:05:35.105 - Licensed for 100 concurrent connections.
1476: 18:05:35.105 - ENet: Max Reliable Data In Transit (awaiting ACKs) per peer : 51200 bytes
1476: 18:05:35.105 - ENet: Per peer bandwidth limit
1476: 18:05:35.105 - ENet: Transmit Rate Limit: 256 KB/Sec
1476: 18:05:35.105 - ENet: Limit period: 200ms
1476: 18:05:35.105 - ENet: Limit per period: 52428 bytes
1476: 18:05:35.105 - ENet: Max queued data for transmission per peer: 512000 bytes
1476: 18:05:35.105 - ENet: Minimum retransmit timeout: 200
1476: 18:05:35.105 - No Maximum retransmit timeout
1476: 18:05:35.105 - ENet: Minimum timeout: 5000ms
1476: 18:05:35.105 - ENet: Maximum timeout: 30000ms
1476: 18:05:35.105 - ENet: Max Inbound Reliable Data Queued (awaiting resends of earlier sequence numbers) per peer : 163840 bytes
1476: 18:05:35.105 - No RTT ACK adjustment timeout
1476: 18:05:35.105 - About to load application: OestsServer from OestsServer
1476: 18:05:35.105 - Auto restart is enabled for application, existing connections will be terminated during restart
1476: 18:05:35.105 - Application will restart 1000ms after the last change detected
1476: 18:05:35.105 - Application will restart if files matching the following are changed: "dll;config"
1476: 18:05:35.105 - Application will NOT restart if files matching the following are changed: "log4net.config"
1476: 18:05:35.237 - Taking reference on default app domain
1476: 18:05:35.323 - Application: "OestsServer" started in app domain: 2
1476: 18:05:35.323 - About to load application: Master from Photon.LoadBalancing
1476: 18:05:35.323 - Auto restart is enabled for application, existing connections will be terminated during restart
1476: 18:05:35.323 - Application will restart 1000ms after the last change detected
1476: 18:05:35.323 - Application will restart if files matching the following are changed: "dll;config"
1476: 18:05:35.323 - Application will NOT restart if files matching the following are changed: "log4net.config"
1476: 18:05:35.436 - Taking reference on default app domain
1476: 18:05:35.517 - Application: "Master" started in app domain: 3
1476: 18:05:35.517 - About to load application: Game from Photon.LoadBalancing
1476: 18:05:35.517 - Auto restart is enabled for application, existing connections will be terminated during restart
1476: 18:05:35.517 - Application will restart 1000ms after the last change detected
1476: 18:05:35.517 - Application will restart if files matching the following are changed: "dll;config"
1476: 18:05:35.517 - Application will NOT restart if files matching the following are changed: "log4net.config"
1476: 18:05:35.606 - Taking reference on default app domain
1476: 18:05:35.745 - Application: "Game" started in app domain: 4
1476: 18:05:35.745 - About to load application: CounterPublisher from CounterPublisher
1476: 18:05:35.745 - Auto restart is enabled for application, existing connections will be terminated during restart
1476: 18:05:35.745 - Application will restart 1000ms after the last change detected
1476: 18:05:35.745 - Application will restart if files matching the following are changed: "dll;config"
1476: 18:05:35.745 - Application will NOT restart if files matching the following are changed: "log4net.config"
1476: 18:05:35.838 - Taking reference on default app domain
1476: 18:05:35.910 - Application: "CounterPublisher" started in app domain: 5
1476: 18:05:35.910 - Adding TCP listener on: 0.0.0.0: 4530 with a listen backlog of: 150
1476: 18:05:35.910 - TCP inactivity timeout: 10000ms
1476: 18:05:35.910 - TCP disconnect timeout: 120000ms
1476: 18:05:35.910 - MaxInboundMessageSize: 512000
1476: 18:05:35.910 - MaxOutboundMessageSize: 512000
1476: 18:05:35.910 - Forcing all applications ids to: "Master"
1476: 18:05:35.911 - Serving policy file requests from: "E:\GithubRepositories\OESTS\projects-master\Photon-OnPremise-Server-SDK_v4-0-29-11263\deploy\Policy\assets\socket-policy.xml"
1476: 18:05:35.911 - Adding TCP listener on: 0.0.0.0: 4531 with a listen backlog of: 150
1476: 18:05:35.911 - TCP inactivity timeout: 10000ms
1476: 18:05:35.911 - TCP disconnect timeout: 120000ms
1476: 18:05:35.911 - MaxInboundMessageSize: 512000
1476: 18:05:35.911 - MaxOutboundMessageSize: 512000
1476: 18:05:35.911 - Forcing all applications ids to: "Game"
1476: 18:05:35.911 - Serving policy file requests from: "E:\GithubRepositories\OESTS\projects-master\Photon-OnPremise-Server-SDK_v4-0-29-11263\deploy\Policy\assets\socket-policy.xml"
1476: 18:05:35.911 - Adding TCP listener on: 0.0.0.0: 4520 with a listen backlog of: 150
1476: 18:05:35.911 - TCP inactivity timeout: 5000ms
1476: 18:05:35.911 - TCP disconnect timeout: 120000ms
1476: 18:05:35.911 - MaxInboundMessageSize: 512000
1476: 18:05:35.911 - MaxOutboundMessageSize: 512000
1476: 18:05:35.911 - Forcing all applications ids to: "Master"
1476: 18:05:35.911 - MaxInboundMessageSize: 512000
1476: 18:05:35.911 - MaxOutboundMessageSize: 512000
1476: 18:05:35.911 - UDP address specified as: "0.0.0.0" adding listener to each available IPv4 address
1476: 18:05:35.912 - Adding UDP listener on: 192.168.1.100: 5055 with a listen backlog of: 500
1476: 18:05:35.912 - Adding UDP listener on: 127.0.0.1: 5055 with a listen backlog of: 500
1476: 18:05:35.912 - Forcing all applications ids to: "Game"
1476: 18:05:35.912 - MaxInboundMessageSize: 512000
1476: 18:05:35.912 - MaxOutboundMessageSize: 512000
1476: 18:05:35.912 - UDP address specified as: "0.0.0.0" adding listener to each available IPv4 address
1476: 18:05:35.912 - Adding UDP listener on: 192.168.1.100: 5056 with a listen backlog of: 500
1476: 18:05:35.912 - Adding UDP listener on: 127.0.0.1: 5056 with a listen backlog of: 500
1476: 18:05:35.912 - Adding WebSocket TCP listener on: 0.0.0.0: 9090 with a listen backlog of: 150
1476: 18:05:35.912 - Nagle disabled
1476: 18:05:35.912 - TCP inactivity timeout: 10000ms
1476: 18:05:35.912 - MaxInboundMessageSize: 512000
1476: 18:05:35.912 - MaxOutboundMessageSize: 512000
1476: 18:05:35.912 - Forcing all applications ids to: "Master"
1476: 18:05:35.912 - Will accept ANY sub-protocols from the client
1476: 18:05:35.912 - No automatic WebSocket ping
1476: 18:05:35.912 - Adding WebSocket TCP listener on: 0.0.0.0: 9091 with a listen backlog of: 150
1476: 18:05:35.912 - Nagle disabled
1476: 18:05:35.912 - TCP inactivity timeout: 10000ms
1476: 18:05:35.912 - MaxInboundMessageSize: 512000
1476: 18:05:35.912 - MaxOutboundMessageSize: 512000
1476: 18:05:35.912 - Forcing all applications ids to: "Game"
1476: 18:05:35.912 - Will accept ANY sub-protocols from the client
1476: 18:05:35.912 - No automatic WebSocket ping
1476: 18:05:35.912 - Adding Policy File listener on: 0.0.0.0: 843 with a listen backlog of: 150 and serving Policy File: "E:\GithubRepositories\OESTS\projects-master\Photon-OnPremise-Server-SDK_v4-0-29-11263\deploy\Policy\assets\socket-policy.xml"
1476: 18:05:35.912 - TCP inactivity timeout: 1000ms
1476: 18:05:35.913 - Adding Policy File listener on: 0.0.0.0: 943 with a listen backlog of: 150 and serving Policy File: "E:\GithubRepositories\OESTS\projects-master\Photon-OnPremise-Server-SDK_v4-0-29-11263\deploy\Policy\assets\socket-policy-silverlight.xml"
1476: 18:05:35.913 - TCP inactivity timeout: 1000ms
1476: 18:05:35.953 - Service is running...
1476: 18:15:33.203 - Service is stopped...
1476: 18:15:33.203 - Server shutting down...
1476: 18:15:33.203 - Shutdown monitoring enabled, 30000ms before process abort
1476: 18:15:33.203 - Notifying CLR applications of shutdown...
1476: 18:15:33.203 - RequestApplicationStop: 5
1476: 18:15:33.207 - RequestApplicationStop: 4
1476: 18:15:33.213 - RequestApplicationStop: 3
1476: 18:15:33.223 - RequestApplicationStop: 2
1476: 18:15:33.226 - RequestStop: defalt app domain
1476: 18:15:33.227 - Shutting down WebSocket Outbound Connection Manager...
1476: 18:15:33.227 - Shutting down TCP Outbound Connection Manager...
1476: 18:15:33.227 - Shutting down ENet Outbound Connection Manager...
1476: 18:15:33.227 - Disconnecting all outbound peers...
1476: 18:15:33.227 - Shutting down ENet host...
1476: 18:15:33.227 - Disconnecting all peers...
1476: 18:15:33.227 - Shutting down socket servers...
1476: 18:15:33.227 - Shutting down ENet thread pool...
1476: 18:15:33.228 - Shutting down TCP inactivity timers...
1476: 18:15:33.228 - WaitingForShutdownToComplete: NativePolicy:0.0.0.0:843
1476: 18:15:33.228 - OnShutdownCompleted: NativePolicy:0.0.0.0:843
1476: 18:15:33.228 - WaitingForShutdownToComplete: NativePolicy:0.0.0.0:943
1476: 18:15:33.228 - OnShutdownCompleted: NativePolicy:0.0.0.0:943
1476: 18:15:33.228 - WaitingForShutdownToComplete: TCP:0.0.0.0:4520
1476: 18:15:33.228 - OnShutdownCompleted: TCP:0.0.0.0:4520
1476: 18:15:33.228 - WaitingForShutdownToComplete: TCP:0.0.0.0:4530
1476: 18:15:33.228 - OnShutdownCompleted: TCP:0.0.0.0:4530
1476: 18:15:33.228 - WaitingForShutdownToComplete: TCP:0.0.0.0:4531
1476: 18:15:33.228 - OnShutdownCompleted: TCP:0.0.0.0:4531
1476: 18:15:33.228 - WaitingForShutdownToComplete: UDP:127.0.0.1:5055
1476: 18:15:33.228 - OnShutdownCompleted: UDP:127.0.0.1:5055
1476: 18:15:33.228 - WaitingForShutdownToComplete: UDP:127.0.0.1:5056
1476: 18:15:33.228 - OnShutdownCompleted: UDP:127.0.0.1:5056
1476: 18:15:33.228 - WaitingForShutdownToComplete: UDP:192.168.1.100:5055
1476: 18:15:33.228 - OnShutdownCompleted: UDP:192.168.1.100:5055
1476: 18:15:33.228 - WaitingForShutdownToComplete: UDP:192.168.1.100:5056
1476: 18:15:33.228 - OnShutdownCompleted: UDP:192.168.1.100:5056
1476: 18:15:33.228 - WaitingForShutdownToComplete: WebSocket:0.0.0.0:9090
1476: 18:15:33.228 - OnShutdownCompleted: WebSocket:0.0.0.0:9090
1476: 18:15:33.228 - WaitingForShutdownToComplete: WebSocket:0.0.0.0:9091
1476: 18:15:33.228 - OnShutdownCompleted: WebSocket:0.0.0.0:9091
1476: 18:15:33.228 - Shutting down CLR applications...
4056: 18:15:33.232 - CManagedHost::OnDefaultAction() - OPR_AppDomainUnload - eUnloadAppDomain
1476: 18:15:33.241 - Shutting down business logic thread pool...
1476: 18:15:33.242 - Shutting down I/O thread pool...
1476: 18:15:33.244 - Destroying servers
1476: 18:15:33.244 - Destroying WebSocket Outbound Connection Manager
1476: 18:15:33.244 - Destroying TCP Outbound Connection Manager
1476: 18:15:33.244 - Destroying TCP inactivity timer
1476: 18:15:33.244 - Destroying ENet timer wheel
1476: 18:15:33.244 - Destroying ENet host
1476: 18:15:33.244 - Destroying ENet outbound host
1476: 18:15:33.244 - Destroying HTTP inactivity timer
1476: 18:15:33.244 - Destroying HTTP host
1476: 18:15:33.244 - Destroying HTTP Chunk host
1476: 18:15:33.244 - Flushing ENET buffer allocator...
8504: 18:15:33.245 - Unloading Domain: ApplicationName = 'CounterPublisher', DomainId='5'
1476: 18:15:33.245 - Flushing TCP buffer handle allocator...
1476: 18:15:33.245 - Flushing stream socket allocator...
1476: 18:15:33.246 - Flushing inbound datagram socket allocator...
4056: 18:15:33.246 - CManagedHost::OnDomainUnload() - 5
1476: 18:15:33.248 - Flushing outbound datagram socket allocator...
1476: 18:15:33.248 - Destroying CLR dispatcher
1476: 18:15:33.248 - Destroying CLR applications
1476: 18:15:33.248 - ~CCLRApplicationCollection() - Waiting up to 10 seconds for the CLR to release all of our objects
4056: 18:15:33.255 - CManagedHost::OnDefaultAction() - OPR_AppDomainUnload - eUnloadAppDomain
8504: 18:15:33.263 - Unloading Domain: ApplicationName = 'OestsServer', DomainId='2'
4056: 18:15:33.263 - CManagedHost::OnDomainUnload() - 2
4056: 18:15:33.264 - CManagedHost::OnDefaultAction() - OPR_AppDomainUnload - eUnloadAppDomain
8504: 18:15:33.273 - Unloading Domain: ApplicationName = 'Master', DomainId='3'
4056: 18:15:33.273 - CManagedHost::OnDomainUnload() - 3
4056: 18:15:33.276 - CManagedHost::OnDefaultAction() - OPR_AppDomainUnload - eUnloadAppDomain
8504: 18:15:33.286 - Unloading Domain: ApplicationName = 'Game', DomainId='4'
4056: 18:15:33.286 - CManagedHost::OnDomainUnload() - 4
1476: 18:15:33.287 - ~CCLRApplicationCollection() - Done. All objects released
1476: 18:15:33.288 - ~CManagedHost() - Release default app domain
1476: 18:15:33.288 - CManagedHost::OnDomainUnload() - 1
1476: 18:15:33.288 - ~CManagedHost() - Waiting up to 10 seconds for CLR shutdown...
1476: 18:15:33.288 - ~CManagedHost
1476: 18:15:33.288 - Destroying ENet thread pool
1476: 18:15:33.288 - Destroying Business logic thread pool
1476: 18:15:33.288 - Destroying I/O thread pool
1476: 18:15:33.288 - Destroying ENet buffer allocator
1476: 18:15:33.288 - Destroying TCP buffer allocator
1476: 18:15:33.288 - Destroying TCP socket allocator
1476: 18:15:33.288 - Destroying ENet inbound socket allocator
1476: 18:15:33.288 - Destroying ENet outbound socket allocator
1476: 18:15:33.288 - Destroying shared datagram flow control data
1476: 18:15:33.288 - Shutdown complete...
1476: 18:15:33.288 - Service shutting down
1476: 18:15:33.289 - Service shut down complete
9860: 18:15:39.896 - ---
9860: 18:15:39.896 - Service: "Photon Socket Server" starting
9860: 18:15:39.896 - Config File: E:\GithubRepositories\OESTS\projects-master\Photon-OnPremise-Server-SDK_v4-0-29-11263\deploy\bin_Win64\PhotonServer.config
9860: 18:15:39.898 - Will produce at most: 10 crash dumps
9860: 18:15:39.898 - Action: run as exe
9860: 18:15:39.898 - Server Starting...
9860: 18:15:39.898 -    Tick count: 20223330 (wraps in: 49.4762 days)
9860: 18:15:39.898 - Tick count 64: 20223330
9860: 18:15:39.898 - Photon Version: 4.0.28.2962
9860: 18:15:39.898 - PID: 3064
9860: 18:15:39.898 - Config File: E:\GithubRepositories\OESTS\projects-master\Photon-OnPremise-Server-SDK_v4-0-29-11263\deploy\bin_Win64\PhotonServer.config
9860: 18:15:39.899 - Will NOT log unimportant exceptions
9860: 18:15:39.901 - Not using performance counters as they are not currently installed. Run the service with /InstallCounters to install them.
9860: 18:15:39.901 - Shutdown timeout enabled: 30000ms
9860: 18:15:39.901 - Starting I/O thread pool with 2 threads
9860: 18:15:39.901 - Using Standard allocator
9860: 18:15:39.901 - Max message size: 512000
9860: 18:15:39.901 - Starting business logic thread pool with the following settings
9860: 18:15:39.901 - InitialThreads: 4 threads
9860: 18:15:39.901 - MinThreads: 4 threads
9860: 18:15:39.901 - Thread pool is fixed size
9860: 18:15:39.902 - Starting ENet thread pool with the following settings
9860: 18:15:39.902 - InitialThreads: 2 threads
9860: 18:15:39.902 - MinThreads: 2 threads
9860: 18:15:39.902 - Thread pool is fixed size
9860: 18:15:39.902 - OnlyDispatchTimers: False
9860: 18:15:39.902 - S2S: flow control: Max pending writes: 50
9860: 18:15:39.902 - S2S: flow control: Max queued buffers: 200
9860: 18:15:39.902 - S2S: flow control: Max pending writes MUX: 500
9860: 18:15:39.902 - S2S: flow control: Max queued buffers MUX: 2000
9860: 18:15:39.902 - S2S: MaxInboundMessageSize: 512000
9860: 18:15:39.902 - S2S: MaxOutboundMessageSize: 512000
9860: 18:15:39.902 - S2S: No inactivity timeout
9860: 18:15:39.905 - WebSocket S2S: MaxInboundMessageSize: 512000
9860: 18:15:39.905 - WebSocket S2S: MaxOutboundMessageSize: 512000
9860: 18:15:39.905 - WebSocket S2S: No inactivity timeout
9860: 18:15:39.905 - Max Reliable Data In Transit (awaiting ACKs) per peer : 51200 bytes
9860: 18:15:39.905 - Per peer bandwidth limit
9860: 18:15:39.905 - Transmit Rate Limit: 256 KB/Sec
9860: 18:15:39.905 - Limit period: 200ms
9860: 18:15:39.905 - Limit per period: 52428 bytes
9860: 18:15:39.905 - Max queued data for transmission per peer: 512000 bytes
9860: 18:15:39.905 - Minimum retransmit timeout: 200
9860: 18:15:39.905 - No Maximum retransmit timeout
9860: 18:15:39.905 - Minimum ENet timeout: 5000ms
9860: 18:15:39.905 - Maximum ENet timeout: 30000ms
9860: 18:15:39.905 - Max Inbound Reliable Data Queued (awaiting resends of earlier sequence numbers) per peer : 163840 bytes
9860: 18:15:39.905 - No RTT ACK adjustment timeout
9860: 18:15:39.905 - Outbound ENet: MaxInboundMessageSize: 512000
9860: 18:15:39.905 - Outbound ENet: MaxOutboundMessageSize: 512000
9860: 18:15:39.907 - GetRuntime - About to load CLR - versions available:
9860: 18:15:39.907 - v2.0.50727
9860: 18:15:39.907 - v4.0.30319
9860: 18:15:39.907 - Configuration requests: "v2.0.50727"
9860: 18:15:39.907 - About to load version: "v2.0.50727"
9860: 18:15:39.914 - About to load runtime: PhotonHostRuntime.PhotonDomainManager from PhotonHostRuntime, Culture=neutral, PublicKeyToken=02C301B61B060C4D
9860: 18:15:39.914 - CLRBaseDirectory set to "E:\GithubRepositories\OESTS\projects-master\Photon-OnPremise-Server-SDK_v4-0-29-11263\deploy"
9860: 18:15:39.914 - Optimising event broadcast for 20 or more peers
9860: 18:15:39.915 - Start: About to load CLR - versions available:
9860: 18:15:39.915 - v2.0.50727
9860: 18:15:39.915 - v4.0.30319
9860: 18:15:39.915 - No preference in configuration file, will load latest.
9860: 18:15:39.915 - About to load version: "v4.0.30319"
9860: 18:15:39.916 - Loaded version: "v4.0.30319"
9860: 18:15:40.053 - Photon host runtime loaded
9860: 18:15:42.659 - License is valid.
9860: 18:15:42.659 - Licensed for 100 concurrent connections.
9860: 18:15:42.659 - ENet: Max Reliable Data In Transit (awaiting ACKs) per peer : 51200 bytes
9860: 18:15:42.659 - ENet: Per peer bandwidth limit
9860: 18:15:42.659 - ENet: Transmit Rate Limit: 256 KB/Sec
9860: 18:15:42.660 - ENet: Limit period: 200ms
9860: 18:15:42.660 - ENet: Limit per period: 52428 bytes
9860: 18:15:42.660 - ENet: Max queued data for transmission per peer: 512000 bytes
9860: 18:15:42.660 - ENet: Minimum retransmit timeout: 200
9860: 18:15:42.660 - No Maximum retransmit timeout
9860: 18:15:42.660 - ENet: Minimum timeout: 5000ms
9860: 18:15:42.660 - ENet: Maximum timeout: 30000ms
9860: 18:15:42.660 - ENet: Max Inbound Reliable Data Queued (awaiting resends of earlier sequence numbers) per peer : 163840 bytes
9860: 18:15:42.660 - No RTT ACK adjustment timeout
9860: 18:15:42.660 - About to load application: OestsServer from OestsServer
9860: 18:15:42.660 - Auto restart is enabled for application, existing connections will be terminated during restart
9860: 18:15:42.660 - Application will restart 1000ms after the last change detected
9860: 18:15:42.660 - Application will restart if files matching the following are changed: "dll;config"
9860: 18:15:42.660 - Application will NOT restart if files matching the following are changed: "log4net.config"
9860: 18:15:42.792 - Taking reference on default app domain
9860: 18:15:42.871 - Application: "OestsServer" started in app domain: 2
9860: 18:15:42.871 - About to load application: Master from Photon.LoadBalancing
9860: 18:15:42.871 - Auto restart is enabled for application, existing connections will be terminated during restart
9860: 18:15:42.871 - Application will restart 1000ms after the last change detected
9860: 18:15:42.871 - Application will restart if files matching the following are changed: "dll;config"
9860: 18:15:42.871 - Application will NOT restart if files matching the following are changed: "log4net.config"
9860: 18:15:42.965 - Taking reference on default app domain
9860: 18:15:43.045 - Application: "Master" started in app domain: 3
9860: 18:15:43.045 - About to load application: Game from Photon.LoadBalancing
9860: 18:15:43.045 - Auto restart is enabled for application, existing connections will be terminated during restart
9860: 18:15:43.045 - Application will restart 1000ms after the last change detected
9860: 18:15:43.045 - Application will restart if files matching the following are changed: "dll;config"
9860: 18:15:43.045 - Application will NOT restart if files matching the following are changed: "log4net.config"
9860: 18:15:43.151 - Taking reference on default app domain
9860: 18:15:43.306 - Application: "Game" started in app domain: 4
9860: 18:15:43.306 - About to load application: CounterPublisher from CounterPublisher
9860: 18:15:43.306 - Auto restart is enabled for application, existing connections will be terminated during restart
9860: 18:15:43.306 - Application will restart 1000ms after the last change detected
9860: 18:15:43.306 - Application will restart if files matching the following are changed: "dll;config"
9860: 18:15:43.306 - Application will NOT restart if files matching the following are changed: "log4net.config"
9860: 18:15:43.393 - Taking reference on default app domain
9860: 18:15:43.483 - Application: "CounterPublisher" started in app domain: 5
9860: 18:15:43.483 - Adding TCP listener on: 0.0.0.0: 4530 with a listen backlog of: 150
9860: 18:15:43.483 - TCP inactivity timeout: 10000ms
9860: 18:15:43.483 - TCP disconnect timeout: 120000ms
9860: 18:15:43.483 - MaxInboundMessageSize: 512000
9860: 18:15:43.483 - MaxOutboundMessageSize: 512000
9860: 18:15:43.483 - Forcing all applications ids to: "Master"
9860: 18:15:43.484 - Serving policy file requests from: "E:\GithubRepositories\OESTS\projects-master\Photon-OnPremise-Server-SDK_v4-0-29-11263\deploy\Policy\assets\socket-policy.xml"
9860: 18:15:43.484 - Adding TCP listener on: 0.0.0.0: 4531 with a listen backlog of: 150
9860: 18:15:43.484 - TCP inactivity timeout: 10000ms
9860: 18:15:43.484 - TCP disconnect timeout: 120000ms
9860: 18:15:43.484 - MaxInboundMessageSize: 512000
9860: 18:15:43.484 - MaxOutboundMessageSize: 512000
9860: 18:15:43.484 - Forcing all applications ids to: "Game"
9860: 18:15:43.484 - Serving policy file requests from: "E:\GithubRepositories\OESTS\projects-master\Photon-OnPremise-Server-SDK_v4-0-29-11263\deploy\Policy\assets\socket-policy.xml"
9860: 18:15:43.484 - Adding TCP listener on: 0.0.0.0: 4520 with a listen backlog of: 150
9860: 18:15:43.484 - TCP inactivity timeout: 5000ms
9860: 18:15:43.484 - TCP disconnect timeout: 120000ms
9860: 18:15:43.484 - MaxInboundMessageSize: 512000
9860: 18:15:43.484 - MaxOutboundMessageSize: 512000
9860: 18:15:43.484 - Forcing all applications ids to: "Master"
9860: 18:15:43.484 - MaxInboundMessageSize: 512000
9860: 18:15:43.484 - MaxOutboundMessageSize: 512000
9860: 18:15:43.484 - UDP address specified as: "0.0.0.0" adding listener to each available IPv4 address
9860: 18:15:43.485 - Adding UDP listener on: 192.168.1.100: 5055 with a listen backlog of: 500
9860: 18:15:43.485 - Adding UDP listener on: 127.0.0.1: 5055 with a listen backlog of: 500
9860: 18:15:43.485 - Forcing all applications ids to: "Game"
9860: 18:15:43.485 - MaxInboundMessageSize: 512000
9860: 18:15:43.485 - MaxOutboundMessageSize: 512000
9860: 18:15:43.485 - UDP address specified as: "0.0.0.0" adding listener to each available IPv4 address
9860: 18:15:43.485 - Adding UDP listener on: 192.168.1.100: 5056 with a listen backlog of: 500
9860: 18:15:43.485 - Adding UDP listener on: 127.0.0.1: 5056 with a listen backlog of: 500
9860: 18:15:43.485 - Adding WebSocket TCP listener on: 0.0.0.0: 9090 with a listen backlog of: 150
9860: 18:15:43.485 - Nagle disabled
9860: 18:15:43.485 - TCP inactivity timeout: 10000ms
9860: 18:15:43.485 - MaxInboundMessageSize: 512000
9860: 18:15:43.485 - MaxOutboundMessageSize: 512000
9860: 18:15:43.485 - Forcing all applications ids to: "Master"
9860: 18:15:43.485 - Will accept ANY sub-protocols from the client
9860: 18:15:43.485 - No automatic WebSocket ping
9860: 18:15:43.486 - Adding WebSocket TCP listener on: 0.0.0.0: 9091 with a listen backlog of: 150
9860: 18:15:43.486 - Nagle disabled
9860: 18:15:43.486 - TCP inactivity timeout: 10000ms
9860: 18:15:43.486 - MaxInboundMessageSize: 512000
9860: 18:15:43.486 - MaxOutboundMessageSize: 512000
9860: 18:15:43.486 - Forcing all applications ids to: "Game"
9860: 18:15:43.486 - Will accept ANY sub-protocols from the client
9860: 18:15:43.486 - No automatic WebSocket ping
9860: 18:15:43.486 - Adding Policy File listener on: 0.0.0.0: 843 with a listen backlog of: 150 and serving Policy File: "E:\GithubRepositories\OESTS\projects-master\Photon-OnPremise-Server-SDK_v4-0-29-11263\deploy\Policy\assets\socket-policy.xml"
9860: 18:15:43.486 - TCP inactivity timeout: 1000ms
9860: 18:15:43.486 - Adding Policy File listener on: 0.0.0.0: 943 with a listen backlog of: 150 and serving Policy File: "E:\GithubRepositories\OESTS\projects-master\Photon-OnPremise-Server-SDK_v4-0-29-11263\deploy\Policy\assets\socket-policy-silverlight.xml"
9860: 18:15:43.486 - TCP inactivity timeout: 1000ms
9860: 18:15:43.524 - Service is running...
7912: 18:18:31.542 - Restarting application: "OestsServer" due to file changes
7912: 18:18:31.542 - Application: "OestsServer" restart request (abort existing connections)
7912: 18:18:31.650 - Taking reference on default app domain
7912: 18:18:31.749 - Application: "OestsServer" started in app domain: 6
7912: 18:18:31.848 - RequestApplicationStop: 2
7912: 18:18:31.852 - Application: "OestsServer" stopped in app domain: 2 (abort existing connections)
7912: 18:18:31.852 - Application: "OestsServer" restart complete.
3176: 18:18:31.852 - CManagedHost::OnDefaultAction() - OPR_AppDomainUnload - eUnloadAppDomain
6044: 18:18:31.858 - Unloading Domain: ApplicationName = 'OestsServer', DomainId='2'
3176: 18:18:31.859 - CManagedHost::OnDomainUnload() - 2
7912: 18:18:56.440 - Restarting application: "OestsServer" due to file changes
7912: 18:18:56.440 - Application: "OestsServer" restart request (abort existing connections)
7912: 18:18:56.550 - Taking reference on default app domain
7912: 18:18:56.634 - Application: "OestsServer" started in app domain: 7
7912: 18:18:56.735 - RequestApplicationStop: 6
7912: 18:18:56.740 - Application: "OestsServer" stopped in app domain: 6 (abort existing connections)
3176: 18:18:56.740 - CManagedHost::OnDefaultAction() - OPR_AppDomainUnload - eUnloadAppDomain
7912: 18:18:56.740 - Application: "OestsServer" restart complete.
6044: 18:18:56.746 - Unloading Domain: ApplicationName = 'OestsServer', DomainId='6'
3176: 18:18:56.746 - CManagedHost::OnDomainUnload() - 6
9860: 18:19:04.100 - Service is stopped...
9860: 18:19:04.100 - Server shutting down...
9860: 18:19:04.100 - Shutdown monitoring enabled, 30000ms before process abort
9860: 18:19:04.100 - Notifying CLR applications of shutdown...
9860: 18:19:04.100 - RequestApplicationStop: 5
9860: 18:19:04.104 - RequestApplicationStop: 4
9860: 18:19:04.111 - RequestApplicationStop: 3
9860: 18:19:04.117 - RequestApplicationStop: 7
9860: 18:19:04.119 - RequestStop: defalt app domain
9860: 18:19:04.126 - Shutting down WebSocket Outbound Connection Manager...
9860: 18:19:04.126 - Shutting down TCP Outbound Connection Manager...
9860: 18:19:04.126 - Shutting down ENet Outbound Connection Manager...
9860: 18:19:04.126 - Disconnecting all outbound peers...
9860: 18:19:04.126 - Shutting down ENet host...
9860: 18:19:04.126 - Disconnecting all peers...
9860: 18:19:04.126 - Shutting down socket servers...
9860: 18:19:04.126 - Shutting down ENet thread pool...
9860: 18:19:04.154 - Shutting down TCP inactivity timers...
9860: 18:19:04.157 - WaitingForShutdownToComplete: NativePolicy:0.0.0.0:843
9860: 18:19:04.157 - OnShutdownCompleted: NativePolicy:0.0.0.0:843
9860: 18:19:04.157 - WaitingForShutdownToComplete: NativePolicy:0.0.0.0:943
9860: 18:19:04.157 - OnShutdownCompleted: NativePolicy:0.0.0.0:943
9860: 18:19:04.157 - WaitingForShutdownToComplete: TCP:0.0.0.0:4520
9860: 18:19:04.157 - OnShutdownCompleted: TCP:0.0.0.0:4520
9860: 18:19:04.157 - WaitingForShutdownToComplete: TCP:0.0.0.0:4530
9860: 18:19:04.157 - OnShutdownCompleted: TCP:0.0.0.0:4530
9860: 18:19:04.157 - WaitingForShutdownToComplete: TCP:0.0.0.0:4531
9860: 18:19:04.157 - OnShutdownCompleted: TCP:0.0.0.0:4531
9860: 18:19:04.157 - WaitingForShutdownToComplete: UDP:127.0.0.1:5055
9860: 18:19:04.157 - OnShutdownCompleted: UDP:127.0.0.1:5055
9860: 18:19:04.157 - WaitingForShutdownToComplete: UDP:127.0.0.1:5056
9860: 18:19:04.157 - OnShutdownCompleted: UDP:127.0.0.1:5056
9860: 18:19:04.157 - WaitingForShutdownToComplete: UDP:192.168.1.100:5055
9860: 18:19:04.157 - OnShutdownCompleted: UDP:192.168.1.100:5055
9860: 18:19:04.157 - WaitingForShutdownToComplete: UDP:192.168.1.100:5056
9860: 18:19:04.157 - OnShutdownCompleted: UDP:192.168.1.100:5056
9860: 18:19:04.157 - WaitingForShutdownToComplete: WebSocket:0.0.0.0:9090
9860: 18:19:04.157 - OnShutdownCompleted: WebSocket:0.0.0.0:9090
9860: 18:19:04.157 - WaitingForShutdownToComplete: WebSocket:0.0.0.0:9091
9860: 18:19:04.157 - OnShutdownCompleted: WebSocket:0.0.0.0:9091
9860: 18:19:04.157 - Shutting down CLR applications...
3176: 18:19:04.160 - CManagedHost::OnDefaultAction() - OPR_AppDomainUnload - eUnloadAppDomain
6044: 18:19:04.173 - Unloading Domain: ApplicationName = 'CounterPublisher', DomainId='5'
3176: 18:19:04.180 - CManagedHost::OnDomainUnload() - 5
9860: 18:19:04.189 - Shutting down business logic thread pool...
9860: 18:19:04.189 - Shutting down I/O thread pool...
9860: 18:19:04.189 - Destroying servers
9860: 18:19:04.189 - Destroying WebSocket Outbound Connection Manager
9860: 18:19:04.189 - Destroying TCP Outbound Connection Manager
9860: 18:19:04.189 - Destroying TCP inactivity timer
9860: 18:19:04.189 - Destroying ENet timer wheel
9860: 18:19:04.189 - Destroying ENet host
9860: 18:19:04.189 - Destroying ENet outbound host
9860: 18:19:04.189 - Destroying HTTP inactivity timer
9860: 18:19:04.189 - Destroying HTTP host
9860: 18:19:04.189 - Destroying HTTP Chunk host
9860: 18:19:04.189 - Flushing ENET buffer allocator...
9860: 18:19:04.191 - Flushing TCP buffer handle allocator...
9860: 18:19:04.191 - Flushing stream socket allocator...
9860: 18:19:04.191 - Flushing inbound datagram socket allocator...
9860: 18:19:04.193 - Flushing outbound datagram socket allocator...
9860: 18:19:04.193 - Destroying CLR dispatcher
9860: 18:19:04.193 - Destroying CLR applications
9860: 18:19:04.194 - ~CCLRApplicationCollection() - Waiting up to 10 seconds for the CLR to release all of our objects
3176: 18:19:04.195 - CManagedHost::OnDefaultAction() - OPR_AppDomainUnload - eUnloadAppDomain
6044: 18:19:04.206 - Unloading Domain: ApplicationName = 'OestsServer', DomainId='7'
3176: 18:19:04.206 - CManagedHost::OnDomainUnload() - 7
3176: 18:19:04.208 - CManagedHost::OnDefaultAction() - OPR_AppDomainUnload - eUnloadAppDomain
6044: 18:19:04.221 - Unloading Domain: ApplicationName = 'Master', DomainId='3'
3176: 18:19:04.221 - CManagedHost::OnDomainUnload() - 3
3176: 18:19:04.225 - CManagedHost::OnDefaultAction() - OPR_AppDomainUnload - eUnloadAppDomain
6044: 18:19:04.237 - Unloading Domain: ApplicationName = 'Game', DomainId='4'
3176: 18:19:04.237 - CManagedHost::OnDomainUnload() - 4
9860: 18:19:04.239 - ~CCLRApplicationCollection() - Done. All objects released
9860: 18:19:04.239 - ~CManagedHost() - Release default app domain
9860: 18:19:04.239 - CManagedHost::OnDomainUnload() - 1
9860: 18:19:04.239 - ~CManagedHost() - Waiting up to 10 seconds for CLR shutdown...
9860: 18:19:04.239 - ~CManagedHost
9860: 18:19:04.239 - Destroying ENet thread pool
9860: 18:19:04.239 - Destroying Business logic thread pool
9860: 18:19:04.239 - Destroying I/O thread pool
9860: 18:19:04.239 - Destroying ENet buffer allocator
9860: 18:19:04.239 - Destroying TCP buffer allocator
9860: 18:19:04.239 - Destroying TCP socket allocator
9860: 18:19:04.239 - Destroying ENet inbound socket allocator
9860: 18:19:04.239 - Destroying ENet outbound socket allocator
9860: 18:19:04.239 - Destroying shared datagram flow control data
9860: 18:19:04.239 - Shutdown complete...
9860: 18:19:04.239 - Service shutting down
9860: 18:19:04.241 - Service shut down complete
8804: 18:19:07.097 - ---
8804: 18:19:07.097 - Service: "Photon Socket Server" starting
8804: 18:19:07.098 - Config File: E:\GithubRepositories\OESTS\projects-master\Photon-OnPremise-Server-SDK_v4-0-29-11263\deploy\bin_Win64\PhotonServer.config
8804: 18:19:07.101 - Will produce at most: 10 crash dumps
8804: 18:19:07.106 - Action: run as exe
8804: 18:19:07.107 - Server Starting...
8804: 18:19:07.107 -    Tick count: 20430530 (wraps in: 49.4738 days)
8804: 18:19:07.107 - Tick count 64: 20430530
8804: 18:19:07.107 - Photon Version: 4.0.28.2962
8804: 18:19:07.107 - PID: 7896
8804: 18:19:07.107 - Config File: E:\GithubRepositories\OESTS\projects-master\Photon-OnPremise-Server-SDK_v4-0-29-11263\deploy\bin_Win64\PhotonServer.config
8804: 18:19:07.108 - Will NOT log unimportant exceptions
8804: 18:19:07.110 - Not using performance counters as they are not currently installed. Run the service with /InstallCounters to install them.
8804: 18:19:07.110 - Shutdown timeout enabled: 30000ms
8804: 18:19:07.110 - Starting I/O thread pool with 2 threads
8804: 18:19:07.111 - Using Standard allocator
8804: 18:19:07.111 - Max message size: 512000
8804: 18:19:07.111 - Starting business logic thread pool with the following settings
8804: 18:19:07.111 - InitialThreads: 4 threads
8804: 18:19:07.111 - MinThreads: 4 threads
8804: 18:19:07.111 - Thread pool is fixed size
8804: 18:19:07.111 - Starting ENet thread pool with the following settings
8804: 18:19:07.111 - InitialThreads: 2 threads
8804: 18:19:07.111 - MinThreads: 2 threads
8804: 18:19:07.111 - Thread pool is fixed size
8804: 18:19:07.111 - OnlyDispatchTimers: False
8804: 18:19:07.111 - S2S: flow control: Max pending writes: 50
8804: 18:19:07.111 - S2S: flow control: Max queued buffers: 200
8804: 18:19:07.111 - S2S: flow control: Max pending writes MUX: 500
8804: 18:19:07.111 - S2S: flow control: Max queued buffers MUX: 2000
8804: 18:19:07.111 - S2S: MaxInboundMessageSize: 512000
8804: 18:19:07.111 - S2S: MaxOutboundMessageSize: 512000
8804: 18:19:07.111 - S2S: No inactivity timeout
8804: 18:19:07.116 - WebSocket S2S: MaxInboundMessageSize: 512000
8804: 18:19:07.116 - WebSocket S2S: MaxOutboundMessageSize: 512000
8804: 18:19:07.116 - WebSocket S2S: No inactivity timeout
8804: 18:19:07.116 - Max Reliable Data In Transit (awaiting ACKs) per peer : 51200 bytes
8804: 18:19:07.116 - Per peer bandwidth limit
8804: 18:19:07.116 - Transmit Rate Limit: 256 KB/Sec
8804: 18:19:07.116 - Limit period: 200ms
8804: 18:19:07.116 - Limit per period: 52428 bytes
8804: 18:19:07.116 - Max queued data for transmission per peer: 512000 bytes
8804: 18:19:07.116 - Minimum retransmit timeout: 200
8804: 18:19:07.116 - No Maximum retransmit timeout
8804: 18:19:07.116 - Minimum ENet timeout: 5000ms
8804: 18:19:07.116 - Maximum ENet timeout: 30000ms
8804: 18:19:07.116 - Max Inbound Reliable Data Queued (awaiting resends of earlier sequence numbers) per peer : 163840 bytes
8804: 18:19:07.116 - No RTT ACK adjustment timeout
8804: 18:19:07.116 - Outbound ENet: MaxInboundMessageSize: 512000
8804: 18:19:07.116 - Outbound ENet: MaxOutboundMessageSize: 512000
8804: 18:19:07.119 - GetRuntime - About to load CLR - versions available:
8804: 18:19:07.119 - v2.0.50727
8804: 18:19:07.119 - v4.0.30319
8804: 18:19:07.119 - Configuration requests: "v2.0.50727"
8804: 18:19:07.119 - About to load version: "v2.0.50727"
8804: 18:19:07.129 - About to load runtime: PhotonHostRuntime.PhotonDomainManager from PhotonHostRuntime, Culture=neutral, PublicKeyToken=02C301B61B060C4D
8804: 18:19:07.129 - CLRBaseDirectory set to "E:\GithubRepositories\OESTS\projects-master\Photon-OnPremise-Server-SDK_v4-0-29-11263\deploy"
8804: 18:19:07.129 - Optimising event broadcast for 20 or more peers
8804: 18:19:07.130 - Start: About to load CLR - versions available:
8804: 18:19:07.130 - v2.0.50727
8804: 18:19:07.130 - v4.0.30319
8804: 18:19:07.130 - No preference in configuration file, will load latest.
8804: 18:19:07.130 - About to load version: "v4.0.30319"
8804: 18:19:07.131 - Loaded version: "v4.0.30319"
8804: 18:19:07.264 - Photon host runtime loaded
8804: 18:19:09.567 - License is valid.
8804: 18:19:09.567 - Licensed for 100 concurrent connections.
8804: 18:19:09.567 - ENet: Max Reliable Data In Transit (awaiting ACKs) per peer : 51200 bytes
8804: 18:19:09.567 - ENet: Per peer bandwidth limit
8804: 18:19:09.567 - ENet: Transmit Rate Limit: 256 KB/Sec
8804: 18:19:09.567 - ENet: Limit period: 200ms
8804: 18:19:09.567 - ENet: Limit per period: 52428 bytes
8804: 18:19:09.567 - ENet: Max queued data for transmission per peer: 512000 bytes
8804: 18:19:09.567 - ENet: Minimum retransmit timeout: 200
8804: 18:19:09.567 - No Maximum retransmit timeout
8804: 18:19:09.567 - ENet: Minimum timeout: 5000ms
8804: 18:19:09.567 - ENet: Maximum timeout: 30000ms
8804: 18:19:09.567 - ENet: Max Inbound Reliable Data Queued (awaiting resends of earlier sequence numbers) per peer : 163840 bytes
8804: 18:19:09.567 - No RTT ACK adjustment timeout
8804: 18:19:09.567 - About to load application: OestsServer from OestsServer
8804: 18:19:09.567 - Auto restart is enabled for application, existing connections will be terminated during restart
8804: 18:19:09.567 - Application will restart 1000ms after the last change detected
8804: 18:19:09.567 - Application will restart if files matching the following are changed: "dll;config"
8804: 18:19:09.567 - Application will NOT restart if files matching the following are changed: "log4net.config"
8804: 18:19:09.733 - Taking reference on default app domain
8804: 18:19:09.802 - Application: "OestsServer" started in app domain: 2
8804: 18:19:09.803 - About to load application: Master from Photon.LoadBalancing
8804: 18:19:09.803 - Auto restart is enabled for application, existing connections will be terminated during restart
8804: 18:19:09.803 - Application will restart 1000ms after the last change detected
8804: 18:19:09.803 - Application will restart if files matching the following are changed: "dll;config"
8804: 18:19:09.803 - Application will NOT restart if files matching the following are changed: "log4net.config"
8804: 18:19:09.897 - Taking reference on default app domain
8804: 18:19:09.974 - Application: "Master" started in app domain: 3
8804: 18:19:09.974 - About to load application: Game from Photon.LoadBalancing
8804: 18:19:09.974 - Auto restart is enabled for application, existing connections will be terminated during restart
8804: 18:19:09.974 - Application will restart 1000ms after the last change detected
8804: 18:19:09.974 - Application will restart if files matching the following are changed: "dll;config"
8804: 18:19:09.974 - Application will NOT restart if files matching the following are changed: "log4net.config"
8804: 18:19:10.073 - Taking reference on default app domain
8804: 18:19:10.240 - Application: "Game" started in app domain: 4
8804: 18:19:10.240 - About to load application: CounterPublisher from CounterPublisher
8804: 18:19:10.240 - Auto restart is enabled for application, existing connections will be terminated during restart
8804: 18:19:10.240 - Application will restart 1000ms after the last change detected
8804: 18:19:10.240 - Application will restart if files matching the following are changed: "dll;config"
8804: 18:19:10.240 - Application will NOT restart if files matching the following are changed: "log4net.config"
8804: 18:19:10.348 - Taking reference on default app domain
8804: 18:19:10.417 - Application: "CounterPublisher" started in app domain: 5
8804: 18:19:10.417 - Adding TCP listener on: 0.0.0.0: 4530 with a listen backlog of: 150
8804: 18:19:10.417 - TCP inactivity timeout: 10000ms
8804: 18:19:10.417 - TCP disconnect timeout: 120000ms
8804: 18:19:10.417 - MaxInboundMessageSize: 512000
8804: 18:19:10.417 - MaxOutboundMessageSize: 512000
8804: 18:19:10.417 - Forcing all applications ids to: "Master"
8804: 18:19:10.417 - Serving policy file requests from: "E:\GithubRepositories\OESTS\projects-master\Photon-OnPremise-Server-SDK_v4-0-29-11263\deploy\Policy\assets\socket-policy.xml"
8804: 18:19:10.417 - Adding TCP listener on: 0.0.0.0: 4531 with a listen backlog of: 150
8804: 18:19:10.417 - TCP inactivity timeout: 10000ms
8804: 18:19:10.417 - TCP disconnect timeout: 120000ms
8804: 18:19:10.417 - MaxInboundMessageSize: 512000
8804: 18:19:10.417 - MaxOutboundMessageSize: 512000
8804: 18:19:10.417 - Forcing all applications ids to: "Game"
8804: 18:19:10.417 - Serving policy file requests from: "E:\GithubRepositories\OESTS\projects-master\Photon-OnPremise-Server-SDK_v4-0-29-11263\deploy\Policy\assets\socket-policy.xml"
8804: 18:19:10.417 - Adding TCP listener on: 0.0.0.0: 4520 with a listen backlog of: 150
8804: 18:19:10.417 - TCP inactivity timeout: 5000ms
8804: 18:19:10.417 - TCP disconnect timeout: 120000ms
8804: 18:19:10.417 - MaxInboundMessageSize: 512000
8804: 18:19:10.417 - MaxOutboundMessageSize: 512000
8804: 18:19:10.417 - Forcing all applications ids to: "Master"
8804: 18:19:10.417 - MaxInboundMessageSize: 512000
8804: 18:19:10.417 - MaxOutboundMessageSize: 512000
8804: 18:19:10.417 - UDP address specified as: "0.0.0.0" adding listener to each available IPv4 address
8804: 18:19:10.418 - Adding UDP listener on: 192.168.1.100: 5055 with a listen backlog of: 500
8804: 18:19:10.418 - Adding UDP listener on: 127.0.0.1: 5055 with a listen backlog of: 500
8804: 18:19:10.418 - Forcing all applications ids to: "Game"
8804: 18:19:10.418 - MaxInboundMessageSize: 512000
8804: 18:19:10.418 - MaxOutboundMessageSize: 512000
8804: 18:19:10.418 - UDP address specified as: "0.0.0.0" adding listener to each available IPv4 address
8804: 18:19:10.419 - Adding UDP listener on: 192.168.1.100: 5056 with a listen backlog of: 500
8804: 18:19:10.419 - Adding UDP listener on: 127.0.0.1: 5056 with a listen backlog of: 500
8804: 18:19:10.419 - Adding WebSocket TCP listener on: 0.0.0.0: 9090 with a listen backlog of: 150
8804: 18:19:10.419 - Nagle disabled
8804: 18:19:10.419 - TCP inactivity timeout: 10000ms
8804: 18:19:10.419 - MaxInboundMessageSize: 512000
8804: 18:19:10.419 - MaxOutboundMessageSize: 512000
8804: 18:19:10.419 - Forcing all applications ids to: "Master"
8804: 18:19:10.419 - Will accept ANY sub-protocols from the client
8804: 18:19:10.419 - No automatic WebSocket ping
8804: 18:19:10.419 - Adding WebSocket TCP listener on: 0.0.0.0: 9091 with a listen backlog of: 150
8804: 18:19:10.419 - Nagle disabled
8804: 18:19:10.419 - TCP inactivity timeout: 10000ms
8804: 18:19:10.419 - MaxInboundMessageSize: 512000
8804: 18:19:10.419 - MaxOutboundMessageSize: 512000
8804: 18:19:10.419 - Forcing all applications ids to: "Game"
8804: 18:19:10.419 - Will accept ANY sub-protocols from the client
8804: 18:19:10.419 - No automatic WebSocket ping
8804: 18:19:10.419 - Adding Policy File listener on: 0.0.0.0: 843 with a listen backlog of: 150 and serving Policy File: "E:\GithubRepositories\OESTS\projects-master\Photon-OnPremise-Server-SDK_v4-0-29-11263\deploy\Policy\assets\socket-policy.xml"
8804: 18:19:10.419 - TCP inactivity timeout: 1000ms
8804: 18:19:10.419 - Adding Policy File listener on: 0.0.0.0: 943 with a listen backlog of: 150 and serving Policy File: "E:\GithubRepositories\OESTS\projects-master\Photon-OnPremise-Server-SDK_v4-0-29-11263\deploy\Policy\assets\socket-policy-silverlight.xml"
8804: 18:19:10.419 - TCP inactivity timeout: 1000ms
8804: 18:19:10.461 - Service is running...
5096: 18:40:58.471 - Restarting application: "OestsServer" due to file changes
5096: 18:40:58.471 - Application: "OestsServer" restart request (abort existing connections)
5096: 18:40:58.602 - Taking reference on default app domain
5096: 18:40:58.700 - Application: "OestsServer" started in app domain: 6
5096: 18:40:58.827 - RequestApplicationStop: 2
10316: 18:40:58.833 - CManagedHost::OnDefaultAction() - OPR_AppDomainUnload - eUnloadAppDomain
5096: 18:40:58.833 - Application: "OestsServer" stopped in app domain: 2 (abort existing connections)
5096: 18:40:58.833 - Application: "OestsServer" restart complete.
6244: 18:40:58.840 - Unloading Domain: ApplicationName = 'OestsServer', DomainId='2'
10316: 18:40:58.840 - CManagedHost::OnDomainUnload() - 2
