5596: 08:59:07.470 - ---
5596: 08:59:07.470 - Service: "Photon Socket Server" starting
5596: 08:59:07.470 - Config File: F:\GitHub\WorkRepository\Photon-OnPremise-Server-SDK_v4-0-29-11263\deploy\bin_Win64\PhotonServer.config
5596: 08:59:07.470 - Will produce at most: 10 crash dumps
5596: 08:59:07.470 - Action: run as exe
5596: 08:59:07.470 - Server Starting...
5596: 08:59:07.470 -    Tick count: 1051821 (wraps in: 49.6981 days)
5596: 08:59:07.470 - Tick count 64: 1051821
5596: 08:59:07.470 - Photon Version: 4.0.28.2962
5596: 08:59:07.470 - PID: 6836
5596: 08:59:07.470 - Config File: F:\GitHub\WorkRepository\Photon-OnPremise-Server-SDK_v4-0-29-11263\deploy\bin_Win64\PhotonServer.config
5596: 08:59:07.470 - Will NOT log unimportant exceptions
5596: 08:59:07.480 - Not using performance counters as they are not currently installed. Run the service with /InstallCounters to install them.
5596: 08:59:07.480 - Shutdown timeout enabled: 30000ms
5596: 08:59:07.480 - Starting I/O thread pool with 2 threads
5596: 08:59:07.480 - Using Standard allocator
5596: 08:59:07.480 - Max message size: 512000
5596: 08:59:07.480 - Starting business logic thread pool with the following settings
5596: 08:59:07.480 - InitialThreads: 4 threads
5596: 08:59:07.480 - MinThreads: 4 threads
5596: 08:59:07.480 - Thread pool is fixed size
5596: 08:59:07.480 - Starting ENet thread pool with the following settings
5596: 08:59:07.480 - InitialThreads: 2 threads
5596: 08:59:07.480 - MinThreads: 2 threads
5596: 08:59:07.480 - Thread pool is fixed size
5596: 08:59:07.480 - OnlyDispatchTimers: False
5596: 08:59:07.480 - S2S: flow control: Max pending writes: 50
5596: 08:59:07.480 - S2S: flow control: Max queued buffers: 200
5596: 08:59:07.480 - S2S: flow control: Max pending writes MUX: 500
5596: 08:59:07.480 - S2S: flow control: Max queued buffers MUX: 2000
5596: 08:59:07.480 - S2S: MaxInboundMessageSize: 512000
5596: 08:59:07.480 - S2S: MaxOutboundMessageSize: 512000
5596: 08:59:07.480 - S2S: No inactivity timeout
5596: 08:59:07.480 - WebSocket S2S: MaxInboundMessageSize: 512000
5596: 08:59:07.480 - WebSocket S2S: MaxOutboundMessageSize: 512000
5596: 08:59:07.480 - WebSocket S2S: No inactivity timeout
5596: 08:59:07.480 - Max Reliable Data In Transit (awaiting ACKs) per peer : 51200 bytes
5596: 08:59:07.480 - Per peer bandwidth limit
5596: 08:59:07.480 - Transmit Rate Limit: 256 KB/Sec
5596: 08:59:07.480 - Limit period: 200ms
5596: 08:59:07.480 - Limit per period: 52428 bytes
5596: 08:59:07.480 - Max queued data for transmission per peer: 512000 bytes
5596: 08:59:07.480 - Minimum retransmit timeout: 200
5596: 08:59:07.480 - No Maximum retransmit timeout
5596: 08:59:07.480 - Minimum ENet timeout: 5000ms
5596: 08:59:07.480 - Maximum ENet timeout: 30000ms
5596: 08:59:07.480 - Max Inbound Reliable Data Queued (awaiting resends of earlier sequence numbers) per peer : 163840 bytes
5596: 08:59:07.480 - No RTT ACK adjustment timeout
5596: 08:59:07.480 - Outbound ENet: MaxInboundMessageSize: 512000
5596: 08:59:07.480 - Outbound ENet: MaxOutboundMessageSize: 512000
5596: 08:59:07.490 - GetRuntime - About to load CLR - versions available:
5596: 08:59:07.490 - v2.0.50727
5596: 08:59:07.490 - v4.0.30319
5596: 08:59:07.490 - Configuration requests: "v2.0.50727"
5596: 08:59:07.490 - About to load version: "v2.0.50727"
5596: 08:59:07.490 - About to load runtime: PhotonHostRuntime.PhotonDomainManager from PhotonHostRuntime, Culture=neutral, PublicKeyToken=02C301B61B060C4D
5596: 08:59:07.490 - CLRBaseDirectory set to "F:\GitHub\WorkRepository\Photon-OnPremise-Server-SDK_v4-0-29-11263\deploy"
5596: 08:59:07.490 - Optimising event broadcast for 20 or more peers
5596: 08:59:07.490 - Start: About to load CLR - versions available:
5596: 08:59:07.490 - v2.0.50727
5596: 08:59:07.490 - v4.0.30319
5596: 08:59:07.490 - No preference in configuration file, will load latest.
5596: 08:59:07.490 - About to load version: "v4.0.30319"
5596: 08:59:07.490 - Loaded version: "v4.0.30319"
5596: 08:59:07.660 - Photon host runtime loaded
5596: 08:59:10.600 - License is valid.
5596: 08:59:10.600 - Licensed for 100 concurrent connections.
5596: 08:59:10.600 - ENet: Max Reliable Data In Transit (awaiting ACKs) per peer : 51200 bytes
5596: 08:59:10.600 - ENet: Per peer bandwidth limit
5596: 08:59:10.600 - ENet: Transmit Rate Limit: 256 KB/Sec
5596: 08:59:10.600 - ENet: Limit period: 200ms
5596: 08:59:10.600 - ENet: Limit per period: 52428 bytes
5596: 08:59:10.600 - ENet: Max queued data for transmission per peer: 512000 bytes
5596: 08:59:10.600 - ENet: Minimum retransmit timeout: 200
5596: 08:59:10.600 - No Maximum retransmit timeout
5596: 08:59:10.600 - ENet: Minimum timeout: 5000ms
5596: 08:59:10.600 - ENet: Maximum timeout: 30000ms
5596: 08:59:10.600 - ENet: Max Inbound Reliable Data Queued (awaiting resends of earlier sequence numbers) per peer : 163840 bytes
5596: 08:59:10.600 - No RTT ACK adjustment timeout
5596: 08:59:10.600 - About to load application: MyServer from MyServer
5596: 08:59:10.600 - Auto restart is enabled for application, existing connections will be terminated during restart
5596: 08:59:10.600 - Application will restart 1000ms after the last change detected
5596: 08:59:10.600 - Application will restart if files matching the following are changed: "dll;config"
5596: 08:59:10.600 - Application will NOT restart if files matching the following are changed: "log4net.config"
5596: 08:59:10.910 - Taking reference on default app domain
5596: 08:59:11.220 - Application: "MyServer" started in app domain: 2
5596: 08:59:11.220 - About to load application: Master from Photon.LoadBalancing
5596: 08:59:11.220 - Auto restart is enabled for application, existing connections will be terminated during restart
5596: 08:59:11.220 - Application will restart 1000ms after the last change detected
5596: 08:59:11.220 - Application will restart if files matching the following are changed: "dll;config"
5596: 08:59:11.220 - Application will NOT restart if files matching the following are changed: "log4net.config"
5596: 08:59:11.620 - Taking reference on default app domain
5596: 08:59:12.010 - Application: "Master" started in app domain: 3
5596: 08:59:12.010 - About to load application: Game from Photon.LoadBalancing
5596: 08:59:12.010 - Auto restart is enabled for application, existing connections will be terminated during restart
5596: 08:59:12.010 - Application will restart 1000ms after the last change detected
5596: 08:59:12.010 - Application will restart if files matching the following are changed: "dll;config"
5596: 08:59:12.010 - Application will NOT restart if files matching the following are changed: "log4net.config"
5596: 08:59:12.330 - Taking reference on default app domain
5596: 08:59:13.050 - Application: "Game" started in app domain: 4
5596: 08:59:13.050 - About to load application: CounterPublisher from CounterPublisher
5596: 08:59:13.050 - Auto restart is enabled for application, existing connections will be terminated during restart
5596: 08:59:13.050 - Application will restart 1000ms after the last change detected
5596: 08:59:13.050 - Application will restart if files matching the following are changed: "dll;config"
5596: 08:59:13.050 - Application will NOT restart if files matching the following are changed: "log4net.config"
5596: 08:59:13.370 - Taking reference on default app domain
5596: 08:59:13.700 - Application: "CounterPublisher" started in app domain: 5
5596: 08:59:13.700 - Adding TCP listener on: 0.0.0.0: 4530 with a listen backlog of: 150
5596: 08:59:13.700 - TCP inactivity timeout: 10000ms
5596: 08:59:13.700 - TCP disconnect timeout: 120000ms
5596: 08:59:13.700 - MaxInboundMessageSize: 512000
5596: 08:59:13.700 - MaxOutboundMessageSize: 512000
5596: 08:59:13.700 - Forcing all applications ids to: "Master"
5596: 08:59:13.700 - Serving policy file requests from: "F:\GitHub\WorkRepository\Photon-OnPremise-Server-SDK_v4-0-29-11263\deploy\Policy\assets\socket-policy.xml"
5596: 08:59:13.700 - Adding TCP listener on: 0.0.0.0: 4531 with a listen backlog of: 150
5596: 08:59:13.700 - TCP inactivity timeout: 10000ms
5596: 08:59:13.700 - TCP disconnect timeout: 120000ms
5596: 08:59:13.700 - MaxInboundMessageSize: 512000
5596: 08:59:13.700 - MaxOutboundMessageSize: 512000
5596: 08:59:13.700 - Forcing all applications ids to: "Game"
5596: 08:59:13.700 - Serving policy file requests from: "F:\GitHub\WorkRepository\Photon-OnPremise-Server-SDK_v4-0-29-11263\deploy\Policy\assets\socket-policy.xml"
5596: 08:59:13.700 - Adding TCP listener on: 0.0.0.0: 4520 with a listen backlog of: 150
5596: 08:59:13.700 - TCP inactivity timeout: 5000ms
5596: 08:59:13.700 - TCP disconnect timeout: 120000ms
5596: 08:59:13.700 - MaxInboundMessageSize: 512000
5596: 08:59:13.700 - MaxOutboundMessageSize: 512000
5596: 08:59:13.700 - Forcing all applications ids to: "Master"
5596: 08:59:13.700 - MaxInboundMessageSize: 512000
5596: 08:59:13.700 - MaxOutboundMessageSize: 512000
5596: 08:59:13.700 - UDP address specified as: "0.0.0.0" adding listener to each available IPv4 address
5596: 08:59:13.700 - Adding UDP listener on: 192.168.1.16: 5055 with a listen backlog of: 500
5596: 08:59:13.700 - Adding UDP listener on: 127.0.0.1: 5055 with a listen backlog of: 500
5596: 08:59:13.700 - Forcing all applications ids to: "Game"
5596: 08:59:13.700 - MaxInboundMessageSize: 512000
5596: 08:59:13.700 - MaxOutboundMessageSize: 512000
5596: 08:59:13.700 - UDP address specified as: "0.0.0.0" adding listener to each available IPv4 address
5596: 08:59:13.700 - Adding UDP listener on: 192.168.1.16: 5056 with a listen backlog of: 500
5596: 08:59:13.700 - Adding UDP listener on: 127.0.0.1: 5056 with a listen backlog of: 500
5596: 08:59:13.700 - Adding WebSocket TCP listener on: 0.0.0.0: 9090 with a listen backlog of: 150
5596: 08:59:13.700 - Nagle disabled
5596: 08:59:13.700 - TCP inactivity timeout: 10000ms
5596: 08:59:13.700 - MaxInboundMessageSize: 512000
5596: 08:59:13.700 - MaxOutboundMessageSize: 512000
5596: 08:59:13.700 - Forcing all applications ids to: "Master"
5596: 08:59:13.700 - Will accept ANY sub-protocols from the client
5596: 08:59:13.700 - No automatic WebSocket ping
5596: 08:59:13.700 - Adding WebSocket TCP listener on: 0.0.0.0: 9091 with a listen backlog of: 150
5596: 08:59:13.700 - Nagle disabled
5596: 08:59:13.700 - TCP inactivity timeout: 10000ms
5596: 08:59:13.700 - MaxInboundMessageSize: 512000
5596: 08:59:13.700 - MaxOutboundMessageSize: 512000
5596: 08:59:13.700 - Forcing all applications ids to: "Game"
5596: 08:59:13.700 - Will accept ANY sub-protocols from the client
5596: 08:59:13.700 - No automatic WebSocket ping
5596: 08:59:13.700 - Adding Policy File listener on: 0.0.0.0: 843 with a listen backlog of: 150 and serving Policy File: "F:\GitHub\WorkRepository\Photon-OnPremise-Server-SDK_v4-0-29-11263\deploy\Policy\assets\socket-policy.xml"
5596: 08:59:13.700 - TCP inactivity timeout: 1000ms
5596: 08:59:13.700 - Adding Policy File listener on: 0.0.0.0: 943 with a listen backlog of: 150 and serving Policy File: "F:\GitHub\WorkRepository\Photon-OnPremise-Server-SDK_v4-0-29-11263\deploy\Policy\assets\socket-policy-silverlight.xml"
5596: 08:59:13.700 - TCP inactivity timeout: 1000ms
5596: 08:59:13.750 - Service is running...
4544: 09:59:23.590 - FAILED license server contact - trying next URL.
