2016-12-22 10:13:55,156 [1] INFO  Photon.SocketServer.ApplicationBase - Application start: AppId=CounterPublisher; AppPath=F:\GitHub\WorkRepository\Photon-OnPremise-Server-SDK_v4-0-29-11263\deploy\CounterPublisher, Type=Photon.CounterPublisher.Application 
2016-12-22 10:13:55,191 [1] INFO  Photon.SocketServer.Diagnostics.CounterPublisher - CounterPublisher started publishing ExitGames.Diagnostics.Monitoring.CounterSamplePublisher to ExitGames.Diagnostics.Monitoring.CounterSampleSender
2016-12-22 10:28:30,979 [1] INFO  Photon.SocketServer.ApplicationBase - Application is stopping: AppId=CounterPublisher
2016-12-22 10:28:30,999 [1] INFO  Photon.SocketServer.ApplicationBase - Application stop: AppId=CounterPublisher
2016-12-22 10:29:19,070 [1] INFO  Photon.SocketServer.ApplicationBase - Application start: AppId=CounterPublisher; AppPath=F:\GitHub\WorkRepository\Photon-OnPremise-Server-SDK_v4-0-29-11263\deploy\CounterPublisher, Type=Photon.CounterPublisher.Application 
2016-12-22 10:29:19,091 [1] INFO  Photon.SocketServer.Diagnostics.CounterPublisher - CounterPublisher started publishing ExitGames.Diagnostics.Monitoring.CounterSamplePublisher to ExitGames.Diagnostics.Monitoring.CounterSampleSender
2016-12-22 11:09:05,390 [1] INFO  Photon.SocketServer.ApplicationBase - Application is stopping: AppId=CounterPublisher
2016-12-22 11:09:05,411 [1] INFO  Photon.SocketServer.ApplicationBase - Application stop: AppId=CounterPublisher
2016-12-22 11:09:30,370 [1] INFO  Photon.SocketServer.ApplicationBase - Application start: AppId=CounterPublisher; AppPath=F:\GitHub\WorkRepository\Photon-OnPremise-Server-SDK_v4-0-29-11263\deploy\CounterPublisher, Type=Photon.CounterPublisher.Application 
2016-12-22 11:09:30,394 [1] INFO  Photon.SocketServer.Diagnostics.CounterPublisher - CounterPublisher started publishing ExitGames.Diagnostics.Monitoring.CounterSamplePublisher to ExitGames.Diagnostics.Monitoring.CounterSampleSender
2016-12-22 16:23:18,339 [1] INFO  Photon.SocketServer.ApplicationBase - Application is stopping: AppId=CounterPublisher
2016-12-22 16:23:18,398 [1] INFO  Photon.SocketServer.ApplicationBase - Application stop: AppId=CounterPublisher
2016-12-22 16:23:34,324 [1] INFO  Photon.SocketServer.ApplicationBase - Application start: AppId=CounterPublisher; AppPath=F:\GitHub\WorkRepository\Photon-OnPremise-Server-SDK_v4-0-29-11263\deploy\CounterPublisher, Type=Photon.CounterPublisher.Application 
2016-12-22 16:23:34,344 [1] INFO  Photon.SocketServer.Diagnostics.CounterPublisher - CounterPublisher started publishing ExitGames.Diagnostics.Monitoring.CounterSamplePublisher to ExitGames.Diagnostics.Monitoring.CounterSampleSender
2016-12-23 08:59:19,080 [1] INFO  Photon.SocketServer.ApplicationBase - Application start: AppId=CounterPublisher; AppPath=F:\GitHub\WorkRepository\Photon-OnPremise-Server-SDK_v4-0-29-11263\deploy\CounterPublisher, Type=Photon.CounterPublisher.Application 
2016-12-23 08:59:19,120 [1] INFO  Photon.SocketServer.Diagnostics.CounterPublisher - CounterPublisher started publishing ExitGames.Diagnostics.Monitoring.CounterSamplePublisher to ExitGames.Diagnostics.Monitoring.CounterSampleSender
2016-12-24 16:29:24,961 [1] INFO  Photon.SocketServer.ApplicationBase - Application start: AppId=CounterPublisher; AppPath=E:\GithubRepositories\OESTS\projects-master\Photon-OnPremise-Server-SDK_v4-0-29-11263\deploy\CounterPublisher, Type=Photon.CounterPublisher.Application 
2016-12-24 16:29:25,003 [1] INFO  Photon.SocketServer.Diagnostics.CounterPublisher - CounterPublisher started publishing ExitGames.Diagnostics.Monitoring.CounterSamplePublisher to ExitGames.Diagnostics.Monitoring.CounterSampleSender
2016-12-24 17:57:39,687 [1] INFO  Photon.SocketServer.ApplicationBase - Application is stopping: AppId=CounterPublisher
2016-12-24 17:57:41,012 [1] INFO  Photon.SocketServer.ApplicationBase - Application stop: AppId=CounterPublisher
2016-12-24 17:58:07,929 [1] INFO  Photon.SocketServer.ApplicationBase - Application start: AppId=CounterPublisher; AppPath=E:\GithubRepositories\OESTS\projects-master\Photon-OnPremise-Server-SDK_v4-0-29-11263\deploy\CounterPublisher, Type=Photon.CounterPublisher.Application 
2016-12-24 17:58:07,950 [1] INFO  Photon.SocketServer.Diagnostics.CounterPublisher - CounterPublisher started publishing ExitGames.Diagnostics.Monitoring.CounterSamplePublisher to ExitGames.Diagnostics.Monitoring.CounterSampleSender
2016-12-24 18:05:22,480 [1] INFO  Photon.SocketServer.ApplicationBase - Application is stopping: AppId=CounterPublisher
2016-12-24 18:05:22,548 [1] INFO  Photon.SocketServer.ApplicationBase - Application stop: AppId=CounterPublisher
2016-12-24 18:05:40,188 [1] INFO  Photon.SocketServer.ApplicationBase - Application start: AppId=CounterPublisher; AppPath=E:\GithubRepositories\OESTS\projects-master\Photon-OnPremise-Server-SDK_v4-0-29-11263\deploy\CounterPublisher, Type=Photon.CounterPublisher.Application 
2016-12-24 18:05:40,230 [1] INFO  Photon.SocketServer.Diagnostics.CounterPublisher - CounterPublisher started publishing ExitGames.Diagnostics.Monitoring.CounterSamplePublisher to ExitGames.Diagnostics.Monitoring.CounterSampleSender
2016-12-24 18:15:33,206 [1] INFO  Photon.SocketServer.ApplicationBase - Application is stopping: AppId=CounterPublisher
2016-12-24 18:15:33,230 [1] INFO  Photon.SocketServer.ApplicationBase - Application stop: AppId=CounterPublisher
2016-12-24 18:15:46,756 [1] INFO  Photon.SocketServer.ApplicationBase - Application start: AppId=CounterPublisher; AppPath=E:\GithubRepositories\OESTS\projects-master\Photon-OnPremise-Server-SDK_v4-0-29-11263\deploy\CounterPublisher, Type=Photon.CounterPublisher.Application 
2016-12-24 18:15:46,778 [1] INFO  Photon.SocketServer.Diagnostics.CounterPublisher - CounterPublisher started publishing ExitGames.Diagnostics.Monitoring.CounterSamplePublisher to ExitGames.Diagnostics.Monitoring.CounterSampleSender
2016-12-24 18:19:04,104 [1] INFO  Photon.SocketServer.ApplicationBase - Application is stopping: AppId=CounterPublisher
2016-12-24 18:19:04,159 [1] INFO  Photon.SocketServer.ApplicationBase - Application stop: AppId=CounterPublisher
2016-12-24 18:19:13,466 [1] INFO  Photon.SocketServer.ApplicationBase - Application start: AppId=CounterPublisher; AppPath=E:\GithubRepositories\OESTS\projects-master\Photon-OnPremise-Server-SDK_v4-0-29-11263\deploy\CounterPublisher, Type=Photon.CounterPublisher.Application 
2016-12-24 18:19:13,485 [1] INFO  Photon.SocketServer.Diagnostics.CounterPublisher - CounterPublisher started publishing ExitGames.Diagnostics.Monitoring.CounterSamplePublisher to ExitGames.Diagnostics.Monitoring.CounterSampleSender
2016-12-25 00:30:49,125 [1] INFO  Photon.SocketServer.ApplicationBase - Application is stopping: AppId=CounterPublisher
2016-12-25 00:30:49,145 [1] INFO  Photon.SocketServer.ApplicationBase - Application stop: AppId=CounterPublisher
2016-12-25 00:31:05,721 [1] INFO  Photon.SocketServer.ApplicationBase - Application start: AppId=CounterPublisher; AppPath=E:\GithubRepositories\OESTS\projects-master\Photon-OnPremise-Server-SDK_v4-0-29-11263\deploy\CounterPublisher, Type=Photon.CounterPublisher.Application 
2016-12-25 00:31:05,740 [1] INFO  Photon.SocketServer.Diagnostics.CounterPublisher - CounterPublisher started publishing ExitGames.Diagnostics.Monitoring.CounterSamplePublisher to ExitGames.Diagnostics.Monitoring.CounterSampleSender
2016-12-25 09:40:58,742 [1] INFO  Photon.SocketServer.ApplicationBase - Application start: AppId=CounterPublisher; AppPath=E:\GithubRepositories\OESTS\projects-master\Photon-OnPremise-Server-SDK_v4-0-29-11263\deploy\CounterPublisher, Type=Photon.CounterPublisher.Application 
2016-12-25 09:40:58,784 [1] INFO  Photon.SocketServer.Diagnostics.CounterPublisher - CounterPublisher started publishing ExitGames.Diagnostics.Monitoring.CounterSamplePublisher to ExitGames.Diagnostics.Monitoring.CounterSampleSender
2016-12-26 00:27:47,980 [1] INFO  Photon.SocketServer.ApplicationBase - Application is stopping: AppId=CounterPublisher
2016-12-26 00:27:49,216 [1] INFO  Photon.SocketServer.ApplicationBase - Application stop: AppId=CounterPublisher
2016-12-26 00:28:02,145 [1] INFO  Photon.SocketServer.ApplicationBase - Application start: AppId=CounterPublisher; AppPath=E:\GithubRepositories\OESTS\projects-master\Photon-OnPremise-Server-SDK_v4-0-29-11263\deploy\CounterPublisher, Type=Photon.CounterPublisher.Application 
2016-12-26 00:28:02,165 [1] INFO  Photon.SocketServer.Diagnostics.CounterPublisher - CounterPublisher started publishing ExitGames.Diagnostics.Monitoring.CounterSamplePublisher to ExitGames.Diagnostics.Monitoring.CounterSampleSender
