2016-12-22 10:13:55,390 [1] INFO  Photon.LoadBalancing.GameServer.GameApplication - Setup: serverId=fbaeb077-e93b-4bdc-a7f0-572d79bb1edb
2016-12-22 10:14:00,775 [1] INFO  Photon.SocketServer.Diagnostics.PerfCounterManagerBase - PerformanceCounter category 'Photon: Http Queue Counters' does not exists and will be created
2016-12-22 10:14:01,080 [1] INFO  Photon.SocketServer.Diagnostics.HttpQueuePerformanceCounters - HTTP Queue performance counters successfully initialized
2016-12-22 10:14:01,081 [1] INFO  Photon.SocketServer.Diagnostics.HttpQueuePerformanceCounters - Internal HTTP Queue performance counters successfully created
2016-12-22 10:14:01,088 [1] INFO  Photon.LoadBalancing.GameServer.GameApplication - TokenCreator intialized with an expiration of 02:46:40
2016-12-22 10:14:04,473 [1] WARN  Photon.Common.LoadBalancer.LoadShedding.WorkloadController - Did not find counter Business Logic Queue
2016-12-22 10:14:04,473 [1] WARN  Photon.Common.LoadBalancer.LoadShedding.WorkloadController - Did not find counter ENet Queue
2016-12-22 10:14:04,474 [1] WARN  Photon.Common.LoadBalancer.LoadShedding.WorkloadController - Did not find counter bytes in/sec
2016-12-22 10:14:04,475 [1] WARN  Photon.Common.LoadBalancer.LoadShedding.WorkloadController - Did not find counter bytes out/sec
2016-12-22 10:14:04,475 [1] WARN  Photon.Common.LoadBalancer.LoadShedding.WorkloadController - Did not find counter ENet Threads Processing
2016-12-22 10:14:04,476 [1] WARN  Photon.Common.LoadBalancer.LoadShedding.WorkloadController - Did not find counter ENet Threads Active
2016-12-22 10:14:04,477 [1] WARN  Photon.Common.LoadBalancer.LoadShedding.WorkloadController - Did not find counter Time Spent In Server: In (ms)
2016-12-22 10:14:04,477 [1] WARN  Photon.Common.LoadBalancer.LoadShedding.WorkloadController - Did not find counter Time Spent In Server: Out (ms)
2016-12-22 10:14:04,478 [1] WARN  Photon.Common.LoadBalancer.LoadShedding.WorkloadController - Did not find counter TCP: Disconnected Peers +/sec
2016-12-22 10:14:04,479 [1] WARN  Photon.Common.LoadBalancer.LoadShedding.WorkloadController - Did not find counter TCP: Disconnected Peers (C) +/sec
2016-12-22 10:14:04,479 [1] WARN  Photon.Common.LoadBalancer.LoadShedding.WorkloadController - Did not find counter TCP: Peers
2016-12-22 10:14:04,480 [1] WARN  Photon.Common.LoadBalancer.LoadShedding.WorkloadController - Did not find counter UDP: Disconnected Peers +/sec
2016-12-22 10:14:04,481 [1] WARN  Photon.Common.LoadBalancer.LoadShedding.WorkloadController - Did not find counter UDP: Disconnected Peers (C) +/sec
2016-12-22 10:14:04,481 [1] WARN  Photon.Common.LoadBalancer.LoadShedding.WorkloadController - Did not find counter UDP: Peers
2016-12-22 10:14:04,490 [1] WARN  Photon.Common.LoadBalancer.LoadShedding.FeedbackControlSystem - Could not initialize Feedback Control System from configuration: Invalid configuration file F:\GitHub\WorkRepository\Photon-OnPremise-Server-SDK_v4-0-29-11263\deploy\Workload.config. Using default settings... (未能找到文件“F:\GitHub\WorkRepository\Photon-OnPremise-Server-SDK_v4-0-29-11263\deploy\Workload.config”。)
2016-12-22 10:14:04,498 [1] INFO  Photon.Common.LoadBalancer.ServerStateManager - Watching for application state file in F:\GitHub\WorkRepository\Photon-OnPremise-Server-SDK_v4-0-29-11263\deploy\ServerState.txt
2016-12-22 10:14:04,500 [1] INFO  Photon.Common.LoadBalancer.ServerStateManager - Server state is set to online
2016-12-22 10:14:04,501 [1] INFO  Photon.LoadBalancing.GameServer.GameApplication - Initializing master server connection ...
2016-12-22 10:14:04,703 [1] INFO  Photon.LoadBalancing.GameServer.MasterServerConnectionBase - Connecting to master at 127.0.0.1:4520, serverId=fbaeb077-e93b-4bdc-a7f0-572d79bb1edb
2016-12-22 10:14:04,722 [1] INFO  Photon.SocketServer.ApplicationBase - Application start: AppId=Game; AppPath=F:\GitHub\WorkRepository\Photon-OnPremise-Server-SDK_v4-0-29-11263\deploy\LoadBalancing\GameServer, Type=Photon.LoadBalancing.GameServer.GameApplication 
2016-12-22 10:14:04,727 [1] INFO  Photon.SocketServer.Diagnostics.CounterPublisher - CounterPublisher started publishing ExitGames.Diagnostics.Monitoring.CounterSamplePublisher to ExitGames.Diagnostics.Monitoring.CounterSampleSender
2016-12-22 10:14:08,644 [12] INFO  Photon.LoadBalancing.GameServer.MasterServerConnectionBase - Master connection established: address:127.0.0.1
2016-12-22 10:14:08,644 [12] INFO  Photon.Common.LoadBalancer.ServerStateManager - Server state is set to online
2016-12-22 10:14:08,648 [12] INFO  Photon.LoadBalancing.GameServer.OutgoingMasterServerPeer - Registering game server with address 127.0.0.1, TCP 4531, UDP 5056, WebSocket 9091, Secure WebSocket 19091, HTTP 80, ServerID fbaeb077-e93b-4bdc-a7f0-572d79bb1edb, Hostname localhost, IPv6Address 
2016-12-22 10:14:08,706 [11] INFO  Photon.Common.LoadBalancer.LoadShedding.FeedbackController - Transit CpuUsage from Lowest to Low with input 35
2016-12-22 10:14:08,706 [11] INFO  Photon.Common.LoadBalancer.LoadShedding.WorkloadController - FeedbackLevel changed: old=Lowest, new=Low
2016-12-22 10:14:08,758 [13] INFO  Photon.LoadBalancing.GameServer.OutgoingMasterServerPeer - Successfully registered at master server: serverId=fbaeb077-e93b-4bdc-a7f0-572d79bb1edb
2016-12-22 10:28:30,982 [1] INFO  Photon.LoadBalancing.GameServer.GameApplication - OnStopRequested: serverid=fbaeb077-e93b-4bdc-a7f0-572d79bb1edb
2016-12-22 10:28:30,984 [1] INFO  Photon.SocketServer.ApplicationBase - Application is stopping: AppId=Game
2016-12-22 10:28:30,995 [7] INFO  Photon.LoadBalancing.GameServer.OutgoingMasterServerPeer - connection to master closed (id=2, reason=ManagedDisconnect, detail=), serverId=fbaeb077-e93b-4bdc-a7f0-572d79bb1edb
2016-12-22 10:28:31,001 [1] INFO  Photon.LoadBalancing.GameServer.GameApplication - TearDown: serverId=fbaeb077-e93b-4bdc-a7f0-572d79bb1edb
2016-12-22 10:28:31,021 [1] INFO  Photon.SocketServer.ApplicationBase - Application stop: AppId=Game
2016-12-22 10:29:19,202 [1] INFO  Photon.LoadBalancing.GameServer.GameApplication - Setup: serverId=ffbd6441-18be-433f-9d0d-16fe9883cf43
2016-12-22 10:29:20,744 [1] INFO  Photon.SocketServer.Diagnostics.HttpQueuePerformanceCounters - HTTP Queue performance counters successfully initialized
2016-12-22 10:29:20,744 [1] INFO  Photon.SocketServer.Diagnostics.HttpQueuePerformanceCounters - Internal HTTP Queue performance counters successfully created
2016-12-22 10:29:20,749 [1] INFO  Photon.LoadBalancing.GameServer.GameApplication - TokenCreator intialized with an expiration of 02:46:40
2016-12-22 10:29:24,805 [1] WARN  Photon.Common.LoadBalancer.LoadShedding.WorkloadController - Did not find counter Business Logic Queue
2016-12-22 10:29:24,805 [1] WARN  Photon.Common.LoadBalancer.LoadShedding.WorkloadController - Did not find counter ENet Queue
2016-12-22 10:29:24,806 [1] WARN  Photon.Common.LoadBalancer.LoadShedding.WorkloadController - Did not find counter bytes in/sec
2016-12-22 10:29:24,807 [1] WARN  Photon.Common.LoadBalancer.LoadShedding.WorkloadController - Did not find counter bytes out/sec
2016-12-22 10:29:24,807 [1] WARN  Photon.Common.LoadBalancer.LoadShedding.WorkloadController - Did not find counter ENet Threads Processing
2016-12-22 10:29:24,808 [1] WARN  Photon.Common.LoadBalancer.LoadShedding.WorkloadController - Did not find counter ENet Threads Active
2016-12-22 10:29:24,809 [1] WARN  Photon.Common.LoadBalancer.LoadShedding.WorkloadController - Did not find counter Time Spent In Server: In (ms)
2016-12-22 10:29:24,809 [1] WARN  Photon.Common.LoadBalancer.LoadShedding.WorkloadController - Did not find counter Time Spent In Server: Out (ms)
2016-12-22 10:29:24,810 [1] WARN  Photon.Common.LoadBalancer.LoadShedding.WorkloadController - Did not find counter TCP: Disconnected Peers +/sec
2016-12-22 10:29:24,811 [1] WARN  Photon.Common.LoadBalancer.LoadShedding.WorkloadController - Did not find counter TCP: Disconnected Peers (C) +/sec
2016-12-22 10:29:24,811 [1] WARN  Photon.Common.LoadBalancer.LoadShedding.WorkloadController - Did not find counter TCP: Peers
2016-12-22 10:29:24,812 [1] WARN  Photon.Common.LoadBalancer.LoadShedding.WorkloadController - Did not find counter UDP: Disconnected Peers +/sec
2016-12-22 10:29:24,813 [1] WARN  Photon.Common.LoadBalancer.LoadShedding.WorkloadController - Did not find counter UDP: Disconnected Peers (C) +/sec
2016-12-22 10:29:24,813 [1] WARN  Photon.Common.LoadBalancer.LoadShedding.WorkloadController - Did not find counter UDP: Peers
2016-12-22 10:29:24,821 [1] WARN  Photon.Common.LoadBalancer.LoadShedding.FeedbackControlSystem - Could not initialize Feedback Control System from configuration: Invalid configuration file F:\GitHub\WorkRepository\Photon-OnPremise-Server-SDK_v4-0-29-11263\deploy\Workload.config. Using default settings... (未能找到文件“F:\GitHub\WorkRepository\Photon-OnPremise-Server-SDK_v4-0-29-11263\deploy\Workload.config”。)
2016-12-22 10:29:24,829 [1] INFO  Photon.Common.LoadBalancer.ServerStateManager - Watching for application state file in F:\GitHub\WorkRepository\Photon-OnPremise-Server-SDK_v4-0-29-11263\deploy\ServerState.txt
2016-12-22 10:29:24,831 [1] INFO  Photon.Common.LoadBalancer.ServerStateManager - Server state is set to online
2016-12-22 10:29:24,832 [1] INFO  Photon.LoadBalancing.GameServer.GameApplication - Initializing master server connection ...
2016-12-22 10:29:24,870 [1] INFO  Photon.LoadBalancing.GameServer.MasterServerConnectionBase - Connecting to master at 127.0.0.1:4520, serverId=ffbd6441-18be-433f-9d0d-16fe9883cf43
2016-12-22 10:29:24,889 [1] INFO  Photon.SocketServer.ApplicationBase - Application start: AppId=Game; AppPath=F:\GitHub\WorkRepository\Photon-OnPremise-Server-SDK_v4-0-29-11263\deploy\LoadBalancing\GameServer, Type=Photon.LoadBalancing.GameServer.GameApplication 
2016-12-22 10:29:24,894 [1] INFO  Photon.SocketServer.Diagnostics.CounterPublisher - CounterPublisher started publishing ExitGames.Diagnostics.Monitoring.CounterSamplePublisher to ExitGames.Diagnostics.Monitoring.CounterSampleSender
2016-12-22 10:29:26,667 [6] INFO  Photon.LoadBalancing.GameServer.MasterServerConnectionBase - Master connection established: address:127.0.0.1
2016-12-22 10:29:26,667 [6] INFO  Photon.Common.LoadBalancer.ServerStateManager - Server state is set to online
2016-12-22 10:29:26,671 [11] INFO  Photon.LoadBalancing.GameServer.OutgoingMasterServerPeer - Registering game server with address 127.0.0.1, TCP 4531, UDP 5056, WebSocket 9091, Secure WebSocket 19091, HTTP 80, ServerID ffbd6441-18be-433f-9d0d-16fe9883cf43, Hostname localhost, IPv6Address 
2016-12-22 10:29:26,730 [6] INFO  Photon.LoadBalancing.GameServer.OutgoingMasterServerPeer - Successfully registered at master server: serverId=ffbd6441-18be-433f-9d0d-16fe9883cf43
2016-12-22 10:29:27,989 [13] INFO  Photon.Common.LoadBalancer.LoadShedding.FeedbackController - Transit CpuUsage from Lowest to Low with input 37
2016-12-22 10:29:27,989 [13] INFO  Photon.Common.LoadBalancer.LoadShedding.WorkloadController - FeedbackLevel changed: old=Lowest, new=Low
2016-12-22 11:09:05,392 [1] INFO  Photon.LoadBalancing.GameServer.GameApplication - OnStopRequested: serverid=ffbd6441-18be-433f-9d0d-16fe9883cf43
2016-12-22 11:09:05,395 [1] INFO  Photon.SocketServer.ApplicationBase - Application is stopping: AppId=Game
2016-12-22 11:09:05,420 [1] INFO  Photon.LoadBalancing.GameServer.GameApplication - TearDown: serverId=ffbd6441-18be-433f-9d0d-16fe9883cf43
2016-12-22 11:09:05,421 [1] INFO  Photon.SocketServer.ApplicationBase - Application stop: AppId=Game
2016-12-22 11:09:05,431 [7] INFO  Photon.LoadBalancing.GameServer.OutgoingMasterServerPeer - connection to master closed (id=2, reason=ManagedDisconnect, detail=Application abort), serverId=ffbd6441-18be-433f-9d0d-16fe9883cf43
2016-12-22 11:09:30,553 [1] INFO  Photon.LoadBalancing.GameServer.GameApplication - Setup: serverId=766db159-9797-4ea9-9169-3a8acc4204bc
2016-12-22 11:09:32,545 [1] INFO  Photon.SocketServer.Diagnostics.HttpQueuePerformanceCounters - HTTP Queue performance counters successfully initialized
2016-12-22 11:09:32,546 [1] INFO  Photon.SocketServer.Diagnostics.HttpQueuePerformanceCounters - Internal HTTP Queue performance counters successfully created
2016-12-22 11:09:32,550 [1] INFO  Photon.LoadBalancing.GameServer.GameApplication - TokenCreator intialized with an expiration of 02:46:40
2016-12-22 11:09:36,225 [1] WARN  Photon.Common.LoadBalancer.LoadShedding.WorkloadController - Did not find counter Business Logic Queue
2016-12-22 11:09:36,226 [1] WARN  Photon.Common.LoadBalancer.LoadShedding.WorkloadController - Did not find counter ENet Queue
2016-12-22 11:09:36,227 [1] WARN  Photon.Common.LoadBalancer.LoadShedding.WorkloadController - Did not find counter bytes in/sec
2016-12-22 11:09:36,227 [1] WARN  Photon.Common.LoadBalancer.LoadShedding.WorkloadController - Did not find counter bytes out/sec
2016-12-22 11:09:36,228 [1] WARN  Photon.Common.LoadBalancer.LoadShedding.WorkloadController - Did not find counter ENet Threads Processing
2016-12-22 11:09:36,229 [1] WARN  Photon.Common.LoadBalancer.LoadShedding.WorkloadController - Did not find counter ENet Threads Active
2016-12-22 11:09:36,230 [1] WARN  Photon.Common.LoadBalancer.LoadShedding.WorkloadController - Did not find counter Time Spent In Server: In (ms)
2016-12-22 11:09:36,230 [1] WARN  Photon.Common.LoadBalancer.LoadShedding.WorkloadController - Did not find counter Time Spent In Server: Out (ms)
2016-12-22 11:09:36,231 [1] WARN  Photon.Common.LoadBalancer.LoadShedding.WorkloadController - Did not find counter TCP: Disconnected Peers +/sec
2016-12-22 11:09:36,232 [1] WARN  Photon.Common.LoadBalancer.LoadShedding.WorkloadController - Did not find counter TCP: Disconnected Peers (C) +/sec
2016-12-22 11:09:36,233 [1] WARN  Photon.Common.LoadBalancer.LoadShedding.WorkloadController - Did not find counter TCP: Peers
2016-12-22 11:09:36,234 [1] WARN  Photon.Common.LoadBalancer.LoadShedding.WorkloadController - Did not find counter UDP: Disconnected Peers +/sec
2016-12-22 11:09:36,234 [1] WARN  Photon.Common.LoadBalancer.LoadShedding.WorkloadController - Did not find counter UDP: Disconnected Peers (C) +/sec
2016-12-22 11:09:36,235 [1] WARN  Photon.Common.LoadBalancer.LoadShedding.WorkloadController - Did not find counter UDP: Peers
2016-12-22 11:09:36,244 [1] WARN  Photon.Common.LoadBalancer.LoadShedding.FeedbackControlSystem - Could not initialize Feedback Control System from configuration: Invalid configuration file F:\GitHub\WorkRepository\Photon-OnPremise-Server-SDK_v4-0-29-11263\deploy\Workload.config. Using default settings... (未能找到文件“F:\GitHub\WorkRepository\Photon-OnPremise-Server-SDK_v4-0-29-11263\deploy\Workload.config”。)
2016-12-22 11:09:36,251 [1] INFO  Photon.Common.LoadBalancer.ServerStateManager - Watching for application state file in F:\GitHub\WorkRepository\Photon-OnPremise-Server-SDK_v4-0-29-11263\deploy\ServerState.txt
2016-12-22 11:09:36,253 [1] INFO  Photon.Common.LoadBalancer.ServerStateManager - Server state is set to online
2016-12-22 11:09:36,254 [1] INFO  Photon.LoadBalancing.GameServer.GameApplication - Initializing master server connection ...
2016-12-22 11:09:36,284 [1] INFO  Photon.LoadBalancing.GameServer.MasterServerConnectionBase - Connecting to master at 127.0.0.1:4520, serverId=766db159-9797-4ea9-9169-3a8acc4204bc
2016-12-22 11:09:36,305 [1] INFO  Photon.SocketServer.ApplicationBase - Application start: AppId=Game; AppPath=F:\GitHub\WorkRepository\Photon-OnPremise-Server-SDK_v4-0-29-11263\deploy\LoadBalancing\GameServer, Type=Photon.LoadBalancing.GameServer.GameApplication 
2016-12-22 11:09:36,310 [1] INFO  Photon.SocketServer.Diagnostics.CounterPublisher - CounterPublisher started publishing ExitGames.Diagnostics.Monitoring.CounterSamplePublisher to ExitGames.Diagnostics.Monitoring.CounterSampleSender
2016-12-22 11:09:38,410 [6] INFO  Photon.Common.LoadBalancer.LoadShedding.FeedbackController - Transit CpuUsage from Lowest to Low with input 41
2016-12-22 11:09:38,411 [6] INFO  Photon.Common.LoadBalancer.LoadShedding.WorkloadController - FeedbackLevel changed: old=Lowest, new=Low
2016-12-22 11:09:38,424 [16] INFO  Photon.LoadBalancing.GameServer.MasterServerConnectionBase - Master connection established: address:127.0.0.1
2016-12-22 11:09:38,424 [16] INFO  Photon.Common.LoadBalancer.ServerStateManager - Server state is set to online
2016-12-22 11:09:38,428 [16] INFO  Photon.LoadBalancing.GameServer.OutgoingMasterServerPeer - Registering game server with address 127.0.0.1, TCP 4531, UDP 5056, WebSocket 9091, Secure WebSocket 19091, HTTP 80, ServerID 766db159-9797-4ea9-9169-3a8acc4204bc, Hostname localhost, IPv6Address 
2016-12-22 11:09:38,486 [13] INFO  Photon.LoadBalancing.GameServer.OutgoingMasterServerPeer - Successfully registered at master server: serverId=766db159-9797-4ea9-9169-3a8acc4204bc
2016-12-22 15:31:55,949 [23] INFO  Photon.Common.LoadBalancer.LoadShedding.FeedbackController - Transit CpuUsage from Low to Normal with input 50
2016-12-22 15:31:56,140 [23] INFO  Photon.Common.LoadBalancer.LoadShedding.WorkloadController - FeedbackLevel changed: old=Low, new=Normal
2016-12-22 15:33:43,431 [19] INFO  Photon.Common.LoadBalancer.LoadShedding.FeedbackController - Transit CpuUsage from Normal to Low with input 35
2016-12-22 15:33:43,651 [19] INFO  Photon.Common.LoadBalancer.LoadShedding.WorkloadController - FeedbackLevel changed: old=Normal, new=Low
2016-12-22 15:40:59,456 [22] INFO  Photon.Common.LoadBalancer.LoadShedding.FeedbackController - Transit CpuUsage from Low to Normal with input 50
2016-12-22 15:40:59,457 [22] INFO  Photon.Common.LoadBalancer.LoadShedding.WorkloadController - FeedbackLevel changed: old=Low, new=Normal
2016-12-22 15:46:57,415 [19] INFO  Photon.Common.LoadBalancer.LoadShedding.FeedbackController - Transit CpuUsage from Normal to Low with input 35
2016-12-22 15:46:57,416 [19] INFO  Photon.Common.LoadBalancer.LoadShedding.WorkloadController - FeedbackLevel changed: old=Normal, new=Low
2016-12-22 16:03:15,931 [13] INFO  Photon.Common.LoadBalancer.LoadShedding.FeedbackController - Transit CpuUsage from Low to Normal with input 50
2016-12-22 16:03:15,932 [13] INFO  Photon.Common.LoadBalancer.LoadShedding.WorkloadController - FeedbackLevel changed: old=Low, new=Normal
2016-12-22 16:05:25,730 [13] INFO  Photon.Common.LoadBalancer.LoadShedding.FeedbackController - Transit CpuUsage from Normal to Low with input 35
2016-12-22 16:05:25,730 [13] INFO  Photon.Common.LoadBalancer.LoadShedding.WorkloadController - FeedbackLevel changed: old=Normal, new=Low
2016-12-22 16:23:18,363 [1] INFO  Photon.LoadBalancing.GameServer.GameApplication - OnStopRequested: serverid=766db159-9797-4ea9-9169-3a8acc4204bc
2016-12-22 16:23:18,365 [1] INFO  Photon.SocketServer.ApplicationBase - Application is stopping: AppId=Game
2016-12-22 16:23:18,374 [13] INFO  Photon.LoadBalancing.GameServer.OutgoingMasterServerPeer - connection to master closed (id=2, reason=ManagedDisconnect, detail=), serverId=766db159-9797-4ea9-9169-3a8acc4204bc
2016-12-22 16:23:18,424 [1] INFO  Photon.LoadBalancing.GameServer.GameApplication - TearDown: serverId=766db159-9797-4ea9-9169-3a8acc4204bc
2016-12-22 16:23:18,549 [1] INFO  Photon.SocketServer.ApplicationBase - Application stop: AppId=Game
2016-12-22 16:23:34,572 [1] INFO  Photon.LoadBalancing.GameServer.GameApplication - Setup: serverId=c6f29b90-05a3-4a16-8810-81dd27336357
2016-12-22 16:23:35,077 [1] INFO  Photon.SocketServer.Diagnostics.HttpQueuePerformanceCounters - HTTP Queue performance counters successfully initialized
2016-12-22 16:23:35,077 [1] INFO  Photon.SocketServer.Diagnostics.HttpQueuePerformanceCounters - Internal HTTP Queue performance counters successfully created
2016-12-22 16:23:35,082 [1] INFO  Photon.LoadBalancing.GameServer.GameApplication - TokenCreator intialized with an expiration of 02:46:40
2016-12-22 16:23:37,170 [1] WARN  Photon.Common.LoadBalancer.LoadShedding.WorkloadController - Did not find counter Business Logic Queue
2016-12-22 16:23:37,170 [1] WARN  Photon.Common.LoadBalancer.LoadShedding.WorkloadController - Did not find counter ENet Queue
2016-12-22 16:23:37,171 [1] WARN  Photon.Common.LoadBalancer.LoadShedding.WorkloadController - Did not find counter bytes in/sec
2016-12-22 16:23:37,172 [1] WARN  Photon.Common.LoadBalancer.LoadShedding.WorkloadController - Did not find counter bytes out/sec
2016-12-22 16:23:37,172 [1] WARN  Photon.Common.LoadBalancer.LoadShedding.WorkloadController - Did not find counter ENet Threads Processing
2016-12-22 16:23:37,173 [1] WARN  Photon.Common.LoadBalancer.LoadShedding.WorkloadController - Did not find counter ENet Threads Active
2016-12-22 16:23:37,174 [1] WARN  Photon.Common.LoadBalancer.LoadShedding.WorkloadController - Did not find counter Time Spent In Server: In (ms)
2016-12-22 16:23:37,174 [1] WARN  Photon.Common.LoadBalancer.LoadShedding.WorkloadController - Did not find counter Time Spent In Server: Out (ms)
2016-12-22 16:23:37,175 [1] WARN  Photon.Common.LoadBalancer.LoadShedding.WorkloadController - Did not find counter TCP: Disconnected Peers +/sec
2016-12-22 16:23:37,175 [1] WARN  Photon.Common.LoadBalancer.LoadShedding.WorkloadController - Did not find counter TCP: Disconnected Peers (C) +/sec
2016-12-22 16:23:37,176 [1] WARN  Photon.Common.LoadBalancer.LoadShedding.WorkloadController - Did not find counter TCP: Peers
2016-12-22 16:23:37,176 [1] WARN  Photon.Common.LoadBalancer.LoadShedding.WorkloadController - Did not find counter UDP: Disconnected Peers +/sec
2016-12-22 16:23:37,177 [1] WARN  Photon.Common.LoadBalancer.LoadShedding.WorkloadController - Did not find counter UDP: Disconnected Peers (C) +/sec
2016-12-22 16:23:37,178 [1] WARN  Photon.Common.LoadBalancer.LoadShedding.WorkloadController - Did not find counter UDP: Peers
2016-12-22 16:23:37,186 [1] WARN  Photon.Common.LoadBalancer.LoadShedding.FeedbackControlSystem - Could not initialize Feedback Control System from configuration: Invalid configuration file F:\GitHub\WorkRepository\Photon-OnPremise-Server-SDK_v4-0-29-11263\deploy\Workload.config. Using default settings... (未能找到文件“F:\GitHub\WorkRepository\Photon-OnPremise-Server-SDK_v4-0-29-11263\deploy\Workload.config”。)
2016-12-22 16:23:37,194 [1] INFO  Photon.Common.LoadBalancer.ServerStateManager - Watching for application state file in F:\GitHub\WorkRepository\Photon-OnPremise-Server-SDK_v4-0-29-11263\deploy\ServerState.txt
2016-12-22 16:23:37,196 [1] INFO  Photon.Common.LoadBalancer.ServerStateManager - Server state is set to online
2016-12-22 16:23:37,197 [1] INFO  Photon.LoadBalancing.GameServer.GameApplication - Initializing master server connection ...
2016-12-22 16:23:37,282 [1] INFO  Photon.LoadBalancing.GameServer.MasterServerConnectionBase - Connecting to master at 127.0.0.1:4520, serverId=c6f29b90-05a3-4a16-8810-81dd27336357
2016-12-22 16:23:37,302 [1] INFO  Photon.SocketServer.ApplicationBase - Application start: AppId=Game; AppPath=F:\GitHub\WorkRepository\Photon-OnPremise-Server-SDK_v4-0-29-11263\deploy\LoadBalancing\GameServer, Type=Photon.LoadBalancing.GameServer.GameApplication 
2016-12-22 16:23:37,307 [1] INFO  Photon.SocketServer.Diagnostics.CounterPublisher - CounterPublisher started publishing ExitGames.Diagnostics.Monitoring.CounterSamplePublisher to ExitGames.Diagnostics.Monitoring.CounterSampleSender
2016-12-22 16:23:39,404 [13] INFO  Photon.LoadBalancing.GameServer.MasterServerConnectionBase - Master connection established: address:127.0.0.1
2016-12-22 16:23:39,404 [13] INFO  Photon.Common.LoadBalancer.ServerStateManager - Server state is set to online
2016-12-22 16:23:39,408 [13] INFO  Photon.LoadBalancing.GameServer.OutgoingMasterServerPeer - Registering game server with address 127.0.0.1, TCP 4531, UDP 5056, WebSocket 9091, Secure WebSocket 19091, HTTP 80, ServerID c6f29b90-05a3-4a16-8810-81dd27336357, Hostname localhost, IPv6Address 
2016-12-22 16:23:39,470 [11] INFO  Photon.LoadBalancing.GameServer.OutgoingMasterServerPeer - Successfully registered at master server: serverId=c6f29b90-05a3-4a16-8810-81dd27336357
2016-12-22 16:24:44,218 [12] INFO  Photon.Common.LoadBalancer.LoadShedding.FeedbackController - Transit CpuUsage from Lowest to Low with input 35
2016-12-22 16:24:44,218 [12] INFO  Photon.Common.LoadBalancer.LoadShedding.WorkloadController - FeedbackLevel changed: old=Lowest, new=Low
2016-12-23 08:59:19,260 [1] INFO  Photon.LoadBalancing.GameServer.GameApplication - Setup: serverId=da56cef0-e358-457c-96b1-27b22ded6ae3
2016-12-23 08:59:20,750 [1] INFO  Photon.SocketServer.Diagnostics.HttpQueuePerformanceCounters - HTTP Queue performance counters successfully initialized
2016-12-23 08:59:20,750 [1] INFO  Photon.SocketServer.Diagnostics.HttpQueuePerformanceCounters - Internal HTTP Queue performance counters successfully created
2016-12-23 08:59:20,750 [1] INFO  Photon.LoadBalancing.GameServer.GameApplication - TokenCreator intialized with an expiration of 02:46:40
2016-12-23 08:59:24,730 [1] WARN  Photon.Common.LoadBalancer.LoadShedding.WorkloadController - Did not find counter Business Logic Queue
2016-12-23 08:59:24,730 [1] WARN  Photon.Common.LoadBalancer.LoadShedding.WorkloadController - Did not find counter ENet Queue
2016-12-23 08:59:24,730 [1] WARN  Photon.Common.LoadBalancer.LoadShedding.WorkloadController - Did not find counter bytes in/sec
2016-12-23 08:59:24,730 [1] WARN  Photon.Common.LoadBalancer.LoadShedding.WorkloadController - Did not find counter bytes out/sec
2016-12-23 08:59:24,730 [1] WARN  Photon.Common.LoadBalancer.LoadShedding.WorkloadController - Did not find counter ENet Threads Processing
2016-12-23 08:59:24,730 [1] WARN  Photon.Common.LoadBalancer.LoadShedding.WorkloadController - Did not find counter ENet Threads Active
2016-12-23 08:59:24,730 [1] WARN  Photon.Common.LoadBalancer.LoadShedding.WorkloadController - Did not find counter Time Spent In Server: In (ms)
2016-12-23 08:59:24,730 [1] WARN  Photon.Common.LoadBalancer.LoadShedding.WorkloadController - Did not find counter Time Spent In Server: Out (ms)
2016-12-23 08:59:24,730 [1] WARN  Photon.Common.LoadBalancer.LoadShedding.WorkloadController - Did not find counter TCP: Disconnected Peers +/sec
2016-12-23 08:59:24,740 [1] WARN  Photon.Common.LoadBalancer.LoadShedding.WorkloadController - Did not find counter TCP: Disconnected Peers (C) +/sec
2016-12-23 08:59:24,740 [1] WARN  Photon.Common.LoadBalancer.LoadShedding.WorkloadController - Did not find counter TCP: Peers
2016-12-23 08:59:24,740 [1] WARN  Photon.Common.LoadBalancer.LoadShedding.WorkloadController - Did not find counter UDP: Disconnected Peers +/sec
2016-12-23 08:59:24,740 [1] WARN  Photon.Common.LoadBalancer.LoadShedding.WorkloadController - Did not find counter UDP: Disconnected Peers (C) +/sec
2016-12-23 08:59:24,740 [1] WARN  Photon.Common.LoadBalancer.LoadShedding.WorkloadController - Did not find counter UDP: Peers
2016-12-23 08:59:24,750 [1] WARN  Photon.Common.LoadBalancer.LoadShedding.FeedbackControlSystem - Could not initialize Feedback Control System from configuration: Invalid configuration file F:\GitHub\WorkRepository\Photon-OnPremise-Server-SDK_v4-0-29-11263\deploy\Workload.config. Using default settings... (未能找到文件“F:\GitHub\WorkRepository\Photon-OnPremise-Server-SDK_v4-0-29-11263\deploy\Workload.config”。)
2016-12-23 08:59:24,750 [1] INFO  Photon.Common.LoadBalancer.ServerStateManager - Watching for application state file in F:\GitHub\WorkRepository\Photon-OnPremise-Server-SDK_v4-0-29-11263\deploy\ServerState.txt
2016-12-23 08:59:24,760 [1] INFO  Photon.Common.LoadBalancer.ServerStateManager - Server state is set to online
2016-12-23 08:59:24,760 [1] INFO  Photon.LoadBalancing.GameServer.GameApplication - Initializing master server connection ...
2016-12-23 08:59:24,840 [1] INFO  Photon.LoadBalancing.GameServer.MasterServerConnectionBase - Connecting to master at 127.0.0.1:4520, serverId=da56cef0-e358-457c-96b1-27b22ded6ae3
2016-12-23 08:59:24,870 [1] INFO  Photon.SocketServer.ApplicationBase - Application start: AppId=Game; AppPath=F:\GitHub\WorkRepository\Photon-OnPremise-Server-SDK_v4-0-29-11263\deploy\LoadBalancing\GameServer, Type=Photon.LoadBalancing.GameServer.GameApplication 
2016-12-23 08:59:24,870 [1] INFO  Photon.SocketServer.Diagnostics.CounterPublisher - CounterPublisher started publishing ExitGames.Diagnostics.Monitoring.CounterSamplePublisher to ExitGames.Diagnostics.Monitoring.CounterSampleSender
2016-12-23 08:59:26,080 [15] INFO  Photon.LoadBalancing.GameServer.MasterServerConnectionBase - Master connection established: address:127.0.0.1
2016-12-23 08:59:26,080 [15] INFO  Photon.Common.LoadBalancer.ServerStateManager - Server state is set to online
2016-12-23 08:59:26,090 [15] INFO  Photon.LoadBalancing.GameServer.OutgoingMasterServerPeer - Registering game server with address 127.0.0.1, TCP 4531, UDP 5056, WebSocket 9091, Secure WebSocket 19091, HTTP 80, ServerID da56cef0-e358-457c-96b1-27b22ded6ae3, Hostname localhost, IPv6Address 
2016-12-23 08:59:26,160 [13] INFO  Photon.LoadBalancing.GameServer.OutgoingMasterServerPeer - Successfully registered at master server: serverId=da56cef0-e358-457c-96b1-27b22ded6ae3
2016-12-23 09:22:28,978 [10] INFO  Photon.Common.LoadBalancer.LoadShedding.FeedbackController - Transit CpuUsage from Lowest to Low with input 35
2016-12-23 09:22:28,979 [10] INFO  Photon.Common.LoadBalancer.LoadShedding.WorkloadController - FeedbackLevel changed: old=Lowest, new=Low
2016-12-23 09:24:11,391 [10] INFO  Photon.Common.LoadBalancer.LoadShedding.FeedbackController - Transit CpuUsage from Low to Lowest with input 20
2016-12-23 09:24:11,480 [10] INFO  Photon.Common.LoadBalancer.LoadShedding.WorkloadController - FeedbackLevel changed: old=Low, new=Lowest
2016-12-24 16:29:25,646 [1] INFO  Photon.LoadBalancing.GameServer.GameApplication - Setup: serverId=9cf22f6f-782f-455c-b583-3234bc3e3ec8
2016-12-24 16:29:27,040 [1] INFO  Photon.SocketServer.Diagnostics.HttpQueuePerformanceCounters - HTTP Queue performance counters successfully initialized
2016-12-24 16:29:27,041 [1] INFO  Photon.SocketServer.Diagnostics.HttpQueuePerformanceCounters - Internal HTTP Queue performance counters successfully created
2016-12-24 16:29:27,047 [1] INFO  Photon.LoadBalancing.GameServer.GameApplication - TokenCreator intialized with an expiration of 02:46:40
2016-12-24 16:29:29,705 [1] WARN  Photon.Common.LoadBalancer.LoadShedding.WorkloadController - Did not find counter Business Logic Queue
2016-12-24 16:29:29,706 [1] WARN  Photon.Common.LoadBalancer.LoadShedding.WorkloadController - Did not find counter ENet Queue
2016-12-24 16:29:29,707 [1] WARN  Photon.Common.LoadBalancer.LoadShedding.WorkloadController - Did not find counter bytes in/sec
2016-12-24 16:29:29,708 [1] WARN  Photon.Common.LoadBalancer.LoadShedding.WorkloadController - Did not find counter bytes out/sec
2016-12-24 16:29:29,710 [1] WARN  Photon.Common.LoadBalancer.LoadShedding.WorkloadController - Did not find counter ENet Threads Processing
2016-12-24 16:29:29,711 [1] WARN  Photon.Common.LoadBalancer.LoadShedding.WorkloadController - Did not find counter ENet Threads Active
2016-12-24 16:29:29,712 [1] WARN  Photon.Common.LoadBalancer.LoadShedding.WorkloadController - Did not find counter Time Spent In Server: In (ms)
2016-12-24 16:29:29,713 [1] WARN  Photon.Common.LoadBalancer.LoadShedding.WorkloadController - Did not find counter Time Spent In Server: Out (ms)
2016-12-24 16:29:29,713 [1] WARN  Photon.Common.LoadBalancer.LoadShedding.WorkloadController - Did not find counter TCP: Disconnected Peers +/sec
2016-12-24 16:29:29,714 [1] WARN  Photon.Common.LoadBalancer.LoadShedding.WorkloadController - Did not find counter TCP: Disconnected Peers (C) +/sec
2016-12-24 16:29:29,715 [1] WARN  Photon.Common.LoadBalancer.LoadShedding.WorkloadController - Did not find counter TCP: Peers
2016-12-24 16:29:29,716 [1] WARN  Photon.Common.LoadBalancer.LoadShedding.WorkloadController - Did not find counter UDP: Disconnected Peers +/sec
2016-12-24 16:29:29,717 [1] WARN  Photon.Common.LoadBalancer.LoadShedding.WorkloadController - Did not find counter UDP: Disconnected Peers (C) +/sec
2016-12-24 16:29:29,718 [1] WARN  Photon.Common.LoadBalancer.LoadShedding.WorkloadController - Did not find counter UDP: Peers
2016-12-24 16:29:29,759 [1] WARN  Photon.Common.LoadBalancer.LoadShedding.FeedbackControlSystem - Could not initialize Feedback Control System from configuration: Invalid configuration file E:\GithubRepositories\OESTS\projects-master\Photon-OnPremise-Server-SDK_v4-0-29-11263\deploy\Workload.config. Using default settings... (未能找到文件“E:\GithubRepositories\OESTS\projects-master\Photon-OnPremise-Server-SDK_v4-0-29-11263\deploy\Workload.config”。)
2016-12-24 16:29:29,767 [1] INFO  Photon.Common.LoadBalancer.ServerStateManager - Watching for application state file in E:\GithubRepositories\OESTS\projects-master\Photon-OnPremise-Server-SDK_v4-0-29-11263\deploy\ServerState.txt
2016-12-24 16:29:29,770 [1] INFO  Photon.Common.LoadBalancer.ServerStateManager - Server state is set to online
2016-12-24 16:29:29,771 [1] INFO  Photon.LoadBalancing.GameServer.GameApplication - Initializing master server connection ...
2016-12-24 16:29:29,853 [1] INFO  Photon.LoadBalancing.GameServer.MasterServerConnectionBase - Connecting to master at 127.0.0.1:4520, serverId=9cf22f6f-782f-455c-b583-3234bc3e3ec8
2016-12-24 16:29:29,876 [1] INFO  Photon.SocketServer.ApplicationBase - Application start: AppId=Game; AppPath=E:\GithubRepositories\OESTS\projects-master\Photon-OnPremise-Server-SDK_v4-0-29-11263\deploy\LoadBalancing\GameServer, Type=Photon.LoadBalancing.GameServer.GameApplication 
2016-12-24 16:29:29,882 [1] INFO  Photon.SocketServer.Diagnostics.CounterPublisher - CounterPublisher started publishing ExitGames.Diagnostics.Monitoring.CounterSamplePublisher to ExitGames.Diagnostics.Monitoring.CounterSampleSender
2016-12-24 16:29:31,382 [13] INFO  Photon.LoadBalancing.GameServer.MasterServerConnectionBase - Master connection established: address:127.0.0.1
2016-12-24 16:29:31,383 [13] INFO  Photon.Common.LoadBalancer.ServerStateManager - Server state is set to online
2016-12-24 16:29:31,387 [13] INFO  Photon.LoadBalancing.GameServer.OutgoingMasterServerPeer - Registering game server with address 127.0.0.1, TCP 4531, UDP 5056, WebSocket 9091, Secure WebSocket 19091, HTTP 80, ServerID 9cf22f6f-782f-455c-b583-3234bc3e3ec8, Hostname localhost, IPv6Address 
2016-12-24 16:29:31,565 [6] INFO  Photon.LoadBalancing.GameServer.OutgoingMasterServerPeer - Successfully registered at master server: serverId=9cf22f6f-782f-455c-b583-3234bc3e3ec8
2016-12-24 17:57:40,154 [1] INFO  Photon.LoadBalancing.GameServer.GameApplication - OnStopRequested: serverid=9cf22f6f-782f-455c-b583-3234bc3e3ec8
2016-12-24 17:57:40,378 [1] INFO  Photon.SocketServer.ApplicationBase - Application is stopping: AppId=Game
2016-12-24 17:57:40,418 [19] INFO  Photon.LoadBalancing.GameServer.OutgoingMasterServerPeer - connection to master closed (id=2, reason=ManagedDisconnect, detail=), serverId=9cf22f6f-782f-455c-b583-3234bc3e3ec8
2016-12-24 17:57:41,029 [1] INFO  Photon.LoadBalancing.GameServer.GameApplication - TearDown: serverId=9cf22f6f-782f-455c-b583-3234bc3e3ec8
2016-12-24 17:57:41,147 [1] INFO  Photon.SocketServer.ApplicationBase - Application stop: AppId=Game
2016-12-24 17:58:08,125 [1] INFO  Photon.LoadBalancing.GameServer.GameApplication - Setup: serverId=0e40ce4d-7083-4423-bf4f-31e62a1a41a3
2016-12-24 17:58:08,607 [1] INFO  Photon.SocketServer.Diagnostics.HttpQueuePerformanceCounters - HTTP Queue performance counters successfully initialized
2016-12-24 17:58:08,608 [1] INFO  Photon.SocketServer.Diagnostics.HttpQueuePerformanceCounters - Internal HTTP Queue performance counters successfully created
2016-12-24 17:58:08,635 [1] INFO  Photon.LoadBalancing.GameServer.GameApplication - TokenCreator intialized with an expiration of 02:46:40
2016-12-24 17:58:10,290 [1] WARN  Photon.Common.LoadBalancer.LoadShedding.WorkloadController - Did not find counter Business Logic Queue
2016-12-24 17:58:10,290 [1] WARN  Photon.Common.LoadBalancer.LoadShedding.WorkloadController - Did not find counter ENet Queue
2016-12-24 17:58:10,291 [1] WARN  Photon.Common.LoadBalancer.LoadShedding.WorkloadController - Did not find counter bytes in/sec
2016-12-24 17:58:10,292 [1] WARN  Photon.Common.LoadBalancer.LoadShedding.WorkloadController - Did not find counter bytes out/sec
2016-12-24 17:58:10,293 [1] WARN  Photon.Common.LoadBalancer.LoadShedding.WorkloadController - Did not find counter ENet Threads Processing
2016-12-24 17:58:10,293 [1] WARN  Photon.Common.LoadBalancer.LoadShedding.WorkloadController - Did not find counter ENet Threads Active
2016-12-24 17:58:10,294 [1] WARN  Photon.Common.LoadBalancer.LoadShedding.WorkloadController - Did not find counter Time Spent In Server: In (ms)
2016-12-24 17:58:10,294 [1] WARN  Photon.Common.LoadBalancer.LoadShedding.WorkloadController - Did not find counter Time Spent In Server: Out (ms)
2016-12-24 17:58:10,295 [1] WARN  Photon.Common.LoadBalancer.LoadShedding.WorkloadController - Did not find counter TCP: Disconnected Peers +/sec
2016-12-24 17:58:10,296 [1] WARN  Photon.Common.LoadBalancer.LoadShedding.WorkloadController - Did not find counter TCP: Disconnected Peers (C) +/sec
2016-12-24 17:58:10,296 [1] WARN  Photon.Common.LoadBalancer.LoadShedding.WorkloadController - Did not find counter TCP: Peers
2016-12-24 17:58:10,297 [1] WARN  Photon.Common.LoadBalancer.LoadShedding.WorkloadController - Did not find counter UDP: Disconnected Peers +/sec
2016-12-24 17:58:10,297 [1] WARN  Photon.Common.LoadBalancer.LoadShedding.WorkloadController - Did not find counter UDP: Disconnected Peers (C) +/sec
2016-12-24 17:58:10,298 [1] WARN  Photon.Common.LoadBalancer.LoadShedding.WorkloadController - Did not find counter UDP: Peers
2016-12-24 17:58:10,331 [1] WARN  Photon.Common.LoadBalancer.LoadShedding.FeedbackControlSystem - Could not initialize Feedback Control System from configuration: Invalid configuration file E:\GithubRepositories\OESTS\projects-master\Photon-OnPremise-Server-SDK_v4-0-29-11263\deploy\Workload.config. Using default settings... (未能找到文件“E:\GithubRepositories\OESTS\projects-master\Photon-OnPremise-Server-SDK_v4-0-29-11263\deploy\Workload.config”。)
2016-12-24 17:58:10,339 [1] INFO  Photon.Common.LoadBalancer.ServerStateManager - Watching for application state file in E:\GithubRepositories\OESTS\projects-master\Photon-OnPremise-Server-SDK_v4-0-29-11263\deploy\ServerState.txt
2016-12-24 17:58:10,366 [1] INFO  Photon.Common.LoadBalancer.ServerStateManager - Server state is set to online
2016-12-24 17:58:10,367 [1] INFO  Photon.LoadBalancing.GameServer.GameApplication - Initializing master server connection ...
2016-12-24 17:58:10,613 [1] INFO  Photon.LoadBalancing.GameServer.MasterServerConnectionBase - Connecting to master at 127.0.0.1:4520, serverId=0e40ce4d-7083-4423-bf4f-31e62a1a41a3
2016-12-24 17:58:10,653 [1] INFO  Photon.SocketServer.ApplicationBase - Application start: AppId=Game; AppPath=E:\GithubRepositories\OESTS\projects-master\Photon-OnPremise-Server-SDK_v4-0-29-11263\deploy\LoadBalancing\GameServer, Type=Photon.LoadBalancing.GameServer.GameApplication 
2016-12-24 17:58:10,660 [1] INFO  Photon.SocketServer.Diagnostics.CounterPublisher - CounterPublisher started publishing ExitGames.Diagnostics.Monitoring.CounterSamplePublisher to ExitGames.Diagnostics.Monitoring.CounterSampleSender
2016-12-24 17:58:12,882 [12] INFO  Photon.LoadBalancing.GameServer.MasterServerConnectionBase - Master connection established: address:127.0.0.1
2016-12-24 17:58:12,883 [12] INFO  Photon.Common.LoadBalancer.ServerStateManager - Server state is set to online
2016-12-24 17:58:12,892 [12] INFO  Photon.LoadBalancing.GameServer.OutgoingMasterServerPeer - Registering game server with address 127.0.0.1, TCP 4531, UDP 5056, WebSocket 9091, Secure WebSocket 19091, HTTP 80, ServerID 0e40ce4d-7083-4423-bf4f-31e62a1a41a3, Hostname localhost, IPv6Address 
2016-12-24 17:58:13,061 [13] INFO  Photon.LoadBalancing.GameServer.OutgoingMasterServerPeer - Successfully registered at master server: serverId=0e40ce4d-7083-4423-bf4f-31e62a1a41a3
2016-12-24 18:05:22,482 [1] INFO  Photon.LoadBalancing.GameServer.GameApplication - OnStopRequested: serverid=0e40ce4d-7083-4423-bf4f-31e62a1a41a3
2016-12-24 18:05:22,495 [1] INFO  Photon.SocketServer.ApplicationBase - Application is stopping: AppId=Game
2016-12-24 18:05:22,514 [19] INFO  Photon.LoadBalancing.GameServer.OutgoingMasterServerPeer - connection to master closed (id=2, reason=ManagedDisconnect, detail=), serverId=0e40ce4d-7083-4423-bf4f-31e62a1a41a3
2016-12-24 18:05:22,550 [1] INFO  Photon.LoadBalancing.GameServer.GameApplication - TearDown: serverId=0e40ce4d-7083-4423-bf4f-31e62a1a41a3
2016-12-24 18:05:22,551 [1] INFO  Photon.SocketServer.ApplicationBase - Application stop: AppId=Game
2016-12-24 18:05:40,392 [1] INFO  Photon.LoadBalancing.GameServer.GameApplication - Setup: serverId=cade0f57-72e3-468a-a5bc-1e95994e51f5
2016-12-24 18:05:41,761 [1] INFO  Photon.SocketServer.Diagnostics.HttpQueuePerformanceCounters - HTTP Queue performance counters successfully initialized
2016-12-24 18:05:41,762 [1] INFO  Photon.SocketServer.Diagnostics.HttpQueuePerformanceCounters - Internal HTTP Queue performance counters successfully created
2016-12-24 18:05:41,768 [1] INFO  Photon.LoadBalancing.GameServer.GameApplication - TokenCreator intialized with an expiration of 02:46:40
2016-12-24 18:05:44,350 [1] WARN  Photon.Common.LoadBalancer.LoadShedding.WorkloadController - Did not find counter Business Logic Queue
2016-12-24 18:05:44,352 [1] WARN  Photon.Common.LoadBalancer.LoadShedding.WorkloadController - Did not find counter ENet Queue
2016-12-24 18:05:44,353 [1] WARN  Photon.Common.LoadBalancer.LoadShedding.WorkloadController - Did not find counter bytes in/sec
2016-12-24 18:05:44,354 [1] WARN  Photon.Common.LoadBalancer.LoadShedding.WorkloadController - Did not find counter bytes out/sec
2016-12-24 18:05:44,354 [1] WARN  Photon.Common.LoadBalancer.LoadShedding.WorkloadController - Did not find counter ENet Threads Processing
2016-12-24 18:05:44,355 [1] WARN  Photon.Common.LoadBalancer.LoadShedding.WorkloadController - Did not find counter ENet Threads Active
2016-12-24 18:05:44,356 [1] WARN  Photon.Common.LoadBalancer.LoadShedding.WorkloadController - Did not find counter Time Spent In Server: In (ms)
2016-12-24 18:05:44,357 [1] WARN  Photon.Common.LoadBalancer.LoadShedding.WorkloadController - Did not find counter Time Spent In Server: Out (ms)
2016-12-24 18:05:44,359 [1] WARN  Photon.Common.LoadBalancer.LoadShedding.WorkloadController - Did not find counter TCP: Disconnected Peers +/sec
2016-12-24 18:05:44,359 [1] WARN  Photon.Common.LoadBalancer.LoadShedding.WorkloadController - Did not find counter TCP: Disconnected Peers (C) +/sec
2016-12-24 18:05:44,360 [1] WARN  Photon.Common.LoadBalancer.LoadShedding.WorkloadController - Did not find counter TCP: Peers
2016-12-24 18:05:44,361 [1] WARN  Photon.Common.LoadBalancer.LoadShedding.WorkloadController - Did not find counter UDP: Disconnected Peers +/sec
2016-12-24 18:05:44,362 [1] WARN  Photon.Common.LoadBalancer.LoadShedding.WorkloadController - Did not find counter UDP: Disconnected Peers (C) +/sec
2016-12-24 18:05:44,363 [1] WARN  Photon.Common.LoadBalancer.LoadShedding.WorkloadController - Did not find counter UDP: Peers
2016-12-24 18:05:44,374 [1] WARN  Photon.Common.LoadBalancer.LoadShedding.FeedbackControlSystem - Could not initialize Feedback Control System from configuration: Invalid configuration file E:\GithubRepositories\OESTS\projects-master\Photon-OnPremise-Server-SDK_v4-0-29-11263\deploy\Workload.config. Using default settings... (未能找到文件“E:\GithubRepositories\OESTS\projects-master\Photon-OnPremise-Server-SDK_v4-0-29-11263\deploy\Workload.config”。)
2016-12-24 18:05:44,382 [1] INFO  Photon.Common.LoadBalancer.ServerStateManager - Watching for application state file in E:\GithubRepositories\OESTS\projects-master\Photon-OnPremise-Server-SDK_v4-0-29-11263\deploy\ServerState.txt
2016-12-24 18:05:44,385 [1] INFO  Photon.Common.LoadBalancer.ServerStateManager - Server state is set to online
2016-12-24 18:05:44,386 [1] INFO  Photon.LoadBalancing.GameServer.GameApplication - Initializing master server connection ...
2016-12-24 18:05:44,458 [1] INFO  Photon.LoadBalancing.GameServer.MasterServerConnectionBase - Connecting to master at 127.0.0.1:4520, serverId=cade0f57-72e3-468a-a5bc-1e95994e51f5
2016-12-24 18:05:44,478 [1] INFO  Photon.SocketServer.ApplicationBase - Application start: AppId=Game; AppPath=E:\GithubRepositories\OESTS\projects-master\Photon-OnPremise-Server-SDK_v4-0-29-11263\deploy\LoadBalancing\GameServer, Type=Photon.LoadBalancing.GameServer.GameApplication 
2016-12-24 18:05:44,483 [1] INFO  Photon.SocketServer.Diagnostics.CounterPublisher - CounterPublisher started publishing ExitGames.Diagnostics.Monitoring.CounterSamplePublisher to ExitGames.Diagnostics.Monitoring.CounterSampleSender
2016-12-24 18:05:46,381 [11] INFO  Photon.LoadBalancing.GameServer.MasterServerConnectionBase - Master connection established: address:127.0.0.1
2016-12-24 18:05:46,381 [11] INFO  Photon.Common.LoadBalancer.ServerStateManager - Server state is set to online
2016-12-24 18:05:46,385 [11] INFO  Photon.LoadBalancing.GameServer.OutgoingMasterServerPeer - Registering game server with address 127.0.0.1, TCP 4531, UDP 5056, WebSocket 9091, Secure WebSocket 19091, HTTP 80, ServerID cade0f57-72e3-468a-a5bc-1e95994e51f5, Hostname localhost, IPv6Address 
2016-12-24 18:05:46,475 [11] INFO  Photon.LoadBalancing.GameServer.OutgoingMasterServerPeer - Successfully registered at master server: serverId=cade0f57-72e3-468a-a5bc-1e95994e51f5
2016-12-24 18:15:33,210 [1] INFO  Photon.LoadBalancing.GameServer.GameApplication - OnStopRequested: serverid=cade0f57-72e3-468a-a5bc-1e95994e51f5
2016-12-24 18:15:33,213 [1] INFO  Photon.SocketServer.ApplicationBase - Application is stopping: AppId=Game
2016-12-24 18:15:33,221 [17] INFO  Photon.LoadBalancing.GameServer.OutgoingMasterServerPeer - connection to master closed (id=2, reason=ManagedDisconnect, detail=), serverId=cade0f57-72e3-468a-a5bc-1e95994e51f5
2016-12-24 18:15:33,234 [1] INFO  Photon.LoadBalancing.GameServer.GameApplication - TearDown: serverId=cade0f57-72e3-468a-a5bc-1e95994e51f5
2016-12-24 18:15:33,235 [1] INFO  Photon.SocketServer.ApplicationBase - Application stop: AppId=Game
2016-12-24 18:15:46,967 [1] INFO  Photon.LoadBalancing.GameServer.GameApplication - Setup: serverId=ac9e2a5b-b65f-4d16-9229-83be22260775
2016-12-24 18:15:47,213 [1] INFO  Photon.SocketServer.Diagnostics.HttpQueuePerformanceCounters - HTTP Queue performance counters successfully initialized
2016-12-24 18:15:47,214 [1] INFO  Photon.SocketServer.Diagnostics.HttpQueuePerformanceCounters - Internal HTTP Queue performance counters successfully created
2016-12-24 18:15:47,220 [1] INFO  Photon.LoadBalancing.GameServer.GameApplication - TokenCreator intialized with an expiration of 02:46:40
2016-12-24 18:15:49,676 [1] WARN  Photon.Common.LoadBalancer.LoadShedding.WorkloadController - Did not find counter Business Logic Queue
2016-12-24 18:15:49,677 [1] WARN  Photon.Common.LoadBalancer.LoadShedding.WorkloadController - Did not find counter ENet Queue
2016-12-24 18:15:49,678 [1] WARN  Photon.Common.LoadBalancer.LoadShedding.WorkloadController - Did not find counter bytes in/sec
2016-12-24 18:15:49,678 [1] WARN  Photon.Common.LoadBalancer.LoadShedding.WorkloadController - Did not find counter bytes out/sec
2016-12-24 18:15:49,679 [1] WARN  Photon.Common.LoadBalancer.LoadShedding.WorkloadController - Did not find counter ENet Threads Processing
2016-12-24 18:15:49,680 [1] WARN  Photon.Common.LoadBalancer.LoadShedding.WorkloadController - Did not find counter ENet Threads Active
2016-12-24 18:15:49,680 [1] WARN  Photon.Common.LoadBalancer.LoadShedding.WorkloadController - Did not find counter Time Spent In Server: In (ms)
2016-12-24 18:15:49,681 [1] WARN  Photon.Common.LoadBalancer.LoadShedding.WorkloadController - Did not find counter Time Spent In Server: Out (ms)
2016-12-24 18:15:49,681 [1] WARN  Photon.Common.LoadBalancer.LoadShedding.WorkloadController - Did not find counter TCP: Disconnected Peers +/sec
2016-12-24 18:15:49,682 [1] WARN  Photon.Common.LoadBalancer.LoadShedding.WorkloadController - Did not find counter TCP: Disconnected Peers (C) +/sec
2016-12-24 18:15:49,682 [1] WARN  Photon.Common.LoadBalancer.LoadShedding.WorkloadController - Did not find counter TCP: Peers
2016-12-24 18:15:49,683 [1] WARN  Photon.Common.LoadBalancer.LoadShedding.WorkloadController - Did not find counter UDP: Disconnected Peers +/sec
2016-12-24 18:15:49,683 [1] WARN  Photon.Common.LoadBalancer.LoadShedding.WorkloadController - Did not find counter UDP: Disconnected Peers (C) +/sec
2016-12-24 18:15:49,684 [1] WARN  Photon.Common.LoadBalancer.LoadShedding.WorkloadController - Did not find counter UDP: Peers
2016-12-24 18:15:49,693 [1] WARN  Photon.Common.LoadBalancer.LoadShedding.FeedbackControlSystem - Could not initialize Feedback Control System from configuration: Invalid configuration file E:\GithubRepositories\OESTS\projects-master\Photon-OnPremise-Server-SDK_v4-0-29-11263\deploy\Workload.config. Using default settings... (未能找到文件“E:\GithubRepositories\OESTS\projects-master\Photon-OnPremise-Server-SDK_v4-0-29-11263\deploy\Workload.config”。)
2016-12-24 18:15:49,700 [1] INFO  Photon.Common.LoadBalancer.ServerStateManager - Watching for application state file in E:\GithubRepositories\OESTS\projects-master\Photon-OnPremise-Server-SDK_v4-0-29-11263\deploy\ServerState.txt
2016-12-24 18:15:49,703 [1] INFO  Photon.Common.LoadBalancer.ServerStateManager - Server state is set to online
2016-12-24 18:15:49,704 [1] INFO  Photon.LoadBalancing.GameServer.GameApplication - Initializing master server connection ...
2016-12-24 18:15:49,968 [1] INFO  Photon.LoadBalancing.GameServer.MasterServerConnectionBase - Connecting to master at 127.0.0.1:4520, serverId=ac9e2a5b-b65f-4d16-9229-83be22260775
2016-12-24 18:15:49,986 [1] INFO  Photon.SocketServer.ApplicationBase - Application start: AppId=Game; AppPath=E:\GithubRepositories\OESTS\projects-master\Photon-OnPremise-Server-SDK_v4-0-29-11263\deploy\LoadBalancing\GameServer, Type=Photon.LoadBalancing.GameServer.GameApplication 
2016-12-24 18:15:49,994 [1] INFO  Photon.SocketServer.Diagnostics.CounterPublisher - CounterPublisher started publishing ExitGames.Diagnostics.Monitoring.CounterSamplePublisher to ExitGames.Diagnostics.Monitoring.CounterSampleSender
2016-12-24 18:15:51,027 [11] INFO  Photon.LoadBalancing.GameServer.MasterServerConnectionBase - Master connection established: address:127.0.0.1
2016-12-24 18:15:51,028 [11] INFO  Photon.Common.LoadBalancer.ServerStateManager - Server state is set to online
2016-12-24 18:15:51,031 [11] INFO  Photon.LoadBalancing.GameServer.OutgoingMasterServerPeer - Registering game server with address 127.0.0.1, TCP 4531, UDP 5056, WebSocket 9091, Secure WebSocket 19091, HTTP 80, ServerID ac9e2a5b-b65f-4d16-9229-83be22260775, Hostname localhost, IPv6Address 
2016-12-24 18:15:51,089 [6] INFO  Photon.LoadBalancing.GameServer.OutgoingMasterServerPeer - Successfully registered at master server: serverId=ac9e2a5b-b65f-4d16-9229-83be22260775
2016-12-24 18:19:04,107 [1] INFO  Photon.LoadBalancing.GameServer.GameApplication - OnStopRequested: serverid=ac9e2a5b-b65f-4d16-9229-83be22260775
2016-12-24 18:19:04,110 [1] INFO  Photon.SocketServer.ApplicationBase - Application is stopping: AppId=Game
2016-12-24 18:19:04,135 [17] INFO  Photon.LoadBalancing.GameServer.OutgoingMasterServerPeer - connection to master closed (id=2, reason=ManagedDisconnect, detail=), serverId=ac9e2a5b-b65f-4d16-9229-83be22260775
2016-12-24 18:19:04,182 [1] INFO  Photon.LoadBalancing.GameServer.GameApplication - TearDown: serverId=ac9e2a5b-b65f-4d16-9229-83be22260775
2016-12-24 18:19:04,183 [1] INFO  Photon.SocketServer.ApplicationBase - Application stop: AppId=Game
2016-12-24 18:19:13,887 [1] INFO  Photon.LoadBalancing.GameServer.GameApplication - Setup: serverId=d05f03bc-1197-4ce6-b75c-22c1b3baccfc
2016-12-24 18:19:15,220 [1] INFO  Photon.SocketServer.Diagnostics.HttpQueuePerformanceCounters - HTTP Queue performance counters successfully initialized
2016-12-24 18:19:15,221 [1] INFO  Photon.SocketServer.Diagnostics.HttpQueuePerformanceCounters - Internal HTTP Queue performance counters successfully created
2016-12-24 18:19:15,227 [1] INFO  Photon.LoadBalancing.GameServer.GameApplication - TokenCreator intialized with an expiration of 02:46:40
2016-12-24 18:19:16,783 [1] WARN  Photon.Common.LoadBalancer.LoadShedding.WorkloadController - Did not find counter Business Logic Queue
2016-12-24 18:19:16,785 [1] WARN  Photon.Common.LoadBalancer.LoadShedding.WorkloadController - Did not find counter ENet Queue
2016-12-24 18:19:16,786 [1] WARN  Photon.Common.LoadBalancer.LoadShedding.WorkloadController - Did not find counter bytes in/sec
2016-12-24 18:19:16,787 [1] WARN  Photon.Common.LoadBalancer.LoadShedding.WorkloadController - Did not find counter bytes out/sec
2016-12-24 18:19:16,788 [1] WARN  Photon.Common.LoadBalancer.LoadShedding.WorkloadController - Did not find counter ENet Threads Processing
2016-12-24 18:19:16,789 [1] WARN  Photon.Common.LoadBalancer.LoadShedding.WorkloadController - Did not find counter ENet Threads Active
2016-12-24 18:19:16,789 [1] WARN  Photon.Common.LoadBalancer.LoadShedding.WorkloadController - Did not find counter Time Spent In Server: In (ms)
2016-12-24 18:19:16,790 [1] WARN  Photon.Common.LoadBalancer.LoadShedding.WorkloadController - Did not find counter Time Spent In Server: Out (ms)
2016-12-24 18:19:16,791 [1] WARN  Photon.Common.LoadBalancer.LoadShedding.WorkloadController - Did not find counter TCP: Disconnected Peers +/sec
2016-12-24 18:19:16,792 [1] WARN  Photon.Common.LoadBalancer.LoadShedding.WorkloadController - Did not find counter TCP: Disconnected Peers (C) +/sec
2016-12-24 18:19:16,793 [1] WARN  Photon.Common.LoadBalancer.LoadShedding.WorkloadController - Did not find counter TCP: Peers
2016-12-24 18:19:16,794 [1] WARN  Photon.Common.LoadBalancer.LoadShedding.WorkloadController - Did not find counter UDP: Disconnected Peers +/sec
2016-12-24 18:19:16,795 [1] WARN  Photon.Common.LoadBalancer.LoadShedding.WorkloadController - Did not find counter UDP: Disconnected Peers (C) +/sec
2016-12-24 18:19:16,796 [1] WARN  Photon.Common.LoadBalancer.LoadShedding.WorkloadController - Did not find counter UDP: Peers
2016-12-24 18:19:16,808 [1] WARN  Photon.Common.LoadBalancer.LoadShedding.FeedbackControlSystem - Could not initialize Feedback Control System from configuration: Invalid configuration file E:\GithubRepositories\OESTS\projects-master\Photon-OnPremise-Server-SDK_v4-0-29-11263\deploy\Workload.config. Using default settings... (未能找到文件“E:\GithubRepositories\OESTS\projects-master\Photon-OnPremise-Server-SDK_v4-0-29-11263\deploy\Workload.config”。)
2016-12-24 18:19:16,821 [1] INFO  Photon.Common.LoadBalancer.ServerStateManager - Watching for application state file in E:\GithubRepositories\OESTS\projects-master\Photon-OnPremise-Server-SDK_v4-0-29-11263\deploy\ServerState.txt
2016-12-24 18:19:16,824 [1] INFO  Photon.Common.LoadBalancer.ServerStateManager - Server state is set to online
2016-12-24 18:19:16,825 [1] INFO  Photon.LoadBalancing.GameServer.GameApplication - Initializing master server connection ...
2016-12-24 18:19:16,864 [1] INFO  Photon.LoadBalancing.GameServer.MasterServerConnectionBase - Connecting to master at 127.0.0.1:4520, serverId=d05f03bc-1197-4ce6-b75c-22c1b3baccfc
2016-12-24 18:19:16,893 [1] INFO  Photon.SocketServer.ApplicationBase - Application start: AppId=Game; AppPath=E:\GithubRepositories\OESTS\projects-master\Photon-OnPremise-Server-SDK_v4-0-29-11263\deploy\LoadBalancing\GameServer, Type=Photon.LoadBalancing.GameServer.GameApplication 
2016-12-24 18:19:16,900 [1] INFO  Photon.SocketServer.Diagnostics.CounterPublisher - CounterPublisher started publishing ExitGames.Diagnostics.Monitoring.CounterSamplePublisher to ExitGames.Diagnostics.Monitoring.CounterSampleSender
2016-12-24 18:19:17,597 [11] INFO  Photon.LoadBalancing.GameServer.MasterServerConnectionBase - Master connection established: address:127.0.0.1
2016-12-24 18:19:17,598 [11] INFO  Photon.Common.LoadBalancer.ServerStateManager - Server state is set to online
2016-12-24 18:19:17,603 [11] INFO  Photon.LoadBalancing.GameServer.OutgoingMasterServerPeer - Registering game server with address 127.0.0.1, TCP 4531, UDP 5056, WebSocket 9091, Secure WebSocket 19091, HTTP 80, ServerID d05f03bc-1197-4ce6-b75c-22c1b3baccfc, Hostname localhost, IPv6Address 
2016-12-24 18:19:17,699 [11] INFO  Photon.LoadBalancing.GameServer.OutgoingMasterServerPeer - Successfully registered at master server: serverId=d05f03bc-1197-4ce6-b75c-22c1b3baccfc
2016-12-25 00:30:49,128 [1] INFO  Photon.LoadBalancing.GameServer.GameApplication - OnStopRequested: serverid=d05f03bc-1197-4ce6-b75c-22c1b3baccfc
2016-12-25 00:30:49,132 [1] INFO  Photon.SocketServer.ApplicationBase - Application is stopping: AppId=Game
2016-12-25 00:30:49,148 [1] INFO  Photon.LoadBalancing.GameServer.GameApplication - TearDown: serverId=d05f03bc-1197-4ce6-b75c-22c1b3baccfc
2016-12-25 00:30:49,154 [4] INFO  Photon.LoadBalancing.GameServer.OutgoingMasterServerPeer - connection to master closed (id=2, reason=ManagedDisconnect, detail=), serverId=d05f03bc-1197-4ce6-b75c-22c1b3baccfc
2016-12-25 00:30:49,208 [1] INFO  Photon.SocketServer.ApplicationBase - Application stop: AppId=Game
2016-12-25 00:31:05,895 [1] INFO  Photon.LoadBalancing.GameServer.GameApplication - Setup: serverId=0908a17e-3da8-4d98-af7e-56d2a3ab9f62
2016-12-25 00:31:07,309 [1] INFO  Photon.SocketServer.Diagnostics.HttpQueuePerformanceCounters - HTTP Queue performance counters successfully initialized
2016-12-25 00:31:07,310 [1] INFO  Photon.SocketServer.Diagnostics.HttpQueuePerformanceCounters - Internal HTTP Queue performance counters successfully created
2016-12-25 00:31:07,317 [1] INFO  Photon.LoadBalancing.GameServer.GameApplication - TokenCreator intialized with an expiration of 02:46:40
2016-12-25 00:31:10,140 [1] WARN  Photon.Common.LoadBalancer.LoadShedding.WorkloadController - Did not find counter Business Logic Queue
2016-12-25 00:31:10,141 [1] WARN  Photon.Common.LoadBalancer.LoadShedding.WorkloadController - Did not find counter ENet Queue
2016-12-25 00:31:10,142 [1] WARN  Photon.Common.LoadBalancer.LoadShedding.WorkloadController - Did not find counter bytes in/sec
2016-12-25 00:31:10,143 [1] WARN  Photon.Common.LoadBalancer.LoadShedding.WorkloadController - Did not find counter bytes out/sec
2016-12-25 00:31:10,144 [1] WARN  Photon.Common.LoadBalancer.LoadShedding.WorkloadController - Did not find counter ENet Threads Processing
2016-12-25 00:31:10,145 [1] WARN  Photon.Common.LoadBalancer.LoadShedding.WorkloadController - Did not find counter ENet Threads Active
2016-12-25 00:31:10,146 [1] WARN  Photon.Common.LoadBalancer.LoadShedding.WorkloadController - Did not find counter Time Spent In Server: In (ms)
2016-12-25 00:31:10,147 [1] WARN  Photon.Common.LoadBalancer.LoadShedding.WorkloadController - Did not find counter Time Spent In Server: Out (ms)
2016-12-25 00:31:10,148 [1] WARN  Photon.Common.LoadBalancer.LoadShedding.WorkloadController - Did not find counter TCP: Disconnected Peers +/sec
2016-12-25 00:31:10,149 [1] WARN  Photon.Common.LoadBalancer.LoadShedding.WorkloadController - Did not find counter TCP: Disconnected Peers (C) +/sec
2016-12-25 00:31:10,150 [1] WARN  Photon.Common.LoadBalancer.LoadShedding.WorkloadController - Did not find counter TCP: Peers
2016-12-25 00:31:10,151 [1] WARN  Photon.Common.LoadBalancer.LoadShedding.WorkloadController - Did not find counter UDP: Disconnected Peers +/sec
2016-12-25 00:31:10,152 [1] WARN  Photon.Common.LoadBalancer.LoadShedding.WorkloadController - Did not find counter UDP: Disconnected Peers (C) +/sec
2016-12-25 00:31:10,153 [1] WARN  Photon.Common.LoadBalancer.LoadShedding.WorkloadController - Did not find counter UDP: Peers
2016-12-25 00:31:10,162 [1] WARN  Photon.Common.LoadBalancer.LoadShedding.FeedbackControlSystem - Could not initialize Feedback Control System from configuration: Invalid configuration file E:\GithubRepositories\OESTS\projects-master\Photon-OnPremise-Server-SDK_v4-0-29-11263\deploy\Workload.config. Using default settings... (未能找到文件“E:\GithubRepositories\OESTS\projects-master\Photon-OnPremise-Server-SDK_v4-0-29-11263\deploy\Workload.config”。)
2016-12-25 00:31:10,172 [1] INFO  Photon.Common.LoadBalancer.ServerStateManager - Watching for application state file in E:\GithubRepositories\OESTS\projects-master\Photon-OnPremise-Server-SDK_v4-0-29-11263\deploy\ServerState.txt
2016-12-25 00:31:10,175 [1] INFO  Photon.Common.LoadBalancer.ServerStateManager - Server state is set to online
2016-12-25 00:31:10,176 [1] INFO  Photon.LoadBalancing.GameServer.GameApplication - Initializing master server connection ...
2016-12-25 00:31:10,252 [1] INFO  Photon.LoadBalancing.GameServer.MasterServerConnectionBase - Connecting to master at 127.0.0.1:4520, serverId=0908a17e-3da8-4d98-af7e-56d2a3ab9f62
2016-12-25 00:31:10,282 [1] INFO  Photon.SocketServer.ApplicationBase - Application start: AppId=Game; AppPath=E:\GithubRepositories\OESTS\projects-master\Photon-OnPremise-Server-SDK_v4-0-29-11263\deploy\LoadBalancing\GameServer, Type=Photon.LoadBalancing.GameServer.GameApplication 
2016-12-25 00:31:10,287 [1] INFO  Photon.SocketServer.Diagnostics.CounterPublisher - CounterPublisher started publishing ExitGames.Diagnostics.Monitoring.CounterSamplePublisher to ExitGames.Diagnostics.Monitoring.CounterSampleSender
2016-12-25 00:31:12,389 [11] INFO  Photon.LoadBalancing.GameServer.MasterServerConnectionBase - Master connection established: address:127.0.0.1
2016-12-25 00:31:12,390 [11] INFO  Photon.Common.LoadBalancer.ServerStateManager - Server state is set to online
2016-12-25 00:31:12,394 [11] INFO  Photon.LoadBalancing.GameServer.OutgoingMasterServerPeer - Registering game server with address 127.0.0.1, TCP 4531, UDP 5056, WebSocket 9091, Secure WebSocket 19091, HTTP 80, ServerID 0908a17e-3da8-4d98-af7e-56d2a3ab9f62, Hostname localhost, IPv6Address 
2016-12-25 00:31:12,471 [12] INFO  Photon.LoadBalancing.GameServer.OutgoingMasterServerPeer - Successfully registered at master server: serverId=0908a17e-3da8-4d98-af7e-56d2a3ab9f62
2016-12-25 00:36:24,200 [4] INFO  Photon.Common.LoadBalancer.LoadShedding.FeedbackController - Transit CpuUsage from Lowest to Low with input 35
2016-12-25 00:36:24,200 [4] INFO  Photon.Common.LoadBalancer.LoadShedding.WorkloadController - FeedbackLevel changed: old=Lowest, new=Low
2016-12-25 00:37:51,402 [4] INFO  Photon.Common.LoadBalancer.LoadShedding.FeedbackController - Transit CpuUsage from Low to Lowest with input 20
2016-12-25 00:37:51,507 [4] INFO  Photon.Common.LoadBalancer.LoadShedding.WorkloadController - FeedbackLevel changed: old=Low, new=Lowest
2016-12-25 09:40:59,331 [1] INFO  Photon.LoadBalancing.GameServer.GameApplication - Setup: serverId=79508ea1-565d-4f83-a0a5-8c6d0ffe2a17
2016-12-25 09:40:59,811 [1] INFO  Photon.SocketServer.Diagnostics.HttpQueuePerformanceCounters - HTTP Queue performance counters successfully initialized
2016-12-25 09:40:59,811 [1] INFO  Photon.SocketServer.Diagnostics.HttpQueuePerformanceCounters - Internal HTTP Queue performance counters successfully created
2016-12-25 09:40:59,817 [1] INFO  Photon.LoadBalancing.GameServer.GameApplication - TokenCreator intialized with an expiration of 02:46:40
2016-12-25 09:41:02,650 [1] WARN  Photon.Common.LoadBalancer.LoadShedding.WorkloadController - Did not find counter Business Logic Queue
2016-12-25 09:41:02,652 [1] WARN  Photon.Common.LoadBalancer.LoadShedding.WorkloadController - Did not find counter ENet Queue
2016-12-25 09:41:02,653 [1] WARN  Photon.Common.LoadBalancer.LoadShedding.WorkloadController - Did not find counter bytes in/sec
2016-12-25 09:41:02,654 [1] WARN  Photon.Common.LoadBalancer.LoadShedding.WorkloadController - Did not find counter bytes out/sec
2016-12-25 09:41:02,656 [1] WARN  Photon.Common.LoadBalancer.LoadShedding.WorkloadController - Did not find counter ENet Threads Processing
2016-12-25 09:41:02,657 [1] WARN  Photon.Common.LoadBalancer.LoadShedding.WorkloadController - Did not find counter ENet Threads Active
2016-12-25 09:41:02,658 [1] WARN  Photon.Common.LoadBalancer.LoadShedding.WorkloadController - Did not find counter Time Spent In Server: In (ms)
2016-12-25 09:41:02,660 [1] WARN  Photon.Common.LoadBalancer.LoadShedding.WorkloadController - Did not find counter Time Spent In Server: Out (ms)
2016-12-25 09:41:02,661 [1] WARN  Photon.Common.LoadBalancer.LoadShedding.WorkloadController - Did not find counter TCP: Disconnected Peers +/sec
2016-12-25 09:41:02,662 [1] WARN  Photon.Common.LoadBalancer.LoadShedding.WorkloadController - Did not find counter TCP: Disconnected Peers (C) +/sec
2016-12-25 09:41:02,663 [1] WARN  Photon.Common.LoadBalancer.LoadShedding.WorkloadController - Did not find counter TCP: Peers
2016-12-25 09:41:02,663 [1] WARN  Photon.Common.LoadBalancer.LoadShedding.WorkloadController - Did not find counter UDP: Disconnected Peers +/sec
2016-12-25 09:41:02,664 [1] WARN  Photon.Common.LoadBalancer.LoadShedding.WorkloadController - Did not find counter UDP: Disconnected Peers (C) +/sec
2016-12-25 09:41:02,665 [1] WARN  Photon.Common.LoadBalancer.LoadShedding.WorkloadController - Did not find counter UDP: Peers
2016-12-25 09:41:02,697 [1] WARN  Photon.Common.LoadBalancer.LoadShedding.FeedbackControlSystem - Could not initialize Feedback Control System from configuration: Invalid configuration file E:\GithubRepositories\OESTS\projects-master\Photon-OnPremise-Server-SDK_v4-0-29-11263\deploy\Workload.config. Using default settings... (未能找到文件“E:\GithubRepositories\OESTS\projects-master\Photon-OnPremise-Server-SDK_v4-0-29-11263\deploy\Workload.config”。)
2016-12-25 09:41:02,705 [1] INFO  Photon.Common.LoadBalancer.ServerStateManager - Watching for application state file in E:\GithubRepositories\OESTS\projects-master\Photon-OnPremise-Server-SDK_v4-0-29-11263\deploy\ServerState.txt
2016-12-25 09:41:02,708 [1] INFO  Photon.Common.LoadBalancer.ServerStateManager - Server state is set to online
2016-12-25 09:41:02,709 [1] INFO  Photon.LoadBalancing.GameServer.GameApplication - Initializing master server connection ...
2016-12-25 09:41:02,964 [1] INFO  Photon.LoadBalancing.GameServer.MasterServerConnectionBase - Connecting to master at 127.0.0.1:4520, serverId=79508ea1-565d-4f83-a0a5-8c6d0ffe2a17
2016-12-25 09:41:02,982 [1] INFO  Photon.SocketServer.ApplicationBase - Application start: AppId=Game; AppPath=E:\GithubRepositories\OESTS\projects-master\Photon-OnPremise-Server-SDK_v4-0-29-11263\deploy\LoadBalancing\GameServer, Type=Photon.LoadBalancing.GameServer.GameApplication 
2016-12-25 09:41:02,988 [1] INFO  Photon.SocketServer.Diagnostics.CounterPublisher - CounterPublisher started publishing ExitGames.Diagnostics.Monitoring.CounterSamplePublisher to ExitGames.Diagnostics.Monitoring.CounterSampleSender
2016-12-25 09:41:05,697 [12] INFO  Photon.LoadBalancing.GameServer.MasterServerConnectionBase - Master connection established: address:127.0.0.1
2016-12-25 09:41:05,697 [12] INFO  Photon.Common.LoadBalancer.ServerStateManager - Server state is set to online
2016-12-25 09:41:05,701 [12] INFO  Photon.LoadBalancing.GameServer.OutgoingMasterServerPeer - Registering game server with address 127.0.0.1, TCP 4531, UDP 5056, WebSocket 9091, Secure WebSocket 19091, HTTP 80, ServerID 79508ea1-565d-4f83-a0a5-8c6d0ffe2a17, Hostname localhost, IPv6Address 
2016-12-25 09:41:05,835 [11] INFO  Photon.LoadBalancing.GameServer.OutgoingMasterServerPeer - Successfully registered at master server: serverId=79508ea1-565d-4f83-a0a5-8c6d0ffe2a17
