2016-12-22 10:14:04,957 [1] INFO  Photon.LoadBalancing.MasterServer.MasterApplication - TokenCreator intialized with an expiration of 02:46:40
2016-12-22 10:14:06,292 [1] INFO  Photon.SocketServer.Diagnostics.HttpQueuePerformanceCounters - HTTP Queue performance counters successfully initialized
2016-12-22 10:14:06,293 [1] INFO  Photon.SocketServer.Diagnostics.HttpQueuePerformanceCounters - Internal HTTP Queue performance counters successfully created
2016-12-22 10:14:06,294 [1] INFO  Photon.Common.Authentication.Diagnostic.CustomAuthResultCounters - Start to initialize Photon: Custom Authentication Results performance counters
2016-12-22 10:14:08,001 [1] INFO  Photon.SocketServer.Diagnostics.PerfCounterManagerBase - PerformanceCounter category 'Photon: Custom Authentication Results' does not exists and will be created
2016-12-22 10:14:08,145 [1] INFO  Photon.Common.Authentication.Diagnostic.CustomAuthResultCounters - Photon: Custom Authentication Results performance counters successfully initialized
2016-12-22 10:14:08,222 [1] WARN  Photon.Common.LoadBalancer.LoadBalancer`1 - Could not initialize LoadBalancer from configuration: Invalid configuration file F:\GitHub\WorkRepository\Photon-OnPremise-Server-SDK_v4-0-29-11263\deploy\LoadBalancer.config. Using default settings... (未能找到文件“F:\GitHub\WorkRepository\Photon-OnPremise-Server-SDK_v4-0-29-11263\deploy\LoadBalancer.config”。)
2016-12-22 10:14:08,322 [1] INFO  Photon.LoadBalancing.MasterServer.GameApplication - TokenCreator intialized with an expiration of 02:46:40
2016-12-22 10:14:08,475 [1] INFO  Photon.LoadBalancing.MasterServer.GameApplication - Application {Default}/{Default} starts without Redis
2016-12-22 10:14:08,504 [1] INFO  Photon.LoadBalancing.Common.NodesReader - Import nodes
2016-12-22 10:14:08,505 [1] WARN  Photon.LoadBalancing.Common.NodesReader - F:\GitHub\WorkRepository\Photon-OnPremise-Server-SDK_v4-0-29-11263\deploy\Nodes.txt does not exist, CurrentNodeId = 0
2016-12-22 10:14:08,505 [1] INFO  Photon.LoadBalancing.Common.NodesReader - Watching F:\GitHub\WorkRepository\Photon-OnPremise-Server-SDK_v4-0-29-11263\deploy\Nodes.txt
2016-12-22 10:14:08,506 [1] INFO  Photon.LoadBalancing.MasterServer.MasterApplication - Current Node (nodeId=0) is the active master (leader)
2016-12-22 10:14:08,506 [1] INFO  Photon.SocketServer.ApplicationBase - Application start: AppId=Master; AppPath=F:\GitHub\WorkRepository\Photon-OnPremise-Server-SDK_v4-0-29-11263\deploy\LoadBalancing\Master, Type=Photon.LoadBalancing.MasterServer.MasterApplication 
2016-12-22 10:14:08,528 [1] INFO  Photon.SocketServer.Diagnostics.CounterPublisher - CounterPublisher started publishing ExitGames.Diagnostics.Monitoring.CounterSamplePublisher to ExitGames.Diagnostics.Monitoring.CounterSampleSender
2016-12-22 10:14:08,575 [13] INFO  Photon.LoadBalancing.MasterServer.GameServer.IncomingGameServerPeer - game server connection from 127.0.0.1:55402 established (id=2)
2016-12-22 10:14:08,686 [7] WARN  Photon.LoadBalancing.Common.NodesReader - Internal address for node 0 unknown; using loop back
2016-12-22 10:14:08,686 [7] INFO  Photon.LoadBalancing.Common.NodesReader - Node added: 0 = 127.0.0.1
2016-12-22 10:28:30,987 [1] INFO  Photon.SocketServer.ApplicationBase - Application is stopping: AppId=Master
2016-12-22 10:28:30,992 [17] INFO  Photon.LoadBalancing.MasterServer.GameServer.IncomingGameServerPeer - OnDisconnect: game server connection closed (connectionId=2, serverId=fbaeb077-e93b-4bdc-a7f0-572d79bb1edb, reason=ManagedDisconnect)
2016-12-22 10:28:31,023 [1] INFO  Photon.SocketServer.ApplicationBase - Application stop: AppId=Master
2016-12-22 10:29:25,015 [1] INFO  Photon.LoadBalancing.MasterServer.MasterApplication - TokenCreator intialized with an expiration of 02:46:40
2016-12-22 10:29:26,458 [1] INFO  Photon.SocketServer.Diagnostics.HttpQueuePerformanceCounters - HTTP Queue performance counters successfully initialized
2016-12-22 10:29:26,458 [1] INFO  Photon.SocketServer.Diagnostics.HttpQueuePerformanceCounters - Internal HTTP Queue performance counters successfully created
2016-12-22 10:29:26,460 [1] INFO  Photon.Common.Authentication.Diagnostic.CustomAuthResultCounters - Start to initialize Photon: Custom Authentication Results performance counters
2016-12-22 10:29:26,462 [1] INFO  Photon.Common.Authentication.Diagnostic.CustomAuthResultCounters - Photon: Custom Authentication Results performance counters successfully initialized
2016-12-22 10:29:26,468 [1] WARN  Photon.Common.LoadBalancer.LoadBalancer`1 - Could not initialize LoadBalancer from configuration: Invalid configuration file F:\GitHub\WorkRepository\Photon-OnPremise-Server-SDK_v4-0-29-11263\deploy\LoadBalancer.config. Using default settings... (未能找到文件“F:\GitHub\WorkRepository\Photon-OnPremise-Server-SDK_v4-0-29-11263\deploy\LoadBalancer.config”。)
2016-12-22 10:29:26,514 [1] INFO  Photon.LoadBalancing.MasterServer.GameApplication - TokenCreator intialized with an expiration of 02:46:40
2016-12-22 10:29:26,558 [1] INFO  Photon.LoadBalancing.MasterServer.GameApplication - Application {Default}/{Default} starts without Redis
2016-12-22 10:29:26,586 [1] INFO  Photon.LoadBalancing.Common.NodesReader - Import nodes
2016-12-22 10:29:26,586 [1] WARN  Photon.LoadBalancing.Common.NodesReader - F:\GitHub\WorkRepository\Photon-OnPremise-Server-SDK_v4-0-29-11263\deploy\Nodes.txt does not exist, CurrentNodeId = 0
2016-12-22 10:29:26,587 [1] INFO  Photon.LoadBalancing.Common.NodesReader - Watching F:\GitHub\WorkRepository\Photon-OnPremise-Server-SDK_v4-0-29-11263\deploy\Nodes.txt
2016-12-22 10:29:26,587 [1] INFO  Photon.LoadBalancing.MasterServer.MasterApplication - Current Node (nodeId=0) is the active master (leader)
2016-12-22 10:29:26,587 [1] INFO  Photon.SocketServer.ApplicationBase - Application start: AppId=Master; AppPath=F:\GitHub\WorkRepository\Photon-OnPremise-Server-SDK_v4-0-29-11263\deploy\LoadBalancing\Master, Type=Photon.LoadBalancing.MasterServer.MasterApplication 
2016-12-22 10:29:26,608 [1] INFO  Photon.SocketServer.Diagnostics.CounterPublisher - CounterPublisher started publishing ExitGames.Diagnostics.Monitoring.CounterSamplePublisher to ExitGames.Diagnostics.Monitoring.CounterSampleSender
2016-12-22 10:29:26,636 [11] INFO  Photon.LoadBalancing.MasterServer.GameServer.IncomingGameServerPeer - game server connection from 127.0.0.1:55863 established (id=2)
2016-12-22 10:29:26,709 [12] WARN  Photon.LoadBalancing.Common.NodesReader - Internal address for node 0 unknown; using loop back
2016-12-22 10:29:26,709 [12] INFO  Photon.LoadBalancing.Common.NodesReader - Node added: 0 = 127.0.0.1
2016-12-22 11:09:05,398 [1] INFO  Photon.SocketServer.ApplicationBase - Application is stopping: AppId=Master
2016-12-22 11:09:05,402 [22] INFO  Photon.LoadBalancing.MasterServer.GameServer.IncomingGameServerPeer - OnDisconnect: game server connection closed (connectionId=2, serverId=ffbd6441-18be-433f-9d0d-16fe9883cf43, reason=ManagedDisconnect)
2016-12-22 11:09:05,423 [1] INFO  Photon.SocketServer.ApplicationBase - Application stop: AppId=Master
2016-12-22 11:09:36,446 [1] INFO  Photon.LoadBalancing.MasterServer.MasterApplication - TokenCreator intialized with an expiration of 02:46:40
2016-12-22 11:09:37,922 [1] INFO  Photon.SocketServer.Diagnostics.HttpQueuePerformanceCounters - HTTP Queue performance counters successfully initialized
2016-12-22 11:09:37,923 [1] INFO  Photon.SocketServer.Diagnostics.HttpQueuePerformanceCounters - Internal HTTP Queue performance counters successfully created
2016-12-22 11:09:37,924 [1] INFO  Photon.Common.Authentication.Diagnostic.CustomAuthResultCounters - Start to initialize Photon: Custom Authentication Results performance counters
2016-12-22 11:09:37,926 [1] INFO  Photon.Common.Authentication.Diagnostic.CustomAuthResultCounters - Photon: Custom Authentication Results performance counters successfully initialized
2016-12-22 11:09:37,933 [1] WARN  Photon.Common.LoadBalancer.LoadBalancer`1 - Could not initialize LoadBalancer from configuration: Invalid configuration file F:\GitHub\WorkRepository\Photon-OnPremise-Server-SDK_v4-0-29-11263\deploy\LoadBalancer.config. Using default settings... (未能找到文件“F:\GitHub\WorkRepository\Photon-OnPremise-Server-SDK_v4-0-29-11263\deploy\LoadBalancer.config”。)
2016-12-22 11:09:38,173 [1] INFO  Photon.LoadBalancing.MasterServer.GameApplication - TokenCreator intialized with an expiration of 02:46:40
2016-12-22 11:09:38,313 [1] INFO  Photon.LoadBalancing.MasterServer.GameApplication - Application {Default}/{Default} starts without Redis
2016-12-22 11:09:38,342 [1] INFO  Photon.LoadBalancing.Common.NodesReader - Import nodes
2016-12-22 11:09:38,343 [1] WARN  Photon.LoadBalancing.Common.NodesReader - F:\GitHub\WorkRepository\Photon-OnPremise-Server-SDK_v4-0-29-11263\deploy\Nodes.txt does not exist, CurrentNodeId = 0
2016-12-22 11:09:38,343 [1] INFO  Photon.LoadBalancing.Common.NodesReader - Watching F:\GitHub\WorkRepository\Photon-OnPremise-Server-SDK_v4-0-29-11263\deploy\Nodes.txt
2016-12-22 11:09:38,344 [1] INFO  Photon.LoadBalancing.MasterServer.MasterApplication - Current Node (nodeId=0) is the active master (leader)
2016-12-22 11:09:38,344 [1] INFO  Photon.SocketServer.ApplicationBase - Application start: AppId=Master; AppPath=F:\GitHub\WorkRepository\Photon-OnPremise-Server-SDK_v4-0-29-11263\deploy\LoadBalancing\Master, Type=Photon.LoadBalancing.MasterServer.MasterApplication 
2016-12-22 11:09:38,366 [1] INFO  Photon.SocketServer.Diagnostics.CounterPublisher - CounterPublisher started publishing ExitGames.Diagnostics.Monitoring.CounterSamplePublisher to ExitGames.Diagnostics.Monitoring.CounterSampleSender
2016-12-22 11:09:38,395 [12] INFO  Photon.LoadBalancing.MasterServer.GameServer.IncomingGameServerPeer - game server connection from 127.0.0.1:57120 established (id=2)
2016-12-22 11:09:38,465 [14] WARN  Photon.LoadBalancing.Common.NodesReader - Internal address for node 0 unknown; using loop back
2016-12-22 11:09:38,465 [14] INFO  Photon.LoadBalancing.Common.NodesReader - Node added: 0 = 127.0.0.1
2016-12-22 16:23:18,369 [1] INFO  Photon.SocketServer.ApplicationBase - Application is stopping: AppId=Master
2016-12-22 16:23:18,370 [19] INFO  Photon.LoadBalancing.MasterServer.GameServer.IncomingGameServerPeer - OnDisconnect: game server connection closed (connectionId=2, serverId=766db159-9797-4ea9-9169-3a8acc4204bc, reason=ManagedDisconnect)
2016-12-22 16:23:18,551 [1] INFO  Photon.SocketServer.ApplicationBase - Application stop: AppId=Master
2016-12-22 16:23:37,536 [1] INFO  Photon.LoadBalancing.MasterServer.MasterApplication - TokenCreator intialized with an expiration of 02:46:40
2016-12-22 16:23:38,997 [1] INFO  Photon.SocketServer.Diagnostics.HttpQueuePerformanceCounters - HTTP Queue performance counters successfully initialized
2016-12-22 16:23:38,998 [1] INFO  Photon.SocketServer.Diagnostics.HttpQueuePerformanceCounters - Internal HTTP Queue performance counters successfully created
2016-12-22 16:23:38,999 [1] INFO  Photon.Common.Authentication.Diagnostic.CustomAuthResultCounters - Start to initialize Photon: Custom Authentication Results performance counters
2016-12-22 16:23:39,001 [1] INFO  Photon.Common.Authentication.Diagnostic.CustomAuthResultCounters - Photon: Custom Authentication Results performance counters successfully initialized
2016-12-22 16:23:39,007 [1] WARN  Photon.Common.LoadBalancer.LoadBalancer`1 - Could not initialize LoadBalancer from configuration: Invalid configuration file F:\GitHub\WorkRepository\Photon-OnPremise-Server-SDK_v4-0-29-11263\deploy\LoadBalancer.config. Using default settings... (未能找到文件“F:\GitHub\WorkRepository\Photon-OnPremise-Server-SDK_v4-0-29-11263\deploy\LoadBalancer.config”。)
2016-12-22 16:23:39,106 [1] INFO  Photon.LoadBalancing.MasterServer.GameApplication - TokenCreator intialized with an expiration of 02:46:40
2016-12-22 16:23:39,258 [1] INFO  Photon.LoadBalancing.MasterServer.GameApplication - Application {Default}/{Default} starts without Redis
2016-12-22 16:23:39,278 [1] INFO  Photon.LoadBalancing.Common.NodesReader - Import nodes
2016-12-22 16:23:39,278 [1] WARN  Photon.LoadBalancing.Common.NodesReader - F:\GitHub\WorkRepository\Photon-OnPremise-Server-SDK_v4-0-29-11263\deploy\Nodes.txt does not exist, CurrentNodeId = 0
2016-12-22 16:23:39,278 [1] INFO  Photon.LoadBalancing.Common.NodesReader - Watching F:\GitHub\WorkRepository\Photon-OnPremise-Server-SDK_v4-0-29-11263\deploy\Nodes.txt
2016-12-22 16:23:39,288 [1] INFO  Photon.LoadBalancing.MasterServer.MasterApplication - Current Node (nodeId=0) is the active master (leader)
2016-12-22 16:23:39,288 [1] INFO  Photon.SocketServer.ApplicationBase - Application start: AppId=Master; AppPath=F:\GitHub\WorkRepository\Photon-OnPremise-Server-SDK_v4-0-29-11263\deploy\LoadBalancing\Master, Type=Photon.LoadBalancing.MasterServer.MasterApplication 
2016-12-22 16:23:39,312 [1] INFO  Photon.SocketServer.Diagnostics.CounterPublisher - CounterPublisher started publishing ExitGames.Diagnostics.Monitoring.CounterSamplePublisher to ExitGames.Diagnostics.Monitoring.CounterSampleSender
2016-12-22 16:23:39,341 [7] INFO  Photon.LoadBalancing.MasterServer.GameServer.IncomingGameServerPeer - game server connection from 127.0.0.1:49722 established (id=2)
2016-12-22 16:23:39,448 [12] WARN  Photon.LoadBalancing.Common.NodesReader - Internal address for node 0 unknown; using loop back
2016-12-22 16:23:39,448 [12] INFO  Photon.LoadBalancing.Common.NodesReader - Node added: 0 = 127.0.0.1
2016-12-23 08:59:25,120 [1] INFO  Photon.LoadBalancing.MasterServer.MasterApplication - TokenCreator intialized with an expiration of 02:46:40
2016-12-23 08:59:25,530 [1] INFO  Photon.SocketServer.Diagnostics.HttpQueuePerformanceCounters - HTTP Queue performance counters successfully initialized
2016-12-23 08:59:25,530 [1] INFO  Photon.SocketServer.Diagnostics.HttpQueuePerformanceCounters - Internal HTTP Queue performance counters successfully created
2016-12-23 08:59:25,530 [1] INFO  Photon.Common.Authentication.Diagnostic.CustomAuthResultCounters - Start to initialize Photon: Custom Authentication Results performance counters
2016-12-23 08:59:25,530 [1] INFO  Photon.Common.Authentication.Diagnostic.CustomAuthResultCounters - Photon: Custom Authentication Results performance counters successfully initialized
2016-12-23 08:59:25,540 [1] WARN  Photon.Common.LoadBalancer.LoadBalancer`1 - Could not initialize LoadBalancer from configuration: Invalid configuration file F:\GitHub\WorkRepository\Photon-OnPremise-Server-SDK_v4-0-29-11263\deploy\LoadBalancer.config. Using default settings... (未能找到文件“F:\GitHub\WorkRepository\Photon-OnPremise-Server-SDK_v4-0-29-11263\deploy\LoadBalancer.config”。)
2016-12-23 08:59:25,680 [1] INFO  Photon.LoadBalancing.MasterServer.GameApplication - TokenCreator intialized with an expiration of 02:46:40
2016-12-23 08:59:25,900 [1] INFO  Photon.LoadBalancing.MasterServer.GameApplication - Application {Default}/{Default} starts without Redis
2016-12-23 08:59:25,930 [1] INFO  Photon.LoadBalancing.Common.NodesReader - Import nodes
2016-12-23 08:59:25,930 [1] WARN  Photon.LoadBalancing.Common.NodesReader - F:\GitHub\WorkRepository\Photon-OnPremise-Server-SDK_v4-0-29-11263\deploy\Nodes.txt does not exist, CurrentNodeId = 0
2016-12-23 08:59:25,930 [1] INFO  Photon.LoadBalancing.Common.NodesReader - Watching F:\GitHub\WorkRepository\Photon-OnPremise-Server-SDK_v4-0-29-11263\deploy\Nodes.txt
2016-12-23 08:59:25,930 [1] INFO  Photon.LoadBalancing.MasterServer.MasterApplication - Current Node (nodeId=0) is the active master (leader)
2016-12-23 08:59:25,930 [1] INFO  Photon.SocketServer.ApplicationBase - Application start: AppId=Master; AppPath=F:\GitHub\WorkRepository\Photon-OnPremise-Server-SDK_v4-0-29-11263\deploy\LoadBalancing\Master, Type=Photon.LoadBalancing.MasterServer.MasterApplication 
2016-12-23 08:59:25,950 [1] INFO  Photon.SocketServer.Diagnostics.CounterPublisher - CounterPublisher started publishing ExitGames.Diagnostics.Monitoring.CounterSamplePublisher to ExitGames.Diagnostics.Monitoring.CounterSampleSender
2016-12-23 08:59:26,010 [12] INFO  Photon.LoadBalancing.MasterServer.GameServer.IncomingGameServerPeer - game server connection from 127.0.0.1:49829 established (id=2)
2016-12-23 08:59:26,130 [13] WARN  Photon.LoadBalancing.Common.NodesReader - Internal address for node 0 unknown; using loop back
2016-12-23 08:59:26,130 [13] INFO  Photon.LoadBalancing.Common.NodesReader - Node added: 0 = 127.0.0.1
2016-12-24 16:29:30,168 [1] INFO  Photon.LoadBalancing.MasterServer.MasterApplication - TokenCreator intialized with an expiration of 02:46:40
2016-12-24 16:29:30,460 [1] INFO  Photon.SocketServer.Diagnostics.HttpQueuePerformanceCounters - HTTP Queue performance counters successfully initialized
2016-12-24 16:29:30,461 [1] INFO  Photon.SocketServer.Diagnostics.HttpQueuePerformanceCounters - Internal HTTP Queue performance counters successfully created
2016-12-24 16:29:30,462 [1] INFO  Photon.Common.Authentication.Diagnostic.CustomAuthResultCounters - Start to initialize Photon: Custom Authentication Results performance counters
2016-12-24 16:29:30,464 [1] INFO  Photon.Common.Authentication.Diagnostic.CustomAuthResultCounters - Photon: Custom Authentication Results performance counters successfully initialized
2016-12-24 16:29:30,555 [1] WARN  Photon.Common.LoadBalancer.LoadBalancer`1 - Could not initialize LoadBalancer from configuration: Invalid configuration file E:\GithubRepositories\OESTS\projects-master\Photon-OnPremise-Server-SDK_v4-0-29-11263\deploy\LoadBalancer.config. Using default settings... (未能找到文件“E:\GithubRepositories\OESTS\projects-master\Photon-OnPremise-Server-SDK_v4-0-29-11263\deploy\LoadBalancer.config”。)
2016-12-24 16:29:30,691 [1] INFO  Photon.LoadBalancing.MasterServer.GameApplication - TokenCreator intialized with an expiration of 02:46:40
2016-12-24 16:29:31,148 [1] INFO  Photon.LoadBalancing.MasterServer.GameApplication - Application {Default}/{Default} starts without Redis
2016-12-24 16:29:31,177 [1] INFO  Photon.LoadBalancing.Common.NodesReader - Import nodes
2016-12-24 16:29:31,177 [1] WARN  Photon.LoadBalancing.Common.NodesReader - E:\GithubRepositories\OESTS\projects-master\Photon-OnPremise-Server-SDK_v4-0-29-11263\deploy\Nodes.txt does not exist, CurrentNodeId = 0
2016-12-24 16:29:31,178 [1] INFO  Photon.LoadBalancing.Common.NodesReader - Watching E:\GithubRepositories\OESTS\projects-master\Photon-OnPremise-Server-SDK_v4-0-29-11263\deploy\Nodes.txt
2016-12-24 16:29:31,178 [1] INFO  Photon.LoadBalancing.MasterServer.MasterApplication - Current Node (nodeId=0) is the active master (leader)
2016-12-24 16:29:31,179 [1] INFO  Photon.SocketServer.ApplicationBase - Application start: AppId=Master; AppPath=E:\GithubRepositories\OESTS\projects-master\Photon-OnPremise-Server-SDK_v4-0-29-11263\deploy\LoadBalancing\Master, Type=Photon.LoadBalancing.MasterServer.MasterApplication 
2016-12-24 16:29:31,202 [1] INFO  Photon.SocketServer.Diagnostics.CounterPublisher - CounterPublisher started publishing ExitGames.Diagnostics.Monitoring.CounterSamplePublisher to ExitGames.Diagnostics.Monitoring.CounterSampleSender
2016-12-24 16:29:31,317 [11] INFO  Photon.LoadBalancing.MasterServer.GameServer.IncomingGameServerPeer - game server connection from 127.0.0.1:53448 established (id=2)
2016-12-24 16:29:31,519 [11] WARN  Photon.LoadBalancing.Common.NodesReader - Internal address for node 0 unknown; using loop back
2016-12-24 16:29:31,520 [11] INFO  Photon.LoadBalancing.Common.NodesReader - Node added: 0 = 127.0.0.1
